2024-11-16 11:06:02 [main] INFO  com.my_complex_lab.Commands.LoadDeposit - Завантаження депозитів з файлу...
2024-11-16 11:07:49 [main] INFO  com.my_complex_lab.Commands.LoadDeposit - Завантаження депозитів з файлу...
2024-11-16 11:07:49 [main] ERROR com.my_complex_lab.Commands.LoadDeposit - Файл не знайдено: C:\pp\deposit.txt
java.io.FileNotFoundException: C:\pp\deposit.txt (The system cannot find the file specified)
	at java.io.FileInputStream.open0(Native Method) ~[?:?]
	at java.io.FileInputStream.open(FileInputStream.java:213) ~[?:?]
	at java.io.FileInputStream.<init>(FileInputStream.java:152) ~[?:?]
	at java.util.Scanner.<init>(Scanner.java:662) ~[?:?]
	at com.my_complex_lab.Commands.LoadDeposit.execute(LoadDeposit.java:31) [classes/:?]
	at com.my_complex_lab.Menu.Menu.executeCommand(Menu.java:24) [classes/:?]
	at com.my_complex_lab.Main.main(Main.java:33) [classes/:?]
2024-11-16 11:12:11 [main] INFO  com.my_complex_lab.Commands.LoadDeposit - Завантаження депозитів з файлу...
2024-11-16 11:12:11 [main] ERROR com.my_complex_lab.Commands.LoadDeposit - Файл не знайдено: C:\pp\deposit.txt
java.io.FileNotFoundException: C:\pp\deposit.txt (The system cannot find the file specified)
	at java.io.FileInputStream.open0(Native Method) ~[?:?]
	at java.io.FileInputStream.open(FileInputStream.java:213) ~[?:?]
	at java.io.FileInputStream.<init>(FileInputStream.java:152) ~[?:?]
	at java.util.Scanner.<init>(Scanner.java:662) ~[?:?]
	at com.my_complex_lab.Commands.LoadDeposit.execute(LoadDeposit.java:31) [classes/:?]
	at com.my_complex_lab.Menu.Menu.executeCommand(Menu.java:24) [classes/:?]
	at com.my_complex_lab.Main.main(Main.java:33) [classes/:?]
2024-11-16 11:18:25 [main] INFO  com.my_complex_lab.Commands.LoadDeposit - Завантаження депозитів з файлу...
2024-11-16 11:18:25 [main] ERROR com.my_complex_lab.Commands.LoadDeposit - Файл не знайдено: C:\pp\deposit.txt
java.io.FileNotFoundException: C:\pp\deposit.txt (The system cannot find the file specified)
	at java.io.FileInputStream.open0(Native Method) ~[?:?]
	at java.io.FileInputStream.open(FileInputStream.java:213) ~[?:?]
	at java.io.FileInputStream.<init>(FileInputStream.java:152) ~[?:?]
	at java.util.Scanner.<init>(Scanner.java:662) ~[?:?]
	at com.my_complex_lab.Commands.LoadDeposit.execute(LoadDeposit.java:31) [classes/:?]
	at com.my_complex_lab.Menu.Menu.executeCommand(Menu.java:24) [classes/:?]
	at com.my_complex_lab.Main.main(Main.java:33) [classes/:?]
2024-11-16 11:20:32 [main] INFO  com.my_complex_lab.Commands.LoadDeposit - Завантаження депозитів з файлу...
2024-11-16 11:20:32 [main] ERROR com.my_complex_lab.Commands.LoadDeposit - Файл не знайдено: C:\pp\deposit.txt
java.io.FileNotFoundException: C:\pp\deposit.txt (The system cannot find the file specified)
	at java.io.FileInputStream.open0(Native Method) ~[?:?]
	at java.io.FileInputStream.open(FileInputStream.java:213) ~[?:?]
	at java.io.FileInputStream.<init>(FileInputStream.java:152) ~[?:?]
	at java.util.Scanner.<init>(Scanner.java:662) ~[?:?]
	at com.my_complex_lab.Commands.LoadDeposit.execute(LoadDeposit.java:31) [classes/:?]
	at com.my_complex_lab.Menu.Menu.executeCommand(Menu.java:24) [classes/:?]
	at com.my_complex_lab.Main.main(Main.java:33) [classes/:?]
2024-11-16 11:27:13 [main] INFO  com.my_complex_lab.Commands.LoadDeposit - Завантаження депозитів з файлу...
2024-11-16 11:27:13 [main] ERROR com.my_complex_lab.Commands.LoadDeposit - Файл не знайдено: C:\pp\deposit.txt
java.io.FileNotFoundException: C:\pp\deposit.txt (The system cannot find the file specified)
	at java.io.FileInputStream.open0(Native Method) ~[?:?]
	at java.io.FileInputStream.open(FileInputStream.java:213) ~[?:?]
	at java.io.FileInputStream.<init>(FileInputStream.java:152) ~[?:?]
	at java.util.Scanner.<init>(Scanner.java:662) ~[?:?]
	at com.my_complex_lab.Commands.LoadDeposit.execute(LoadDeposit.java:31) [classes/:?]
	at com.my_complex_lab.Menu.Menu.executeCommand(Menu.java:24) [classes/:?]
	at com.my_complex_lab.Main.main(Main.java:33) [classes/:?]
2024-11-16 11:33:17 [main] INFO  com.my_complex_lab.Commands.LoadDeposit - Завантаження депозитів з файлу...
2024-11-16 11:33:17 [main] ERROR com.my_complex_lab.Commands.LoadDeposit - Файл не знайдено: C:\pp\deposit.txt
java.io.FileNotFoundException: C:\pp\deposit.txt (The system cannot find the file specified)
	at java.io.FileInputStream.open0(Native Method) ~[?:?]
	at java.io.FileInputStream.open(FileInputStream.java:213) ~[?:?]
	at java.io.FileInputStream.<init>(FileInputStream.java:152) ~[?:?]
	at java.util.Scanner.<init>(Scanner.java:662) ~[?:?]
	at com.my_complex_lab.Commands.LoadDeposit.execute(LoadDeposit.java:31) [classes/:?]
	at com.my_complex_lab.Menu.Menu.executeCommand(Menu.java:24) [classes/:?]
	at com.my_complex_lab.Main.main(Main.java:33) [classes/:?]
2024-11-16 14:01:32 [main] INFO  com.my_complex_lab.Commands.LoadDeposit - Завантаження депозитів з файлу...
2024-11-16 14:01:40 [main] INFO  com.my_complex_lab.Commands.FindDeposit - Пошук депозиту....
2024-11-16 14:13:22 [main] INFO  com.my_complex_lab.Commands.LoadDeposit - Завантаження депозитів з файлу...
2024-11-16 14:13:22 [main] INFO  com.my_complex_lab.Commands.LoadDeposit - 
Депозити завантажено успішно!
2024-11-16 14:13:30 [main] INFO  com.my_complex_lab.Commands.ViewAllDeposits - 
Перегляд усіх депозитів...

2024-11-16 23:39:15 [main] INFO  com.my_complex_lab.Commands.ViewAllDeposits - Перегляд усіх депозитів розпочато.
2024-11-16 23:39:15 [main] INFO  com.my_complex_lab.Commands.ViewAllDeposits - Відображено депозит №1: Deposit 1: Bank A, Type U, Balance 1000
2024-11-16 23:39:15 [main] INFO  com.my_complex_lab.Commands.ViewAllDeposits - Відображено депозит №2: Deposit 2: Bank B, Type О, Balance 2000
2024-11-16 23:39:15 [main] INFO  com.my_complex_lab.Commands.ViewAllDeposits - Перегляд усіх депозитів завершено.
2024-11-16 23:39:15 [main] INFO  com.my_complex_lab.Commands.ReplenishDeposit - Початок процесу поповнення депозиту.
2024-11-16 23:39:15 [main] INFO  com.my_complex_lab.Commands.ReplenishDeposit - Депозит з ID 1 знайдено.
2024-11-16 23:39:15 [main] INFO  com.my_complex_lab.Commands.ReplenishDeposit - Депозит з ID 1 успішно поповнено на суму 500.
2024-11-16 23:39:15 [main] INFO  com.my_complex_lab.Commands.ReplenishDeposit - Завершення процесу поповнення депозиту.
2024-11-16 23:39:15 [main] INFO  com.my_complex_lab.Commands.ReplenishDeposit - Початок процесу поповнення депозиту.
2024-11-16 23:39:15 [main] WARN  com.my_complex_lab.Commands.ReplenishDeposit - Депозит з ID 3 не знайдено серед доступних.
2024-11-16 23:39:15 [main] INFO  com.my_complex_lab.Commands.ReplenishDeposit - Завершення процесу поповнення депозиту.
2024-11-16 23:39:15 [main] INFO  com.my_complex_lab.Commands.PickDeposit - Обираємо депозити...
2024-11-16 23:39:15 [main] INFO  com.my_complex_lab.Commands.PickDeposit - 
Ви завершили вибір депозитів.
2024-11-16 23:39:15 [main] INFO  com.my_complex_lab.Menu.MyDepositsMenu - Меню депозитів показано користувачеві
2024-11-16 23:39:15 [main] INFO  com.my_complex_lab.Menu.MyDepositsMenu - Виконано команду з ключем: 1
2024-11-16 23:39:15 [main] INFO  com.my_complex_lab.Commands.FindDeposit - Пошук депозиту розпочато.
2024-11-16 23:39:15 [main] INFO  com.my_complex_lab.Commands.FindDeposit - Користувач шукає депозити типу: Н
2024-11-16 23:39:15 [main] WARN  com.my_complex_lab.Commands.FindDeposit - Депозити типу 'Н' не знайдені.
2024-11-16 23:39:15 [main] INFO  com.my_complex_lab.Commands.FindDeposit - Пошук депозиту завершено.
2024-11-16 23:39:15 [main] INFO  com.my_complex_lab.Commands.FindDeposit - Пошук депозиту розпочато.
2024-11-16 23:39:15 [main] INFO  com.my_complex_lab.Commands.FindDeposit - Користувач шукає депозити типу: У
2024-11-16 23:39:15 [main] INFO  com.my_complex_lab.Commands.FindDeposit - Пошук депозиту завершено.
2024-11-16 23:39:15 [main] INFO  com.my_complex_lab.Commands.FindDeposit - Пошук депозиту розпочато.
2024-11-16 23:39:15 [main] INFO  com.my_complex_lab.Commands.FindDeposit - Користувач шукає депозити банку: Bank A
2024-11-16 23:39:15 [main] INFO  com.my_complex_lab.Commands.FindDeposit - Пошук депозиту завершено.
2024-11-16 23:39:15 [main] INFO  com.my_complex_lab.Commands.FindDeposit - Пошук депозиту розпочато.
2024-11-16 23:39:15 [main] INFO  com.my_complex_lab.Commands.FindDeposit - Користувач шукає депозити банку: Bank C
2024-11-16 23:39:15 [main] WARN  com.my_complex_lab.Commands.FindDeposit - Депозити банку 'Bank C' не знайдені.
2024-11-16 23:39:15 [main] INFO  com.my_complex_lab.Commands.FindDeposit - Пошук депозиту завершено.
2024-11-16 23:39:15 [main] INFO  com.my_complex_lab.Menu.DepositManageMenu - Відображення меню депозитів....
2024-11-16 23:39:15 [main] INFO  com.my_complex_lab.Commands.WithdrawEarly - Початок процедури дострокового зняття коштів.
2024-11-16 23:39:15 [main] INFO  com.my_complex_lab.Commands.WithdrawEarly - Знайдено депозит з ID 1: Mock for Deposit, hashCode: 1734343965
2024-11-16 23:39:15 [main] INFO  com.my_complex_lab.Commands.WithdrawEarly - Успішно знято 500 з депозиту з ID 1.
2024-11-16 23:39:15 [main] INFO  com.my_complex_lab.Commands.WithdrawEarly - Процедура дострокового зняття коштів завершена.
2024-11-16 23:39:15 [main] INFO  com.my_complex_lab.Commands.WithdrawEarly - Початок процедури дострокового зняття коштів.
2024-11-16 23:39:15 [main] WARN  com.my_complex_lab.Commands.WithdrawEarly - Не знайдено депозит з ID 3.
2024-11-16 23:39:15 [main] INFO  com.my_complex_lab.Commands.WithdrawEarly - Процедура дострокового зняття коштів завершена.
2024-11-16 23:39:15 [main] INFO  com.my_complex_lab.Commands.ViewMyDeposits - Перегляд власних депозитів розпочато.
2024-11-16 23:39:15 [main] INFO  com.my_complex_lab.Commands.ViewMyDeposits - Відображено депозит №1: Deposit 1: Bank A, Type U, Balance 1000
2024-11-16 23:39:15 [main] INFO  com.my_complex_lab.Commands.ViewMyDeposits - Відображено депозит №2: Deposit 2: Bank B, Type О, Balance 2000
2024-11-16 23:39:15 [main] INFO  com.my_complex_lab.Commands.ViewMyDeposits - Перегляд власних депозитів завершено.
2024-11-16 23:39:15 [main] INFO  com.my_complex_lab.Commands.SortDeposits - Сортування депозитів
2024-11-16 23:42:36 [main] INFO  com.my_complex_lab.Commands.ViewAllDeposits - Перегляд усіх депозитів розпочато.
2024-11-16 23:42:37 [main] INFO  com.my_complex_lab.Commands.ViewAllDeposits - Відображено депозит №1: Deposit 1: Bank A, Type U, Balance 1000
2024-11-16 23:42:37 [main] INFO  com.my_complex_lab.Commands.ViewAllDeposits - Відображено депозит №2: Deposit 2: Bank B, Type О, Balance 2000
2024-11-16 23:42:37 [main] INFO  com.my_complex_lab.Commands.ViewAllDeposits - Перегляд усіх депозитів завершено.
2024-11-16 23:42:37 [main] INFO  com.my_complex_lab.Commands.ReplenishDeposit - Початок процесу поповнення депозиту.
2024-11-16 23:42:37 [main] INFO  com.my_complex_lab.Commands.ReplenishDeposit - Депозит з ID 1 знайдено.
2024-11-16 23:42:37 [main] INFO  com.my_complex_lab.Commands.ReplenishDeposit - Депозит з ID 1 успішно поповнено на суму 500.
2024-11-16 23:42:37 [main] INFO  com.my_complex_lab.Commands.ReplenishDeposit - Завершення процесу поповнення депозиту.
2024-11-16 23:42:37 [main] INFO  com.my_complex_lab.Commands.ReplenishDeposit - Початок процесу поповнення депозиту.
2024-11-16 23:42:37 [main] WARN  com.my_complex_lab.Commands.ReplenishDeposit - Депозит з ID 3 не знайдено серед доступних.
2024-11-16 23:42:37 [main] INFO  com.my_complex_lab.Commands.ReplenishDeposit - Завершення процесу поповнення депозиту.
2024-11-16 23:42:37 [main] INFO  com.my_complex_lab.Commands.PickDeposit - Обираємо депозити...
2024-11-16 23:42:37 [main] INFO  com.my_complex_lab.Commands.PickDeposit - 
Ви завершили вибір депозитів.
2024-11-16 23:42:37 [main] INFO  com.my_complex_lab.Menu.MyDepositsMenu - Меню депозитів показано користувачеві
2024-11-16 23:42:37 [main] INFO  com.my_complex_lab.Menu.MyDepositsMenu - Виконано команду з ключем: 1
2024-11-16 23:42:37 [main] INFO  com.my_complex_lab.Commands.FindDeposit - Пошук депозиту розпочато.
2024-11-16 23:42:37 [main] INFO  com.my_complex_lab.Commands.FindDeposit - Користувач шукає депозити типу: Н
2024-11-16 23:42:37 [main] WARN  com.my_complex_lab.Commands.FindDeposit - Депозити типу 'Н' не знайдені.
2024-11-16 23:42:37 [main] INFO  com.my_complex_lab.Commands.FindDeposit - Пошук депозиту завершено.
2024-11-16 23:42:37 [main] INFO  com.my_complex_lab.Commands.FindDeposit - Пошук депозиту розпочато.
2024-11-16 23:42:37 [main] INFO  com.my_complex_lab.Commands.FindDeposit - Користувач шукає депозити типу: У
2024-11-16 23:42:37 [main] INFO  com.my_complex_lab.Commands.FindDeposit - Пошук депозиту завершено.
2024-11-16 23:42:37 [main] INFO  com.my_complex_lab.Commands.FindDeposit - Пошук депозиту розпочато.
2024-11-16 23:42:37 [main] INFO  com.my_complex_lab.Commands.FindDeposit - Користувач шукає депозити банку: Bank A
2024-11-16 23:42:37 [main] INFO  com.my_complex_lab.Commands.FindDeposit - Пошук депозиту завершено.
2024-11-16 23:42:37 [main] INFO  com.my_complex_lab.Commands.FindDeposit - Пошук депозиту розпочато.
2024-11-16 23:42:37 [main] INFO  com.my_complex_lab.Commands.FindDeposit - Користувач шукає депозити банку: Bank C
2024-11-16 23:42:37 [main] WARN  com.my_complex_lab.Commands.FindDeposit - Депозити банку 'Bank C' не знайдені.
2024-11-16 23:42:37 [main] INFO  com.my_complex_lab.Commands.FindDeposit - Пошук депозиту завершено.
2024-11-16 23:42:37 [main] INFO  com.my_complex_lab.Menu.DepositManageMenu - Відображення меню депозитів....
2024-11-16 23:42:37 [main] INFO  com.my_complex_lab.Commands.WithdrawEarly - Початок процедури дострокового зняття коштів.
2024-11-16 23:42:37 [main] INFO  com.my_complex_lab.Commands.WithdrawEarly - Знайдено депозит з ID 1: Mock for Deposit, hashCode: 1633612848
2024-11-16 23:42:37 [main] INFO  com.my_complex_lab.Commands.WithdrawEarly - Успішно знято 500 з депозиту з ID 1.
2024-11-16 23:42:37 [main] INFO  com.my_complex_lab.Commands.WithdrawEarly - Процедура дострокового зняття коштів завершена.
2024-11-16 23:42:37 [main] INFO  com.my_complex_lab.Commands.WithdrawEarly - Початок процедури дострокового зняття коштів.
2024-11-16 23:42:37 [main] WARN  com.my_complex_lab.Commands.WithdrawEarly - Не знайдено депозит з ID 3.
2024-11-16 23:42:37 [main] INFO  com.my_complex_lab.Commands.WithdrawEarly - Процедура дострокового зняття коштів завершена.
2024-11-16 23:42:37 [main] INFO  com.my_complex_lab.Commands.ViewMyDeposits - Перегляд власних депозитів розпочато.
2024-11-16 23:42:37 [main] INFO  com.my_complex_lab.Commands.ViewMyDeposits - Відображено депозит №1: Deposit 1: Bank A, Type U, Balance 1000
2024-11-16 23:42:37 [main] INFO  com.my_complex_lab.Commands.ViewMyDeposits - Відображено депозит №2: Deposit 2: Bank B, Type О, Balance 2000
2024-11-16 23:42:37 [main] INFO  com.my_complex_lab.Commands.ViewMyDeposits - Перегляд власних депозитів завершено.
2024-11-16 23:42:37 [main] INFO  com.my_complex_lab.Commands.SortDeposits - Сортування депозитів
2024-11-16 23:45:35 [main] INFO  com.my_complex_lab.Commands.FindDeposit - Пошук депозиту розпочато.
2024-11-16 23:45:35 [main] INFO  com.my_complex_lab.Commands.FindDeposit - Користувач шукає депозити типу: Н
2024-11-16 23:45:35 [main] WARN  com.my_complex_lab.Commands.FindDeposit - Депозити типу 'Н' не знайдені.
2024-11-16 23:45:35 [main] INFO  com.my_complex_lab.Commands.FindDeposit - Пошук депозиту завершено.
2024-11-16 23:45:35 [main] INFO  com.my_complex_lab.Commands.FindDeposit - Пошук депозиту розпочато.
2024-11-16 23:45:35 [main] WARN  com.my_complex_lab.Commands.FindDeposit - Некоректний вибір критерію: 3
2024-11-16 23:45:35 [main] INFO  com.my_complex_lab.Commands.FindDeposit - Пошук депозиту завершено.
2024-11-16 23:45:35 [main] INFO  com.my_complex_lab.Commands.FindDeposit - Пошук депозиту розпочато.
2024-11-16 23:45:35 [main] INFO  com.my_complex_lab.Commands.FindDeposit - Користувач шукає депозити типу: У
2024-11-16 23:45:35 [main] INFO  com.my_complex_lab.Commands.FindDeposit - Пошук депозиту завершено.
2024-11-16 23:45:35 [main] INFO  com.my_complex_lab.Commands.FindDeposit - Пошук депозиту розпочато.
2024-11-16 23:45:35 [main] INFO  com.my_complex_lab.Commands.FindDeposit - Користувач шукає депозити банку: Nonexistent Bank
2024-11-16 23:45:35 [main] WARN  com.my_complex_lab.Commands.FindDeposit - Депозити банку 'Nonexistent Bank' не знайдені.
2024-11-16 23:45:35 [main] INFO  com.my_complex_lab.Commands.FindDeposit - Пошук депозиту завершено.
2024-11-16 23:45:35 [main] INFO  com.my_complex_lab.Commands.FindDeposit - Пошук депозиту розпочато.
2024-11-16 23:45:35 [main] INFO  com.my_complex_lab.Commands.FindDeposit - Користувач шукає депозити банку: Bank A
2024-11-16 23:45:35 [main] INFO  com.my_complex_lab.Commands.FindDeposit - Пошук депозиту завершено.
2024-11-16 23:46:15 [main] INFO  com.my_complex_lab.Commands.ViewAllDeposits - Перегляд усіх депозитів розпочато.
2024-11-16 23:46:15 [main] INFO  com.my_complex_lab.Commands.ViewAllDeposits - Відображено депозит №1: Deposit 1: Bank A, Type U, Balance 1000
2024-11-16 23:46:15 [main] INFO  com.my_complex_lab.Commands.ViewAllDeposits - Відображено депозит №2: Deposit 2: Bank B, Type О, Balance 2000
2024-11-16 23:46:15 [main] INFO  com.my_complex_lab.Commands.ViewAllDeposits - Перегляд усіх депозитів завершено.
2024-11-16 23:46:15 [main] INFO  com.my_complex_lab.Commands.ReplenishDeposit - Початок процесу поповнення депозиту.
2024-11-16 23:46:15 [main] INFO  com.my_complex_lab.Commands.ReplenishDeposit - Депозит з ID 1 знайдено.
2024-11-16 23:46:15 [main] INFO  com.my_complex_lab.Commands.ReplenishDeposit - Депозит з ID 1 успішно поповнено на суму 500.
2024-11-16 23:46:15 [main] INFO  com.my_complex_lab.Commands.ReplenishDeposit - Завершення процесу поповнення депозиту.
2024-11-16 23:46:15 [main] INFO  com.my_complex_lab.Commands.ReplenishDeposit - Початок процесу поповнення депозиту.
2024-11-16 23:46:15 [main] WARN  com.my_complex_lab.Commands.ReplenishDeposit - Депозит з ID 3 не знайдено серед доступних.
2024-11-16 23:46:15 [main] INFO  com.my_complex_lab.Commands.ReplenishDeposit - Завершення процесу поповнення депозиту.
2024-11-16 23:46:15 [main] INFO  com.my_complex_lab.Commands.PickDeposit - Обираємо депозити...
2024-11-16 23:46:15 [main] INFO  com.my_complex_lab.Commands.PickDeposit - 
Ви завершили вибір депозитів.
2024-11-16 23:46:15 [main] INFO  com.my_complex_lab.Menu.MyDepositsMenu - Меню депозитів показано користувачеві
2024-11-16 23:46:15 [main] INFO  com.my_complex_lab.Menu.MyDepositsMenu - Виконано команду з ключем: 1
2024-11-16 23:46:15 [main] INFO  com.my_complex_lab.Commands.FindDeposit - Пошук депозиту розпочато.
2024-11-16 23:46:15 [main] INFO  com.my_complex_lab.Commands.FindDeposit - Користувач шукає депозити типу: Н
2024-11-16 23:46:15 [main] WARN  com.my_complex_lab.Commands.FindDeposit - Депозити типу 'Н' не знайдені.
2024-11-16 23:46:15 [main] INFO  com.my_complex_lab.Commands.FindDeposit - Пошук депозиту завершено.
2024-11-16 23:46:15 [main] INFO  com.my_complex_lab.Commands.FindDeposit - Пошук депозиту розпочато.
2024-11-16 23:46:15 [main] WARN  com.my_complex_lab.Commands.FindDeposit - Некоректний вибір критерію: 3
2024-11-16 23:46:15 [main] INFO  com.my_complex_lab.Commands.FindDeposit - Пошук депозиту завершено.
2024-11-16 23:46:15 [main] INFO  com.my_complex_lab.Commands.FindDeposit - Пошук депозиту розпочато.
2024-11-16 23:46:15 [main] INFO  com.my_complex_lab.Commands.FindDeposit - Користувач шукає депозити типу: У
2024-11-16 23:46:15 [main] INFO  com.my_complex_lab.Commands.FindDeposit - Пошук депозиту завершено.
2024-11-16 23:46:15 [main] INFO  com.my_complex_lab.Commands.FindDeposit - Пошук депозиту розпочато.
2024-11-16 23:46:15 [main] INFO  com.my_complex_lab.Commands.FindDeposit - Користувач шукає депозити банку: Nonexistent Bank
2024-11-16 23:46:15 [main] WARN  com.my_complex_lab.Commands.FindDeposit - Депозити банку 'Nonexistent Bank' не знайдені.
2024-11-16 23:46:15 [main] INFO  com.my_complex_lab.Commands.FindDeposit - Пошук депозиту завершено.
2024-11-16 23:46:15 [main] INFO  com.my_complex_lab.Commands.FindDeposit - Пошук депозиту розпочато.
2024-11-16 23:46:15 [main] INFO  com.my_complex_lab.Commands.FindDeposit - Користувач шукає депозити банку: Bank A
2024-11-16 23:46:15 [main] INFO  com.my_complex_lab.Commands.FindDeposit - Пошук депозиту завершено.
2024-11-16 23:46:15 [main] INFO  com.my_complex_lab.Menu.DepositManageMenu - Відображення меню депозитів....
2024-11-16 23:46:15 [main] INFO  com.my_complex_lab.Commands.WithdrawEarly - Початок процедури дострокового зняття коштів.
2024-11-16 23:46:15 [main] INFO  com.my_complex_lab.Commands.WithdrawEarly - Знайдено депозит з ID 1: Mock for Deposit, hashCode: 256079699
2024-11-16 23:46:15 [main] INFO  com.my_complex_lab.Commands.WithdrawEarly - Успішно знято 500 з депозиту з ID 1.
2024-11-16 23:46:15 [main] INFO  com.my_complex_lab.Commands.WithdrawEarly - Процедура дострокового зняття коштів завершена.
2024-11-16 23:46:15 [main] INFO  com.my_complex_lab.Commands.WithdrawEarly - Початок процедури дострокового зняття коштів.
2024-11-16 23:46:15 [main] WARN  com.my_complex_lab.Commands.WithdrawEarly - Не знайдено депозит з ID 3.
2024-11-16 23:46:15 [main] INFO  com.my_complex_lab.Commands.WithdrawEarly - Процедура дострокового зняття коштів завершена.
2024-11-16 23:46:15 [main] INFO  com.my_complex_lab.Commands.ViewMyDeposits - Перегляд власних депозитів розпочато.
2024-11-16 23:46:15 [main] INFO  com.my_complex_lab.Commands.ViewMyDeposits - Відображено депозит №1: Deposit 1: Bank A, Type U, Balance 1000
2024-11-16 23:46:15 [main] INFO  com.my_complex_lab.Commands.ViewMyDeposits - Відображено депозит №2: Deposit 2: Bank B, Type О, Balance 2000
2024-11-16 23:46:15 [main] INFO  com.my_complex_lab.Commands.ViewMyDeposits - Перегляд власних депозитів завершено.
2024-11-16 23:46:15 [main] INFO  com.my_complex_lab.Commands.SortDeposits - Сортування депозитів
2024-11-16 23:46:57 [main] INFO  com.my_complex_lab.Commands.FindDeposit - Пошук депозиту розпочато.
2024-11-16 23:46:57 [main] INFO  com.my_complex_lab.Commands.FindDeposit - Користувач шукає депозити типу: Н
2024-11-16 23:46:57 [main] WARN  com.my_complex_lab.Commands.FindDeposit - Депозити типу 'Н' не знайдені.
2024-11-16 23:46:57 [main] INFO  com.my_complex_lab.Commands.FindDeposit - Пошук депозиту завершено.
2024-11-16 23:46:58 [main] INFO  com.my_complex_lab.Commands.FindDeposit - Пошук депозиту розпочато.
2024-11-16 23:46:58 [main] WARN  com.my_complex_lab.Commands.FindDeposit - Некоректний вибір критерію: 3
2024-11-16 23:46:58 [main] INFO  com.my_complex_lab.Commands.FindDeposit - Пошук депозиту завершено.
2024-11-16 23:46:58 [main] INFO  com.my_complex_lab.Commands.FindDeposit - Пошук депозиту розпочато.
2024-11-16 23:46:58 [main] INFO  com.my_complex_lab.Commands.FindDeposit - Користувач шукає депозити банку: Nonexistent Bank
2024-11-16 23:46:58 [main] WARN  com.my_complex_lab.Commands.FindDeposit - Депозити банку 'Nonexistent Bank' не знайдені.
2024-11-16 23:46:58 [main] INFO  com.my_complex_lab.Commands.FindDeposit - Пошук депозиту завершено.
2024-11-16 23:47:59 [main] INFO  com.my_complex_lab.Commands.ViewAllDeposits - Перегляд усіх депозитів розпочато.
2024-11-16 23:47:59 [main] INFO  com.my_complex_lab.Commands.ViewAllDeposits - Відображено депозит №1: Deposit 1: Bank A, Type U, Balance 1000
2024-11-16 23:47:59 [main] INFO  com.my_complex_lab.Commands.ViewAllDeposits - Відображено депозит №2: Deposit 2: Bank B, Type О, Balance 2000
2024-11-16 23:47:59 [main] INFO  com.my_complex_lab.Commands.ViewAllDeposits - Перегляд усіх депозитів завершено.
2024-11-16 23:47:59 [main] INFO  com.my_complex_lab.Commands.ReplenishDeposit - Початок процесу поповнення депозиту.
2024-11-16 23:47:59 [main] INFO  com.my_complex_lab.Commands.ReplenishDeposit - Депозит з ID 1 знайдено.
2024-11-16 23:47:59 [main] INFO  com.my_complex_lab.Commands.ReplenishDeposit - Депозит з ID 1 успішно поповнено на суму 500.
2024-11-16 23:47:59 [main] INFO  com.my_complex_lab.Commands.ReplenishDeposit - Завершення процесу поповнення депозиту.
2024-11-16 23:47:59 [main] INFO  com.my_complex_lab.Commands.ReplenishDeposit - Початок процесу поповнення депозиту.
2024-11-16 23:47:59 [main] WARN  com.my_complex_lab.Commands.ReplenishDeposit - Депозит з ID 3 не знайдено серед доступних.
2024-11-16 23:47:59 [main] INFO  com.my_complex_lab.Commands.ReplenishDeposit - Завершення процесу поповнення депозиту.
2024-11-16 23:47:59 [main] INFO  com.my_complex_lab.Commands.PickDeposit - Обираємо депозити...
2024-11-16 23:47:59 [main] INFO  com.my_complex_lab.Commands.PickDeposit - 
Ви завершили вибір депозитів.
2024-11-16 23:47:59 [main] INFO  com.my_complex_lab.Menu.MyDepositsMenu - Меню депозитів показано користувачеві
2024-11-16 23:47:59 [main] INFO  com.my_complex_lab.Menu.MyDepositsMenu - Виконано команду з ключем: 1
2024-11-16 23:47:59 [main] INFO  com.my_complex_lab.Commands.FindDeposit - Пошук депозиту розпочато.
2024-11-16 23:47:59 [main] INFO  com.my_complex_lab.Commands.FindDeposit - Користувач шукає депозити типу: Н
2024-11-16 23:47:59 [main] WARN  com.my_complex_lab.Commands.FindDeposit - Депозити типу 'Н' не знайдені.
2024-11-16 23:47:59 [main] INFO  com.my_complex_lab.Commands.FindDeposit - Пошук депозиту завершено.
2024-11-16 23:47:59 [main] INFO  com.my_complex_lab.Commands.FindDeposit - Пошук депозиту розпочато.
2024-11-16 23:47:59 [main] WARN  com.my_complex_lab.Commands.FindDeposit - Некоректний вибір критерію: 3
2024-11-16 23:47:59 [main] INFO  com.my_complex_lab.Commands.FindDeposit - Пошук депозиту завершено.
2024-11-16 23:47:59 [main] INFO  com.my_complex_lab.Commands.FindDeposit - Пошук депозиту розпочато.
2024-11-16 23:47:59 [main] INFO  com.my_complex_lab.Commands.FindDeposit - Користувач шукає депозити банку: Nonexistent Bank
2024-11-16 23:47:59 [main] WARN  com.my_complex_lab.Commands.FindDeposit - Депозити банку 'Nonexistent Bank' не знайдені.
2024-11-16 23:47:59 [main] INFO  com.my_complex_lab.Commands.FindDeposit - Пошук депозиту завершено.
2024-11-16 23:47:59 [main] INFO  com.my_complex_lab.Menu.DepositManageMenu - Відображення меню депозитів....
2024-11-16 23:47:59 [main] INFO  com.my_complex_lab.Commands.WithdrawEarly - Початок процедури дострокового зняття коштів.
2024-11-16 23:47:59 [main] INFO  com.my_complex_lab.Commands.WithdrawEarly - Знайдено депозит з ID 1: Mock for Deposit, hashCode: 1516689289
2024-11-16 23:47:59 [main] INFO  com.my_complex_lab.Commands.WithdrawEarly - Успішно знято 500 з депозиту з ID 1.
2024-11-16 23:47:59 [main] INFO  com.my_complex_lab.Commands.WithdrawEarly - Процедура дострокового зняття коштів завершена.
2024-11-16 23:47:59 [main] INFO  com.my_complex_lab.Commands.WithdrawEarly - Початок процедури дострокового зняття коштів.
2024-11-16 23:47:59 [main] WARN  com.my_complex_lab.Commands.WithdrawEarly - Не знайдено депозит з ID 3.
2024-11-16 23:47:59 [main] INFO  com.my_complex_lab.Commands.WithdrawEarly - Процедура дострокового зняття коштів завершена.
2024-11-16 23:47:59 [main] INFO  com.my_complex_lab.Commands.ViewMyDeposits - Перегляд власних депозитів розпочато.
2024-11-16 23:47:59 [main] INFO  com.my_complex_lab.Commands.ViewMyDeposits - Відображено депозит №1: Deposit 1: Bank A, Type U, Balance 1000
2024-11-16 23:47:59 [main] INFO  com.my_complex_lab.Commands.ViewMyDeposits - Відображено депозит №2: Deposit 2: Bank B, Type О, Balance 2000
2024-11-16 23:47:59 [main] INFO  com.my_complex_lab.Commands.ViewMyDeposits - Перегляд власних депозитів завершено.
2024-11-16 23:47:59 [main] INFO  com.my_complex_lab.Commands.SortDeposits - Сортування депозитів
2024-11-16 23:50:32 [main] INFO  com.my_complex_lab.Commands.WithdrawEarly - Початок процедури дострокового зняття коштів.
2024-11-16 23:50:32 [main] ERROR com.my_complex_lab.Commands.WithdrawEarly - Помилка вводу під час зняття коштів: null
2024-11-16 23:50:33 [main] INFO  com.my_complex_lab.Commands.WithdrawEarly - Процедура дострокового зняття коштів завершена.
2024-11-16 23:50:33 [main] INFO  com.my_complex_lab.Commands.WithdrawEarly - Початок процедури дострокового зняття коштів.
2024-11-16 23:50:33 [main] INFO  com.my_complex_lab.Commands.WithdrawEarly - Знайдено депозит з ID 123: Mock for Deposit, hashCode: 551797833
2024-11-16 23:50:33 [main] WARN  com.my_complex_lab.Commands.WithdrawEarly - Спроба зняти недопустиму суму: -500
2024-11-16 23:50:33 [main] INFO  com.my_complex_lab.Commands.WithdrawEarly - Початок процедури дострокового зняття коштів.
2024-11-16 23:50:33 [main] INFO  com.my_complex_lab.Commands.WithdrawEarly - Знайдено депозит з ID 123: Mock for Deposit, hashCode: 744021169
2024-11-16 23:50:33 [main] INFO  com.my_complex_lab.Commands.WithdrawEarly - Успішно знято 500 з депозиту з ID 123.
2024-11-16 23:50:33 [main] INFO  com.my_complex_lab.Commands.WithdrawEarly - Процедура дострокового зняття коштів завершена.
2024-11-16 23:50:33 [main] INFO  com.my_complex_lab.Commands.WithdrawEarly - Початок процедури дострокового зняття коштів.
2024-11-16 23:50:33 [main] WARN  com.my_complex_lab.Commands.WithdrawEarly - Не знайдено депозит з ID 999.
2024-11-16 23:50:33 [main] INFO  com.my_complex_lab.Commands.WithdrawEarly - Процедура дострокового зняття коштів завершена.
2024-11-16 23:51:04 [main] INFO  com.my_complex_lab.Commands.WithdrawEarly - Початок процедури дострокового зняття коштів.
2024-11-16 23:51:04 [main] ERROR com.my_complex_lab.Commands.WithdrawEarly - Помилка вводу під час зняття коштів: null
2024-11-16 23:51:05 [main] INFO  com.my_complex_lab.Commands.WithdrawEarly - Процедура дострокового зняття коштів завершена.
2024-11-16 23:51:05 [main] INFO  com.my_complex_lab.Commands.WithdrawEarly - Початок процедури дострокового зняття коштів.
2024-11-16 23:51:05 [main] INFO  com.my_complex_lab.Commands.WithdrawEarly - Знайдено депозит з ID 123: Mock for Deposit, hashCode: 973174587
2024-11-16 23:51:05 [main] WARN  com.my_complex_lab.Commands.WithdrawEarly - Спроба зняти недопустиму суму: -500
2024-11-16 23:51:05 [main] INFO  com.my_complex_lab.Commands.WithdrawEarly - Початок процедури дострокового зняття коштів.
2024-11-16 23:51:05 [main] INFO  com.my_complex_lab.Commands.WithdrawEarly - Знайдено депозит з ID 123: Mock for Deposit, hashCode: 551797833
2024-11-16 23:51:05 [main] INFO  com.my_complex_lab.Commands.WithdrawEarly - Успішно знято 500 з депозиту з ID 123.
2024-11-16 23:51:05 [main] INFO  com.my_complex_lab.Commands.WithdrawEarly - Процедура дострокового зняття коштів завершена.
2024-11-16 23:51:05 [main] INFO  com.my_complex_lab.Commands.WithdrawEarly - Початок процедури дострокового зняття коштів.
2024-11-16 23:51:05 [main] WARN  com.my_complex_lab.Commands.WithdrawEarly - Не знайдено депозит з ID 999.
2024-11-16 23:51:05 [main] INFO  com.my_complex_lab.Commands.WithdrawEarly - Процедура дострокового зняття коштів завершена.
2024-11-16 23:52:02 [main] INFO  com.my_complex_lab.Commands.WithdrawEarly - Початок процедури дострокового зняття коштів.
2024-11-16 23:52:02 [main] ERROR com.my_complex_lab.Commands.WithdrawEarly - Помилка вводу під час зняття коштів: null
2024-11-16 23:52:03 [main] INFO  com.my_complex_lab.Commands.WithdrawEarly - Процедура дострокового зняття коштів завершена.
2024-11-16 23:52:03 [main] INFO  com.my_complex_lab.Commands.WithdrawEarly - Початок процедури дострокового зняття коштів.
2024-11-16 23:52:03 [main] INFO  com.my_complex_lab.Commands.WithdrawEarly - Знайдено депозит з ID 123: Mock for Deposit, hashCode: 1434506799
2024-11-16 23:52:03 [main] WARN  com.my_complex_lab.Commands.WithdrawEarly - Спроба зняти недопустиму суму: -500
2024-11-16 23:52:03 [main] INFO  com.my_complex_lab.Commands.WithdrawEarly - Початок процедури дострокового зняття коштів.
2024-11-16 23:52:03 [main] INFO  com.my_complex_lab.Commands.WithdrawEarly - Знайдено депозит з ID 123: Mock for Deposit, hashCode: 377957453
2024-11-16 23:52:03 [main] INFO  com.my_complex_lab.Commands.WithdrawEarly - Успішно знято 500 з депозиту з ID 123.
2024-11-16 23:52:03 [main] INFO  com.my_complex_lab.Commands.WithdrawEarly - Процедура дострокового зняття коштів завершена.
2024-11-16 23:52:03 [main] INFO  com.my_complex_lab.Commands.WithdrawEarly - Початок процедури дострокового зняття коштів.
2024-11-16 23:52:03 [main] WARN  com.my_complex_lab.Commands.WithdrawEarly - Не знайдено депозит з ID 999.
2024-11-16 23:52:03 [main] INFO  com.my_complex_lab.Commands.WithdrawEarly - Процедура дострокового зняття коштів завершена.
2024-11-16 23:52:25 [main] INFO  com.my_complex_lab.Commands.ViewAllDeposits - Перегляд усіх депозитів розпочато.
2024-11-16 23:52:25 [main] INFO  com.my_complex_lab.Commands.ViewAllDeposits - Відображено депозит №1: Deposit 1: Bank A, Type U, Balance 1000
2024-11-16 23:52:25 [main] INFO  com.my_complex_lab.Commands.ViewAllDeposits - Відображено депозит №2: Deposit 2: Bank B, Type О, Balance 2000
2024-11-16 23:52:25 [main] INFO  com.my_complex_lab.Commands.ViewAllDeposits - Перегляд усіх депозитів завершено.
2024-11-16 23:52:25 [main] INFO  com.my_complex_lab.Commands.ReplenishDeposit - Початок процесу поповнення депозиту.
2024-11-16 23:52:25 [main] INFO  com.my_complex_lab.Commands.ReplenishDeposit - Депозит з ID 1 знайдено.
2024-11-16 23:52:25 [main] INFO  com.my_complex_lab.Commands.ReplenishDeposit - Депозит з ID 1 успішно поповнено на суму 500.
2024-11-16 23:52:25 [main] INFO  com.my_complex_lab.Commands.ReplenishDeposit - Завершення процесу поповнення депозиту.
2024-11-16 23:52:25 [main] INFO  com.my_complex_lab.Commands.ReplenishDeposit - Початок процесу поповнення депозиту.
2024-11-16 23:52:25 [main] WARN  com.my_complex_lab.Commands.ReplenishDeposit - Депозит з ID 3 не знайдено серед доступних.
2024-11-16 23:52:25 [main] INFO  com.my_complex_lab.Commands.ReplenishDeposit - Завершення процесу поповнення депозиту.
2024-11-16 23:52:25 [main] INFO  com.my_complex_lab.Commands.PickDeposit - Обираємо депозити...
2024-11-16 23:52:25 [main] INFO  com.my_complex_lab.Commands.PickDeposit - 
Ви завершили вибір депозитів.
2024-11-16 23:52:25 [main] INFO  com.my_complex_lab.Menu.MyDepositsMenu - Меню депозитів показано користувачеві
2024-11-16 23:52:25 [main] INFO  com.my_complex_lab.Menu.MyDepositsMenu - Виконано команду з ключем: 1
2024-11-16 23:52:25 [main] INFO  com.my_complex_lab.Commands.FindDeposit - Пошук депозиту розпочато.
2024-11-16 23:52:25 [main] INFO  com.my_complex_lab.Commands.FindDeposit - Користувач шукає депозити типу: Н
2024-11-16 23:52:25 [main] WARN  com.my_complex_lab.Commands.FindDeposit - Депозити типу 'Н' не знайдені.
2024-11-16 23:52:25 [main] INFO  com.my_complex_lab.Commands.FindDeposit - Пошук депозиту завершено.
2024-11-16 23:52:25 [main] INFO  com.my_complex_lab.Commands.FindDeposit - Пошук депозиту розпочато.
2024-11-16 23:52:25 [main] WARN  com.my_complex_lab.Commands.FindDeposit - Некоректний вибір критерію: 3
2024-11-16 23:52:25 [main] INFO  com.my_complex_lab.Commands.FindDeposit - Пошук депозиту завершено.
2024-11-16 23:52:25 [main] INFO  com.my_complex_lab.Commands.FindDeposit - Пошук депозиту розпочато.
2024-11-16 23:52:25 [main] INFO  com.my_complex_lab.Commands.FindDeposit - Користувач шукає депозити банку: Nonexistent Bank
2024-11-16 23:52:25 [main] WARN  com.my_complex_lab.Commands.FindDeposit - Депозити банку 'Nonexistent Bank' не знайдені.
2024-11-16 23:52:25 [main] INFO  com.my_complex_lab.Commands.FindDeposit - Пошук депозиту завершено.
2024-11-16 23:52:25 [main] INFO  com.my_complex_lab.Menu.DepositManageMenu - Відображення меню депозитів....
2024-11-16 23:52:25 [main] INFO  com.my_complex_lab.Commands.WithdrawEarly - Початок процедури дострокового зняття коштів.
2024-11-16 23:52:25 [main] ERROR com.my_complex_lab.Commands.WithdrawEarly - Помилка вводу під час зняття коштів: null
2024-11-16 23:52:26 [main] INFO  com.my_complex_lab.Commands.WithdrawEarly - Процедура дострокового зняття коштів завершена.
2024-11-16 23:52:26 [main] INFO  com.my_complex_lab.Commands.WithdrawEarly - Початок процедури дострокового зняття коштів.
2024-11-16 23:52:26 [main] INFO  com.my_complex_lab.Commands.WithdrawEarly - Знайдено депозит з ID 123: Mock for Deposit, hashCode: 672777312
2024-11-16 23:52:26 [main] WARN  com.my_complex_lab.Commands.WithdrawEarly - Спроба зняти недопустиму суму: -500
2024-11-16 23:52:26 [main] INFO  com.my_complex_lab.Commands.WithdrawEarly - Початок процедури дострокового зняття коштів.
2024-11-16 23:52:26 [main] INFO  com.my_complex_lab.Commands.WithdrawEarly - Знайдено депозит з ID 123: Mock for Deposit, hashCode: 808862230
2024-11-16 23:52:26 [main] INFO  com.my_complex_lab.Commands.WithdrawEarly - Успішно знято 500 з депозиту з ID 123.
2024-11-16 23:52:26 [main] INFO  com.my_complex_lab.Commands.WithdrawEarly - Процедура дострокового зняття коштів завершена.
2024-11-16 23:52:26 [main] INFO  com.my_complex_lab.Commands.WithdrawEarly - Початок процедури дострокового зняття коштів.
2024-11-16 23:52:26 [main] WARN  com.my_complex_lab.Commands.WithdrawEarly - Не знайдено депозит з ID 999.
2024-11-16 23:52:26 [main] INFO  com.my_complex_lab.Commands.WithdrawEarly - Процедура дострокового зняття коштів завершена.
2024-11-16 23:52:26 [main] INFO  com.my_complex_lab.Commands.ViewMyDeposits - Перегляд власних депозитів розпочато.
2024-11-16 23:52:26 [main] INFO  com.my_complex_lab.Commands.ViewMyDeposits - Відображено депозит №1: Deposit 1: Bank A, Type U, Balance 1000
2024-11-16 23:52:26 [main] INFO  com.my_complex_lab.Commands.ViewMyDeposits - Відображено депозит №2: Deposit 2: Bank B, Type О, Balance 2000
2024-11-16 23:52:26 [main] INFO  com.my_complex_lab.Commands.ViewMyDeposits - Перегляд власних депозитів завершено.
2024-11-16 23:52:27 [main] INFO  com.my_complex_lab.Commands.SortDeposits - Сортування депозитів
2024-11-16 23:54:03 [main] INFO  com.my_complex_lab.Commands.ViewAllDeposits - Перегляд усіх депозитів розпочато.
2024-11-16 23:54:03 [main] INFO  com.my_complex_lab.Commands.ViewAllDeposits - Відображено депозит №1: Deposit 1: Bank A, Type U, Balance 1000
2024-11-16 23:54:03 [main] INFO  com.my_complex_lab.Commands.ViewAllDeposits - Відображено депозит №2: Deposit 2: Bank B, Type О, Balance 2000
2024-11-16 23:54:03 [main] INFO  com.my_complex_lab.Commands.ViewAllDeposits - Перегляд усіх депозитів завершено.
2024-11-16 23:54:03 [main] INFO  com.my_complex_lab.Commands.ReplenishDeposit - Початок процесу поповнення депозиту.
2024-11-16 23:54:03 [main] INFO  com.my_complex_lab.Commands.ReplenishDeposit - Депозит з ID 1 знайдено.
2024-11-16 23:54:03 [main] INFO  com.my_complex_lab.Commands.ReplenishDeposit - Депозит з ID 1 успішно поповнено на суму 500.
2024-11-16 23:54:03 [main] INFO  com.my_complex_lab.Commands.ReplenishDeposit - Завершення процесу поповнення депозиту.
2024-11-16 23:54:03 [main] INFO  com.my_complex_lab.Commands.ReplenishDeposit - Початок процесу поповнення депозиту.
2024-11-16 23:54:03 [main] WARN  com.my_complex_lab.Commands.ReplenishDeposit - Депозит з ID 3 не знайдено серед доступних.
2024-11-16 23:54:03 [main] INFO  com.my_complex_lab.Commands.ReplenishDeposit - Завершення процесу поповнення депозиту.
2024-11-16 23:54:03 [main] INFO  com.my_complex_lab.Commands.PickDeposit - Обираємо депозити...
2024-11-16 23:54:03 [main] INFO  com.my_complex_lab.Commands.PickDeposit - 
Ви завершили вибір депозитів.
2024-11-16 23:54:03 [main] INFO  com.my_complex_lab.Menu.MyDepositsMenu - Меню депозитів показано користувачеві
2024-11-16 23:54:03 [main] INFO  com.my_complex_lab.Menu.MyDepositsMenu - Виконано команду з ключем: 1
2024-11-16 23:54:03 [main] INFO  com.my_complex_lab.Commands.FindDeposit - Пошук депозиту розпочато.
2024-11-16 23:54:03 [main] INFO  com.my_complex_lab.Commands.FindDeposit - Користувач шукає депозити типу: Н
2024-11-16 23:54:03 [main] WARN  com.my_complex_lab.Commands.FindDeposit - Депозити типу 'Н' не знайдені.
2024-11-16 23:54:03 [main] INFO  com.my_complex_lab.Commands.FindDeposit - Пошук депозиту завершено.
2024-11-16 23:54:03 [main] INFO  com.my_complex_lab.Commands.FindDeposit - Пошук депозиту розпочато.
2024-11-16 23:54:03 [main] WARN  com.my_complex_lab.Commands.FindDeposit - Некоректний вибір критерію: 3
2024-11-16 23:54:03 [main] INFO  com.my_complex_lab.Commands.FindDeposit - Пошук депозиту завершено.
2024-11-16 23:54:03 [main] INFO  com.my_complex_lab.Commands.FindDeposit - Пошук депозиту розпочато.
2024-11-16 23:54:03 [main] INFO  com.my_complex_lab.Commands.FindDeposit - Користувач шукає депозити банку: Nonexistent Bank
2024-11-16 23:54:03 [main] WARN  com.my_complex_lab.Commands.FindDeposit - Депозити банку 'Nonexistent Bank' не знайдені.
2024-11-16 23:54:03 [main] INFO  com.my_complex_lab.Commands.FindDeposit - Пошук депозиту завершено.
2024-11-16 23:54:03 [main] INFO  com.my_complex_lab.Menu.DepositManageMenu - Відображення меню депозитів....
2024-11-16 23:54:03 [main] INFO  com.my_complex_lab.Commands.WithdrawEarly - Початок процедури дострокового зняття коштів.
2024-11-16 23:54:03 [main] ERROR com.my_complex_lab.Commands.WithdrawEarly - Помилка вводу під час зняття коштів: null
2024-11-16 23:54:04 [main] INFO  com.my_complex_lab.Commands.WithdrawEarly - Процедура дострокового зняття коштів завершена.
2024-11-16 23:54:04 [main] INFO  com.my_complex_lab.Commands.WithdrawEarly - Початок процедури дострокового зняття коштів.
2024-11-16 23:54:04 [main] INFO  com.my_complex_lab.Commands.WithdrawEarly - Знайдено депозит з ID 123: Mock for Deposit, hashCode: 1721120929
2024-11-16 23:54:04 [main] WARN  com.my_complex_lab.Commands.WithdrawEarly - Спроба зняти недопустиму суму: -500
2024-11-16 23:54:04 [main] INFO  com.my_complex_lab.Commands.WithdrawEarly - Початок процедури дострокового зняття коштів.
2024-11-16 23:54:04 [main] INFO  com.my_complex_lab.Commands.WithdrawEarly - Знайдено депозит з ID 123: Mock for Deposit, hashCode: 422647758
2024-11-16 23:54:04 [main] INFO  com.my_complex_lab.Commands.WithdrawEarly - Успішно знято 500 з депозиту з ID 123.
2024-11-16 23:54:04 [main] INFO  com.my_complex_lab.Commands.WithdrawEarly - Процедура дострокового зняття коштів завершена.
2024-11-16 23:54:04 [main] INFO  com.my_complex_lab.Commands.WithdrawEarly - Початок процедури дострокового зняття коштів.
2024-11-16 23:54:04 [main] WARN  com.my_complex_lab.Commands.WithdrawEarly - Не знайдено депозит з ID 999.
2024-11-16 23:54:04 [main] INFO  com.my_complex_lab.Commands.WithdrawEarly - Процедура дострокового зняття коштів завершена.
2024-11-16 23:54:04 [main] INFO  com.my_complex_lab.Commands.ViewMyDeposits - Перегляд власних депозитів розпочато.
2024-11-16 23:54:04 [main] INFO  com.my_complex_lab.Commands.ViewMyDeposits - Відображено депозит №1: Deposit 1: Bank A, Type U, Balance 1000
2024-11-16 23:54:04 [main] INFO  com.my_complex_lab.Commands.ViewMyDeposits - Відображено депозит №2: Deposit 2: Bank B, Type О, Balance 2000
2024-11-16 23:54:04 [main] INFO  com.my_complex_lab.Commands.ViewMyDeposits - Перегляд власних депозитів завершено.
2024-11-16 23:54:04 [main] INFO  com.my_complex_lab.Commands.SortDeposits - Сортування депозитів
2024-11-16 23:56:30 [main] INFO  com.my_complex_lab.Commands.PickDeposit - Обираємо депозити...
2024-11-16 23:56:30 [main] ERROR com.my_complex_lab.Commands.PickDeposit - Некоректне введення: очікується число.
java.lang.NumberFormatException: For input string: "invalid"
	at java.lang.NumberFormatException.forInputString(NumberFormatException.java:67) ~[?:?]
	at java.lang.Integer.parseInt(Integer.java:588) ~[?:?]
	at java.lang.Integer.parseInt(Integer.java:685) ~[?:?]
	at com.my_complex_lab.Commands.PickDeposit.execute(PickDeposit.java:40) ~[classes/:?]
	at com.my_complex_lab.Commands.PickDepositTest.testPickDepositInvalidInput(PickDepositTest.java:81) ~[test-classes/:?]
	at jdk.internal.reflect.DirectMethodHandleAccessor.invoke(DirectMethodHandleAccessor.java:103) ~[?:?]
	at java.lang.reflect.Method.invoke(Method.java:580) ~[?:?]
	at org.junit.platform.commons.util.ReflectionUtils.invokeMethod(ReflectionUtils.java:725) ~[junit-platform-commons-1.8.2.jar:1.8.2]
	at org.junit.jupiter.engine.execution.MethodInvocation.proceed(MethodInvocation.java:60) ~[junit-jupiter-engine-5.8.2.jar:5.8.2]
	at org.junit.jupiter.engine.execution.InvocationInterceptorChain$ValidatingInvocation.proceed(InvocationInterceptorChain.java:131) ~[junit-jupiter-engine-5.8.2.jar:5.8.2]
	at org.junit.jupiter.engine.extension.TimeoutExtension.intercept(TimeoutExtension.java:149) ~[junit-jupiter-engine-5.8.2.jar:5.8.2]
	at org.junit.jupiter.engine.extension.TimeoutExtension.interceptTestableMethod(TimeoutExtension.java:140) ~[junit-jupiter-engine-5.8.2.jar:5.8.2]
	at org.junit.jupiter.engine.extension.TimeoutExtension.interceptTestMethod(TimeoutExtension.java:84) ~[junit-jupiter-engine-5.8.2.jar:5.8.2]
	at org.junit.jupiter.engine.execution.ExecutableInvoker$ReflectiveInterceptorCall.lambda$ofVoidMethod$0(ExecutableInvoker.java:115) ~[junit-jupiter-engine-5.8.2.jar:5.8.2]
	at org.junit.jupiter.engine.execution.ExecutableInvoker.lambda$invoke$0(ExecutableInvoker.java:105) ~[junit-jupiter-engine-5.8.2.jar:5.8.2]
	at org.junit.jupiter.engine.execution.InvocationInterceptorChain$InterceptedInvocation.proceed(InvocationInterceptorChain.java:106) ~[junit-jupiter-engine-5.8.2.jar:5.8.2]
	at org.junit.jupiter.engine.execution.InvocationInterceptorChain.proceed(InvocationInterceptorChain.java:64) ~[junit-jupiter-engine-5.8.2.jar:5.8.2]
	at org.junit.jupiter.engine.execution.InvocationInterceptorChain.chainAndInvoke(InvocationInterceptorChain.java:45) ~[junit-jupiter-engine-5.8.2.jar:5.8.2]
	at org.junit.jupiter.engine.execution.InvocationInterceptorChain.invoke(InvocationInterceptorChain.java:37) ~[junit-jupiter-engine-5.8.2.jar:5.8.2]
	at org.junit.jupiter.engine.execution.ExecutableInvoker.invoke(ExecutableInvoker.java:104) ~[junit-jupiter-engine-5.8.2.jar:5.8.2]
	at org.junit.jupiter.engine.execution.ExecutableInvoker.invoke(ExecutableInvoker.java:98) ~[junit-jupiter-engine-5.8.2.jar:5.8.2]
	at org.junit.jupiter.engine.descriptor.TestMethodTestDescriptor.lambda$invokeTestMethod$7(TestMethodTestDescriptor.java:214) ~[junit-jupiter-engine-5.8.2.jar:5.8.2]
	at org.junit.platform.engine.support.hierarchical.ThrowableCollector.execute(ThrowableCollector.java:73) ~[junit-platform-engine-1.8.2.jar:1.8.2]
	at org.junit.jupiter.engine.descriptor.TestMethodTestDescriptor.invokeTestMethod(TestMethodTestDescriptor.java:210) ~[junit-jupiter-engine-5.8.2.jar:5.8.2]
	at org.junit.jupiter.engine.descriptor.TestMethodTestDescriptor.execute(TestMethodTestDescriptor.java:135) ~[junit-jupiter-engine-5.8.2.jar:5.8.2]
	at org.junit.jupiter.engine.descriptor.TestMethodTestDescriptor.execute(TestMethodTestDescriptor.java:66) ~[junit-jupiter-engine-5.8.2.jar:5.8.2]
	at org.junit.platform.engine.support.hierarchical.NodeTestTask.lambda$executeRecursively$6(NodeTestTask.java:151) ~[junit-platform-engine-1.8.2.jar:1.8.2]
	at org.junit.platform.engine.support.hierarchical.ThrowableCollector.execute(ThrowableCollector.java:73) ~[junit-platform-engine-1.8.2.jar:1.8.2]
	at org.junit.platform.engine.support.hierarchical.NodeTestTask.lambda$executeRecursively$8(NodeTestTask.java:141) ~[junit-platform-engine-1.8.2.jar:1.8.2]
	at org.junit.platform.engine.support.hierarchical.Node.around(Node.java:137) ~[junit-platform-engine-1.8.2.jar:1.8.2]
	at org.junit.platform.engine.support.hierarchical.NodeTestTask.lambda$executeRecursively$9(NodeTestTask.java:139) ~[junit-platform-engine-1.8.2.jar:1.8.2]
	at org.junit.platform.engine.support.hierarchical.ThrowableCollector.execute(ThrowableCollector.java:73) ~[junit-platform-engine-1.8.2.jar:1.8.2]
	at org.junit.platform.engine.support.hierarchical.NodeTestTask.executeRecursively(NodeTestTask.java:138) ~[junit-platform-engine-1.8.2.jar:1.8.2]
	at org.junit.platform.engine.support.hierarchical.NodeTestTask.execute(NodeTestTask.java:95) ~[junit-platform-engine-1.8.2.jar:1.8.2]
	at java.util.ArrayList.forEach(ArrayList.java:1597) ~[?:?]
	at org.junit.platform.engine.support.hierarchical.SameThreadHierarchicalTestExecutorService.invokeAll(SameThreadHierarchicalTestExecutorService.java:41) ~[junit-platform-engine-1.8.2.jar:1.8.2]
	at org.junit.platform.engine.support.hierarchical.NodeTestTask.lambda$executeRecursively$6(NodeTestTask.java:155) ~[junit-platform-engine-1.8.2.jar:1.8.2]
	at org.junit.platform.engine.support.hierarchical.ThrowableCollector.execute(ThrowableCollector.java:73) ~[junit-platform-engine-1.8.2.jar:1.8.2]
	at org.junit.platform.engine.support.hierarchical.NodeTestTask.lambda$executeRecursively$8(NodeTestTask.java:141) ~[junit-platform-engine-1.8.2.jar:1.8.2]
	at org.junit.platform.engine.support.hierarchical.Node.around(Node.java:137) ~[junit-platform-engine-1.8.2.jar:1.8.2]
	at org.junit.platform.engine.support.hierarchical.NodeTestTask.lambda$executeRecursively$9(NodeTestTask.java:139) ~[junit-platform-engine-1.8.2.jar:1.8.2]
	at org.junit.platform.engine.support.hierarchical.ThrowableCollector.execute(ThrowableCollector.java:73) ~[junit-platform-engine-1.8.2.jar:1.8.2]
	at org.junit.platform.engine.support.hierarchical.NodeTestTask.executeRecursively(NodeTestTask.java:138) ~[junit-platform-engine-1.8.2.jar:1.8.2]
	at org.junit.platform.engine.support.hierarchical.NodeTestTask.execute(NodeTestTask.java:95) ~[junit-platform-engine-1.8.2.jar:1.8.2]
	at java.util.ArrayList.forEach(ArrayList.java:1597) ~[?:?]
	at org.junit.platform.engine.support.hierarchical.SameThreadHierarchicalTestExecutorService.invokeAll(SameThreadHierarchicalTestExecutorService.java:41) ~[junit-platform-engine-1.8.2.jar:1.8.2]
	at org.junit.platform.engine.support.hierarchical.NodeTestTask.lambda$executeRecursively$6(NodeTestTask.java:155) ~[junit-platform-engine-1.8.2.jar:1.8.2]
	at org.junit.platform.engine.support.hierarchical.ThrowableCollector.execute(ThrowableCollector.java:73) ~[junit-platform-engine-1.8.2.jar:1.8.2]
	at org.junit.platform.engine.support.hierarchical.NodeTestTask.lambda$executeRecursively$8(NodeTestTask.java:141) ~[junit-platform-engine-1.8.2.jar:1.8.2]
	at org.junit.platform.engine.support.hierarchical.Node.around(Node.java:137) ~[junit-platform-engine-1.8.2.jar:1.8.2]
	at org.junit.platform.engine.support.hierarchical.NodeTestTask.lambda$executeRecursively$9(NodeTestTask.java:139) ~[junit-platform-engine-1.8.2.jar:1.8.2]
	at org.junit.platform.engine.support.hierarchical.ThrowableCollector.execute(ThrowableCollector.java:73) ~[junit-platform-engine-1.8.2.jar:1.8.2]
	at org.junit.platform.engine.support.hierarchical.NodeTestTask.executeRecursively(NodeTestTask.java:138) ~[junit-platform-engine-1.8.2.jar:1.8.2]
	at org.junit.platform.engine.support.hierarchical.NodeTestTask.execute(NodeTestTask.java:95) ~[junit-platform-engine-1.8.2.jar:1.8.2]
	at org.junit.platform.engine.support.hierarchical.SameThreadHierarchicalTestExecutorService.submit(SameThreadHierarchicalTestExecutorService.java:35) ~[junit-platform-engine-1.8.2.jar:1.8.2]
	at org.junit.platform.engine.support.hierarchical.HierarchicalTestExecutor.execute(HierarchicalTestExecutor.java:57) ~[junit-platform-engine-1.8.2.jar:1.8.2]
	at org.junit.platform.engine.support.hierarchical.HierarchicalTestEngine.execute(HierarchicalTestEngine.java:54) ~[junit-platform-engine-1.8.2.jar:1.8.2]
	at org.junit.platform.launcher.core.EngineExecutionOrchestrator.execute(EngineExecutionOrchestrator.java:107) ~[junit-platform-launcher-1.8.2.jar:1.8.2]
	at org.junit.platform.launcher.core.EngineExecutionOrchestrator.execute(EngineExecutionOrchestrator.java:88) ~[junit-platform-launcher-1.8.2.jar:1.8.2]
	at org.junit.platform.launcher.core.EngineExecutionOrchestrator.lambda$execute$0(EngineExecutionOrchestrator.java:54) ~[junit-platform-launcher-1.8.2.jar:1.8.2]
	at org.junit.platform.launcher.core.EngineExecutionOrchestrator.withInterceptedStreams(EngineExecutionOrchestrator.java:67) [junit-platform-launcher-1.8.2.jar:1.8.2]
	at org.junit.platform.launcher.core.EngineExecutionOrchestrator.execute(EngineExecutionOrchestrator.java:52) [junit-platform-launcher-1.8.2.jar:1.8.2]
	at org.junit.platform.launcher.core.DefaultLauncher.execute(DefaultLauncher.java:114) [junit-platform-launcher-1.8.2.jar:1.8.2]
	at org.junit.platform.launcher.core.DefaultLauncher.execute(DefaultLauncher.java:86) [junit-platform-launcher-1.8.2.jar:1.8.2]
	at org.junit.platform.launcher.core.DefaultLauncherSession$DelegatingLauncher.execute(DefaultLauncherSession.java:86) [junit-platform-launcher-1.8.2.jar:1.8.2]
	at org.junit.platform.launcher.core.SessionPerRequestLauncher.execute(SessionPerRequestLauncher.java:53) [junit-platform-launcher-1.8.2.jar:1.8.2]
	at com.intellij.junit5.JUnit5IdeaTestRunner.startRunnerWithArgs(JUnit5IdeaTestRunner.java:57) [junit5-rt.jar:?]
	at com.intellij.rt.junit.IdeaTestRunner$Repeater$1.execute(IdeaTestRunner.java:38) [junit-rt.jar:?]
	at com.intellij.rt.execution.junit.TestsRepeater.repeat(TestsRepeater.java:11) [idea_rt.jar:?]
	at com.intellij.rt.junit.IdeaTestRunner$Repeater.startRunnerWithArgs(IdeaTestRunner.java:35) [junit-rt.jar:?]
	at com.intellij.rt.junit.JUnitStarter.prepareStreamsAndStart(JUnitStarter.java:232) [junit-rt.jar:?]
	at com.intellij.rt.junit.JUnitStarter.main(JUnitStarter.java:55) [junit-rt.jar:?]
2024-11-16 23:56:32 [main] INFO  com.my_complex_lab.Commands.PickDeposit - 
Ви завершили вибір депозитів.
2024-11-16 23:56:32 [main] INFO  com.my_complex_lab.Commands.PickDeposit - Обираємо депозити...
2024-11-16 23:56:32 [main] INFO  com.my_complex_lab.Commands.PickDeposit - 
Ви завершили вибір депозитів.
2024-11-16 23:56:32 [main] INFO  com.my_complex_lab.Commands.PickDeposit - Обираємо депозити...
2024-11-16 23:56:32 [main] INFO  com.my_complex_lab.Commands.PickDeposit - 
Ви завершили вибір депозитів.
2024-11-16 23:56:32 [main] INFO  com.my_complex_lab.Commands.PickDeposit - Обираємо депозити...
2024-11-16 23:56:32 [main] INFO  com.my_complex_lab.Commands.PickDeposit - 
Ви завершили вибір депозитів.
2024-11-16 23:57:08 [main] INFO  com.my_complex_lab.Commands.PickDeposit - Обираємо депозити...
2024-11-16 23:57:08 [main] ERROR com.my_complex_lab.Commands.PickDeposit - Некоректне введення: очікується число.
java.lang.NumberFormatException: For input string: "invalid"
	at java.lang.NumberFormatException.forInputString(NumberFormatException.java:67) ~[?:?]
	at java.lang.Integer.parseInt(Integer.java:588) ~[?:?]
	at java.lang.Integer.parseInt(Integer.java:685) ~[?:?]
	at com.my_complex_lab.Commands.PickDeposit.execute(PickDeposit.java:40) ~[classes/:?]
	at com.my_complex_lab.Commands.PickDepositTest.testPickDepositInvalidInput(PickDepositTest.java:81) ~[test-classes/:?]
	at jdk.internal.reflect.DirectMethodHandleAccessor.invoke(DirectMethodHandleAccessor.java:103) ~[?:?]
	at java.lang.reflect.Method.invoke(Method.java:580) ~[?:?]
	at org.junit.platform.commons.util.ReflectionUtils.invokeMethod(ReflectionUtils.java:725) ~[junit-platform-commons-1.8.2.jar:1.8.2]
	at org.junit.jupiter.engine.execution.MethodInvocation.proceed(MethodInvocation.java:60) ~[junit-jupiter-engine-5.8.2.jar:5.8.2]
	at org.junit.jupiter.engine.execution.InvocationInterceptorChain$ValidatingInvocation.proceed(InvocationInterceptorChain.java:131) ~[junit-jupiter-engine-5.8.2.jar:5.8.2]
	at org.junit.jupiter.engine.extension.TimeoutExtension.intercept(TimeoutExtension.java:149) ~[junit-jupiter-engine-5.8.2.jar:5.8.2]
	at org.junit.jupiter.engine.extension.TimeoutExtension.interceptTestableMethod(TimeoutExtension.java:140) ~[junit-jupiter-engine-5.8.2.jar:5.8.2]
	at org.junit.jupiter.engine.extension.TimeoutExtension.interceptTestMethod(TimeoutExtension.java:84) ~[junit-jupiter-engine-5.8.2.jar:5.8.2]
	at org.junit.jupiter.engine.execution.ExecutableInvoker$ReflectiveInterceptorCall.lambda$ofVoidMethod$0(ExecutableInvoker.java:115) ~[junit-jupiter-engine-5.8.2.jar:5.8.2]
	at org.junit.jupiter.engine.execution.ExecutableInvoker.lambda$invoke$0(ExecutableInvoker.java:105) ~[junit-jupiter-engine-5.8.2.jar:5.8.2]
	at org.junit.jupiter.engine.execution.InvocationInterceptorChain$InterceptedInvocation.proceed(InvocationInterceptorChain.java:106) ~[junit-jupiter-engine-5.8.2.jar:5.8.2]
	at org.junit.jupiter.engine.execution.InvocationInterceptorChain.proceed(InvocationInterceptorChain.java:64) ~[junit-jupiter-engine-5.8.2.jar:5.8.2]
	at org.junit.jupiter.engine.execution.InvocationInterceptorChain.chainAndInvoke(InvocationInterceptorChain.java:45) ~[junit-jupiter-engine-5.8.2.jar:5.8.2]
	at org.junit.jupiter.engine.execution.InvocationInterceptorChain.invoke(InvocationInterceptorChain.java:37) ~[junit-jupiter-engine-5.8.2.jar:5.8.2]
	at org.junit.jupiter.engine.execution.ExecutableInvoker.invoke(ExecutableInvoker.java:104) ~[junit-jupiter-engine-5.8.2.jar:5.8.2]
	at org.junit.jupiter.engine.execution.ExecutableInvoker.invoke(ExecutableInvoker.java:98) ~[junit-jupiter-engine-5.8.2.jar:5.8.2]
	at org.junit.jupiter.engine.descriptor.TestMethodTestDescriptor.lambda$invokeTestMethod$7(TestMethodTestDescriptor.java:214) ~[junit-jupiter-engine-5.8.2.jar:5.8.2]
	at org.junit.platform.engine.support.hierarchical.ThrowableCollector.execute(ThrowableCollector.java:73) ~[junit-platform-engine-1.8.2.jar:1.8.2]
	at org.junit.jupiter.engine.descriptor.TestMethodTestDescriptor.invokeTestMethod(TestMethodTestDescriptor.java:210) ~[junit-jupiter-engine-5.8.2.jar:5.8.2]
	at org.junit.jupiter.engine.descriptor.TestMethodTestDescriptor.execute(TestMethodTestDescriptor.java:135) ~[junit-jupiter-engine-5.8.2.jar:5.8.2]
	at org.junit.jupiter.engine.descriptor.TestMethodTestDescriptor.execute(TestMethodTestDescriptor.java:66) ~[junit-jupiter-engine-5.8.2.jar:5.8.2]
	at org.junit.platform.engine.support.hierarchical.NodeTestTask.lambda$executeRecursively$6(NodeTestTask.java:151) ~[junit-platform-engine-1.8.2.jar:1.8.2]
	at org.junit.platform.engine.support.hierarchical.ThrowableCollector.execute(ThrowableCollector.java:73) ~[junit-platform-engine-1.8.2.jar:1.8.2]
	at org.junit.platform.engine.support.hierarchical.NodeTestTask.lambda$executeRecursively$8(NodeTestTask.java:141) ~[junit-platform-engine-1.8.2.jar:1.8.2]
	at org.junit.platform.engine.support.hierarchical.Node.around(Node.java:137) ~[junit-platform-engine-1.8.2.jar:1.8.2]
	at org.junit.platform.engine.support.hierarchical.NodeTestTask.lambda$executeRecursively$9(NodeTestTask.java:139) ~[junit-platform-engine-1.8.2.jar:1.8.2]
	at org.junit.platform.engine.support.hierarchical.ThrowableCollector.execute(ThrowableCollector.java:73) ~[junit-platform-engine-1.8.2.jar:1.8.2]
	at org.junit.platform.engine.support.hierarchical.NodeTestTask.executeRecursively(NodeTestTask.java:138) ~[junit-platform-engine-1.8.2.jar:1.8.2]
	at org.junit.platform.engine.support.hierarchical.NodeTestTask.execute(NodeTestTask.java:95) ~[junit-platform-engine-1.8.2.jar:1.8.2]
	at java.util.ArrayList.forEach(ArrayList.java:1597) ~[?:?]
	at org.junit.platform.engine.support.hierarchical.SameThreadHierarchicalTestExecutorService.invokeAll(SameThreadHierarchicalTestExecutorService.java:41) ~[junit-platform-engine-1.8.2.jar:1.8.2]
	at org.junit.platform.engine.support.hierarchical.NodeTestTask.lambda$executeRecursively$6(NodeTestTask.java:155) ~[junit-platform-engine-1.8.2.jar:1.8.2]
	at org.junit.platform.engine.support.hierarchical.ThrowableCollector.execute(ThrowableCollector.java:73) ~[junit-platform-engine-1.8.2.jar:1.8.2]
	at org.junit.platform.engine.support.hierarchical.NodeTestTask.lambda$executeRecursively$8(NodeTestTask.java:141) ~[junit-platform-engine-1.8.2.jar:1.8.2]
	at org.junit.platform.engine.support.hierarchical.Node.around(Node.java:137) ~[junit-platform-engine-1.8.2.jar:1.8.2]
	at org.junit.platform.engine.support.hierarchical.NodeTestTask.lambda$executeRecursively$9(NodeTestTask.java:139) ~[junit-platform-engine-1.8.2.jar:1.8.2]
	at org.junit.platform.engine.support.hierarchical.ThrowableCollector.execute(ThrowableCollector.java:73) ~[junit-platform-engine-1.8.2.jar:1.8.2]
	at org.junit.platform.engine.support.hierarchical.NodeTestTask.executeRecursively(NodeTestTask.java:138) ~[junit-platform-engine-1.8.2.jar:1.8.2]
	at org.junit.platform.engine.support.hierarchical.NodeTestTask.execute(NodeTestTask.java:95) ~[junit-platform-engine-1.8.2.jar:1.8.2]
	at java.util.ArrayList.forEach(ArrayList.java:1597) ~[?:?]
	at org.junit.platform.engine.support.hierarchical.SameThreadHierarchicalTestExecutorService.invokeAll(SameThreadHierarchicalTestExecutorService.java:41) ~[junit-platform-engine-1.8.2.jar:1.8.2]
	at org.junit.platform.engine.support.hierarchical.NodeTestTask.lambda$executeRecursively$6(NodeTestTask.java:155) ~[junit-platform-engine-1.8.2.jar:1.8.2]
	at org.junit.platform.engine.support.hierarchical.ThrowableCollector.execute(ThrowableCollector.java:73) ~[junit-platform-engine-1.8.2.jar:1.8.2]
	at org.junit.platform.engine.support.hierarchical.NodeTestTask.lambda$executeRecursively$8(NodeTestTask.java:141) ~[junit-platform-engine-1.8.2.jar:1.8.2]
	at org.junit.platform.engine.support.hierarchical.Node.around(Node.java:137) ~[junit-platform-engine-1.8.2.jar:1.8.2]
	at org.junit.platform.engine.support.hierarchical.NodeTestTask.lambda$executeRecursively$9(NodeTestTask.java:139) ~[junit-platform-engine-1.8.2.jar:1.8.2]
	at org.junit.platform.engine.support.hierarchical.ThrowableCollector.execute(ThrowableCollector.java:73) ~[junit-platform-engine-1.8.2.jar:1.8.2]
	at org.junit.platform.engine.support.hierarchical.NodeTestTask.executeRecursively(NodeTestTask.java:138) ~[junit-platform-engine-1.8.2.jar:1.8.2]
	at org.junit.platform.engine.support.hierarchical.NodeTestTask.execute(NodeTestTask.java:95) ~[junit-platform-engine-1.8.2.jar:1.8.2]
	at org.junit.platform.engine.support.hierarchical.SameThreadHierarchicalTestExecutorService.submit(SameThreadHierarchicalTestExecutorService.java:35) ~[junit-platform-engine-1.8.2.jar:1.8.2]
	at org.junit.platform.engine.support.hierarchical.HierarchicalTestExecutor.execute(HierarchicalTestExecutor.java:57) ~[junit-platform-engine-1.8.2.jar:1.8.2]
	at org.junit.platform.engine.support.hierarchical.HierarchicalTestEngine.execute(HierarchicalTestEngine.java:54) ~[junit-platform-engine-1.8.2.jar:1.8.2]
	at org.junit.platform.launcher.core.EngineExecutionOrchestrator.execute(EngineExecutionOrchestrator.java:107) ~[junit-platform-launcher-1.8.2.jar:1.8.2]
	at org.junit.platform.launcher.core.EngineExecutionOrchestrator.execute(EngineExecutionOrchestrator.java:88) ~[junit-platform-launcher-1.8.2.jar:1.8.2]
	at org.junit.platform.launcher.core.EngineExecutionOrchestrator.lambda$execute$0(EngineExecutionOrchestrator.java:54) ~[junit-platform-launcher-1.8.2.jar:1.8.2]
	at org.junit.platform.launcher.core.EngineExecutionOrchestrator.withInterceptedStreams(EngineExecutionOrchestrator.java:67) [junit-platform-launcher-1.8.2.jar:1.8.2]
	at org.junit.platform.launcher.core.EngineExecutionOrchestrator.execute(EngineExecutionOrchestrator.java:52) [junit-platform-launcher-1.8.2.jar:1.8.2]
	at org.junit.platform.launcher.core.DefaultLauncher.execute(DefaultLauncher.java:114) [junit-platform-launcher-1.8.2.jar:1.8.2]
	at org.junit.platform.launcher.core.DefaultLauncher.execute(DefaultLauncher.java:86) [junit-platform-launcher-1.8.2.jar:1.8.2]
	at org.junit.platform.launcher.core.DefaultLauncherSession$DelegatingLauncher.execute(DefaultLauncherSession.java:86) [junit-platform-launcher-1.8.2.jar:1.8.2]
	at org.junit.platform.launcher.core.SessionPerRequestLauncher.execute(SessionPerRequestLauncher.java:53) [junit-platform-launcher-1.8.2.jar:1.8.2]
	at com.intellij.junit5.JUnit5IdeaTestRunner.startRunnerWithArgs(JUnit5IdeaTestRunner.java:57) [junit5-rt.jar:?]
	at com.intellij.rt.junit.IdeaTestRunner$Repeater$1.execute(IdeaTestRunner.java:38) [junit-rt.jar:?]
	at com.intellij.rt.execution.junit.TestsRepeater.repeat(TestsRepeater.java:11) [idea_rt.jar:?]
	at com.intellij.rt.junit.IdeaTestRunner$Repeater.startRunnerWithArgs(IdeaTestRunner.java:35) [junit-rt.jar:?]
	at com.intellij.rt.junit.JUnitStarter.prepareStreamsAndStart(JUnitStarter.java:232) [junit-rt.jar:?]
	at com.intellij.rt.junit.JUnitStarter.main(JUnitStarter.java:55) [junit-rt.jar:?]
2024-11-16 23:57:09 [main] INFO  com.my_complex_lab.Commands.PickDeposit - 
Ви завершили вибір депозитів.
2024-11-16 23:57:09 [main] INFO  com.my_complex_lab.Commands.PickDeposit - Обираємо депозити...
2024-11-16 23:57:09 [main] INFO  com.my_complex_lab.Commands.PickDeposit - 
Ви завершили вибір депозитів.
2024-11-16 23:57:09 [main] INFO  com.my_complex_lab.Commands.PickDeposit - Обираємо депозити...
2024-11-16 23:57:09 [main] INFO  com.my_complex_lab.Commands.PickDeposit - 
Ви завершили вибір депозитів.
2024-11-16 23:57:45 [main] INFO  com.my_complex_lab.Commands.PickDeposit - Обираємо депозити...
2024-11-16 23:57:45 [main] ERROR com.my_complex_lab.Commands.PickDeposit - Некоректне введення: очікується число.
java.lang.NumberFormatException: For input string: "invalid"
	at java.lang.NumberFormatException.forInputString(NumberFormatException.java:67) ~[?:?]
	at java.lang.Integer.parseInt(Integer.java:588) ~[?:?]
	at java.lang.Integer.parseInt(Integer.java:685) ~[?:?]
	at com.my_complex_lab.Commands.PickDeposit.execute(PickDeposit.java:40) ~[classes/:?]
	at com.my_complex_lab.Commands.PickDepositTest.testPickDepositInvalidInput(PickDepositTest.java:81) ~[test-classes/:?]
	at jdk.internal.reflect.DirectMethodHandleAccessor.invoke(DirectMethodHandleAccessor.java:103) ~[?:?]
	at java.lang.reflect.Method.invoke(Method.java:580) ~[?:?]
	at org.junit.platform.commons.util.ReflectionUtils.invokeMethod(ReflectionUtils.java:725) ~[junit-platform-commons-1.8.2.jar:1.8.2]
	at org.junit.jupiter.engine.execution.MethodInvocation.proceed(MethodInvocation.java:60) ~[junit-jupiter-engine-5.8.2.jar:5.8.2]
	at org.junit.jupiter.engine.execution.InvocationInterceptorChain$ValidatingInvocation.proceed(InvocationInterceptorChain.java:131) ~[junit-jupiter-engine-5.8.2.jar:5.8.2]
	at org.junit.jupiter.engine.extension.TimeoutExtension.intercept(TimeoutExtension.java:149) ~[junit-jupiter-engine-5.8.2.jar:5.8.2]
	at org.junit.jupiter.engine.extension.TimeoutExtension.interceptTestableMethod(TimeoutExtension.java:140) ~[junit-jupiter-engine-5.8.2.jar:5.8.2]
	at org.junit.jupiter.engine.extension.TimeoutExtension.interceptTestMethod(TimeoutExtension.java:84) ~[junit-jupiter-engine-5.8.2.jar:5.8.2]
	at org.junit.jupiter.engine.execution.ExecutableInvoker$ReflectiveInterceptorCall.lambda$ofVoidMethod$0(ExecutableInvoker.java:115) ~[junit-jupiter-engine-5.8.2.jar:5.8.2]
	at org.junit.jupiter.engine.execution.ExecutableInvoker.lambda$invoke$0(ExecutableInvoker.java:105) ~[junit-jupiter-engine-5.8.2.jar:5.8.2]
	at org.junit.jupiter.engine.execution.InvocationInterceptorChain$InterceptedInvocation.proceed(InvocationInterceptorChain.java:106) ~[junit-jupiter-engine-5.8.2.jar:5.8.2]
	at org.junit.jupiter.engine.execution.InvocationInterceptorChain.proceed(InvocationInterceptorChain.java:64) ~[junit-jupiter-engine-5.8.2.jar:5.8.2]
	at org.junit.jupiter.engine.execution.InvocationInterceptorChain.chainAndInvoke(InvocationInterceptorChain.java:45) ~[junit-jupiter-engine-5.8.2.jar:5.8.2]
	at org.junit.jupiter.engine.execution.InvocationInterceptorChain.invoke(InvocationInterceptorChain.java:37) ~[junit-jupiter-engine-5.8.2.jar:5.8.2]
	at org.junit.jupiter.engine.execution.ExecutableInvoker.invoke(ExecutableInvoker.java:104) ~[junit-jupiter-engine-5.8.2.jar:5.8.2]
	at org.junit.jupiter.engine.execution.ExecutableInvoker.invoke(ExecutableInvoker.java:98) ~[junit-jupiter-engine-5.8.2.jar:5.8.2]
	at org.junit.jupiter.engine.descriptor.TestMethodTestDescriptor.lambda$invokeTestMethod$7(TestMethodTestDescriptor.java:214) ~[junit-jupiter-engine-5.8.2.jar:5.8.2]
	at org.junit.platform.engine.support.hierarchical.ThrowableCollector.execute(ThrowableCollector.java:73) ~[junit-platform-engine-1.8.2.jar:1.8.2]
	at org.junit.jupiter.engine.descriptor.TestMethodTestDescriptor.invokeTestMethod(TestMethodTestDescriptor.java:210) ~[junit-jupiter-engine-5.8.2.jar:5.8.2]
	at org.junit.jupiter.engine.descriptor.TestMethodTestDescriptor.execute(TestMethodTestDescriptor.java:135) ~[junit-jupiter-engine-5.8.2.jar:5.8.2]
	at org.junit.jupiter.engine.descriptor.TestMethodTestDescriptor.execute(TestMethodTestDescriptor.java:66) ~[junit-jupiter-engine-5.8.2.jar:5.8.2]
	at org.junit.platform.engine.support.hierarchical.NodeTestTask.lambda$executeRecursively$6(NodeTestTask.java:151) ~[junit-platform-engine-1.8.2.jar:1.8.2]
	at org.junit.platform.engine.support.hierarchical.ThrowableCollector.execute(ThrowableCollector.java:73) ~[junit-platform-engine-1.8.2.jar:1.8.2]
	at org.junit.platform.engine.support.hierarchical.NodeTestTask.lambda$executeRecursively$8(NodeTestTask.java:141) ~[junit-platform-engine-1.8.2.jar:1.8.2]
	at org.junit.platform.engine.support.hierarchical.Node.around(Node.java:137) ~[junit-platform-engine-1.8.2.jar:1.8.2]
	at org.junit.platform.engine.support.hierarchical.NodeTestTask.lambda$executeRecursively$9(NodeTestTask.java:139) ~[junit-platform-engine-1.8.2.jar:1.8.2]
	at org.junit.platform.engine.support.hierarchical.ThrowableCollector.execute(ThrowableCollector.java:73) ~[junit-platform-engine-1.8.2.jar:1.8.2]
	at org.junit.platform.engine.support.hierarchical.NodeTestTask.executeRecursively(NodeTestTask.java:138) ~[junit-platform-engine-1.8.2.jar:1.8.2]
	at org.junit.platform.engine.support.hierarchical.NodeTestTask.execute(NodeTestTask.java:95) ~[junit-platform-engine-1.8.2.jar:1.8.2]
	at java.util.ArrayList.forEach(ArrayList.java:1597) ~[?:?]
	at org.junit.platform.engine.support.hierarchical.SameThreadHierarchicalTestExecutorService.invokeAll(SameThreadHierarchicalTestExecutorService.java:41) ~[junit-platform-engine-1.8.2.jar:1.8.2]
	at org.junit.platform.engine.support.hierarchical.NodeTestTask.lambda$executeRecursively$6(NodeTestTask.java:155) ~[junit-platform-engine-1.8.2.jar:1.8.2]
	at org.junit.platform.engine.support.hierarchical.ThrowableCollector.execute(ThrowableCollector.java:73) ~[junit-platform-engine-1.8.2.jar:1.8.2]
	at org.junit.platform.engine.support.hierarchical.NodeTestTask.lambda$executeRecursively$8(NodeTestTask.java:141) ~[junit-platform-engine-1.8.2.jar:1.8.2]
	at org.junit.platform.engine.support.hierarchical.Node.around(Node.java:137) ~[junit-platform-engine-1.8.2.jar:1.8.2]
	at org.junit.platform.engine.support.hierarchical.NodeTestTask.lambda$executeRecursively$9(NodeTestTask.java:139) ~[junit-platform-engine-1.8.2.jar:1.8.2]
	at org.junit.platform.engine.support.hierarchical.ThrowableCollector.execute(ThrowableCollector.java:73) ~[junit-platform-engine-1.8.2.jar:1.8.2]
	at org.junit.platform.engine.support.hierarchical.NodeTestTask.executeRecursively(NodeTestTask.java:138) ~[junit-platform-engine-1.8.2.jar:1.8.2]
	at org.junit.platform.engine.support.hierarchical.NodeTestTask.execute(NodeTestTask.java:95) ~[junit-platform-engine-1.8.2.jar:1.8.2]
	at java.util.ArrayList.forEach(ArrayList.java:1597) ~[?:?]
	at org.junit.platform.engine.support.hierarchical.SameThreadHierarchicalTestExecutorService.invokeAll(SameThreadHierarchicalTestExecutorService.java:41) ~[junit-platform-engine-1.8.2.jar:1.8.2]
	at org.junit.platform.engine.support.hierarchical.NodeTestTask.lambda$executeRecursively$6(NodeTestTask.java:155) ~[junit-platform-engine-1.8.2.jar:1.8.2]
	at org.junit.platform.engine.support.hierarchical.ThrowableCollector.execute(ThrowableCollector.java:73) ~[junit-platform-engine-1.8.2.jar:1.8.2]
	at org.junit.platform.engine.support.hierarchical.NodeTestTask.lambda$executeRecursively$8(NodeTestTask.java:141) ~[junit-platform-engine-1.8.2.jar:1.8.2]
	at org.junit.platform.engine.support.hierarchical.Node.around(Node.java:137) ~[junit-platform-engine-1.8.2.jar:1.8.2]
	at org.junit.platform.engine.support.hierarchical.NodeTestTask.lambda$executeRecursively$9(NodeTestTask.java:139) ~[junit-platform-engine-1.8.2.jar:1.8.2]
	at org.junit.platform.engine.support.hierarchical.ThrowableCollector.execute(ThrowableCollector.java:73) ~[junit-platform-engine-1.8.2.jar:1.8.2]
	at org.junit.platform.engine.support.hierarchical.NodeTestTask.executeRecursively(NodeTestTask.java:138) ~[junit-platform-engine-1.8.2.jar:1.8.2]
	at org.junit.platform.engine.support.hierarchical.NodeTestTask.execute(NodeTestTask.java:95) ~[junit-platform-engine-1.8.2.jar:1.8.2]
	at org.junit.platform.engine.support.hierarchical.SameThreadHierarchicalTestExecutorService.submit(SameThreadHierarchicalTestExecutorService.java:35) ~[junit-platform-engine-1.8.2.jar:1.8.2]
	at org.junit.platform.engine.support.hierarchical.HierarchicalTestExecutor.execute(HierarchicalTestExecutor.java:57) ~[junit-platform-engine-1.8.2.jar:1.8.2]
	at org.junit.platform.engine.support.hierarchical.HierarchicalTestEngine.execute(HierarchicalTestEngine.java:54) ~[junit-platform-engine-1.8.2.jar:1.8.2]
	at org.junit.platform.launcher.core.EngineExecutionOrchestrator.execute(EngineExecutionOrchestrator.java:107) ~[junit-platform-launcher-1.8.2.jar:1.8.2]
	at org.junit.platform.launcher.core.EngineExecutionOrchestrator.execute(EngineExecutionOrchestrator.java:88) ~[junit-platform-launcher-1.8.2.jar:1.8.2]
	at org.junit.platform.launcher.core.EngineExecutionOrchestrator.lambda$execute$0(EngineExecutionOrchestrator.java:54) ~[junit-platform-launcher-1.8.2.jar:1.8.2]
	at org.junit.platform.launcher.core.EngineExecutionOrchestrator.withInterceptedStreams(EngineExecutionOrchestrator.java:67) [junit-platform-launcher-1.8.2.jar:1.8.2]
	at org.junit.platform.launcher.core.EngineExecutionOrchestrator.execute(EngineExecutionOrchestrator.java:52) [junit-platform-launcher-1.8.2.jar:1.8.2]
	at org.junit.platform.launcher.core.DefaultLauncher.execute(DefaultLauncher.java:114) [junit-platform-launcher-1.8.2.jar:1.8.2]
	at org.junit.platform.launcher.core.DefaultLauncher.execute(DefaultLauncher.java:86) [junit-platform-launcher-1.8.2.jar:1.8.2]
	at org.junit.platform.launcher.core.DefaultLauncherSession$DelegatingLauncher.execute(DefaultLauncherSession.java:86) [junit-platform-launcher-1.8.2.jar:1.8.2]
	at org.junit.platform.launcher.core.SessionPerRequestLauncher.execute(SessionPerRequestLauncher.java:53) [junit-platform-launcher-1.8.2.jar:1.8.2]
	at com.intellij.junit5.JUnit5IdeaTestRunner.startRunnerWithArgs(JUnit5IdeaTestRunner.java:57) [junit5-rt.jar:?]
	at com.intellij.rt.junit.IdeaTestRunner$Repeater$1.execute(IdeaTestRunner.java:38) [junit-rt.jar:?]
	at com.intellij.rt.execution.junit.TestsRepeater.repeat(TestsRepeater.java:11) [idea_rt.jar:?]
	at com.intellij.rt.junit.IdeaTestRunner$Repeater.startRunnerWithArgs(IdeaTestRunner.java:35) [junit-rt.jar:?]
	at com.intellij.rt.junit.JUnitStarter.prepareStreamsAndStart(JUnitStarter.java:232) [junit-rt.jar:?]
	at com.intellij.rt.junit.JUnitStarter.main(JUnitStarter.java:55) [junit-rt.jar:?]
2024-11-16 23:57:45 [main] INFO  com.my_complex_lab.Commands.PickDeposit - 
Ви завершили вибір депозитів.
2024-11-16 23:57:45 [main] INFO  com.my_complex_lab.Commands.PickDeposit - Обираємо депозити...
2024-11-16 23:57:45 [main] INFO  com.my_complex_lab.Commands.PickDeposit - 
Ви завершили вибір депозитів.
2024-11-16 23:57:45 [main] INFO  com.my_complex_lab.Commands.PickDeposit - Обираємо депозити...
2024-11-16 23:57:45 [main] INFO  com.my_complex_lab.Commands.PickDeposit - 
Ви завершили вибір депозитів.
2024-11-16 23:57:59 [main] INFO  com.my_complex_lab.Commands.ViewAllDeposits - Перегляд усіх депозитів розпочато.
2024-11-16 23:57:59 [main] INFO  com.my_complex_lab.Commands.ViewAllDeposits - Відображено депозит №1: Deposit 1: Bank A, Type U, Balance 1000
2024-11-16 23:57:59 [main] INFO  com.my_complex_lab.Commands.ViewAllDeposits - Відображено депозит №2: Deposit 2: Bank B, Type О, Balance 2000
2024-11-16 23:57:59 [main] INFO  com.my_complex_lab.Commands.ViewAllDeposits - Перегляд усіх депозитів завершено.
2024-11-16 23:57:59 [main] INFO  com.my_complex_lab.Commands.ReplenishDeposit - Початок процесу поповнення депозиту.
2024-11-16 23:57:59 [main] INFO  com.my_complex_lab.Commands.ReplenishDeposit - Депозит з ID 1 знайдено.
2024-11-16 23:57:59 [main] INFO  com.my_complex_lab.Commands.ReplenishDeposit - Депозит з ID 1 успішно поповнено на суму 500.
2024-11-16 23:57:59 [main] INFO  com.my_complex_lab.Commands.ReplenishDeposit - Завершення процесу поповнення депозиту.
2024-11-16 23:57:59 [main] INFO  com.my_complex_lab.Commands.ReplenishDeposit - Початок процесу поповнення депозиту.
2024-11-16 23:57:59 [main] WARN  com.my_complex_lab.Commands.ReplenishDeposit - Депозит з ID 3 не знайдено серед доступних.
2024-11-16 23:57:59 [main] INFO  com.my_complex_lab.Commands.ReplenishDeposit - Завершення процесу поповнення депозиту.
2024-11-16 23:57:59 [main] INFO  com.my_complex_lab.Commands.PickDeposit - Обираємо депозити...
2024-11-16 23:57:59 [main] ERROR com.my_complex_lab.Commands.PickDeposit - Некоректне введення: очікується число.
java.lang.NumberFormatException: For input string: "invalid"
	at java.lang.NumberFormatException.forInputString(NumberFormatException.java:67) ~[?:?]
	at java.lang.Integer.parseInt(Integer.java:588) ~[?:?]
	at java.lang.Integer.parseInt(Integer.java:685) ~[?:?]
	at com.my_complex_lab.Commands.PickDeposit.execute(PickDeposit.java:40) ~[classes/:?]
	at com.my_complex_lab.Commands.PickDepositTest.testPickDepositInvalidInput(PickDepositTest.java:81) ~[test-classes/:?]
	at jdk.internal.reflect.DirectMethodHandleAccessor.invoke(DirectMethodHandleAccessor.java:103) ~[?:?]
	at java.lang.reflect.Method.invoke(Method.java:580) ~[?:?]
	at org.junit.platform.commons.util.ReflectionUtils.invokeMethod(ReflectionUtils.java:725) ~[junit-platform-commons-1.8.2.jar:1.8.2]
	at org.junit.jupiter.engine.execution.MethodInvocation.proceed(MethodInvocation.java:60) ~[junit-jupiter-engine-5.8.2.jar:5.8.2]
	at org.junit.jupiter.engine.execution.InvocationInterceptorChain$ValidatingInvocation.proceed(InvocationInterceptorChain.java:131) ~[junit-jupiter-engine-5.8.2.jar:5.8.2]
	at org.junit.jupiter.engine.extension.TimeoutExtension.intercept(TimeoutExtension.java:149) ~[junit-jupiter-engine-5.8.2.jar:5.8.2]
	at org.junit.jupiter.engine.extension.TimeoutExtension.interceptTestableMethod(TimeoutExtension.java:140) ~[junit-jupiter-engine-5.8.2.jar:5.8.2]
	at org.junit.jupiter.engine.extension.TimeoutExtension.interceptTestMethod(TimeoutExtension.java:84) ~[junit-jupiter-engine-5.8.2.jar:5.8.2]
	at org.junit.jupiter.engine.execution.ExecutableInvoker$ReflectiveInterceptorCall.lambda$ofVoidMethod$0(ExecutableInvoker.java:115) ~[junit-jupiter-engine-5.8.2.jar:5.8.2]
	at org.junit.jupiter.engine.execution.ExecutableInvoker.lambda$invoke$0(ExecutableInvoker.java:105) ~[junit-jupiter-engine-5.8.2.jar:5.8.2]
	at org.junit.jupiter.engine.execution.InvocationInterceptorChain$InterceptedInvocation.proceed(InvocationInterceptorChain.java:106) ~[junit-jupiter-engine-5.8.2.jar:5.8.2]
	at org.junit.jupiter.engine.execution.InvocationInterceptorChain.proceed(InvocationInterceptorChain.java:64) ~[junit-jupiter-engine-5.8.2.jar:5.8.2]
	at org.junit.jupiter.engine.execution.InvocationInterceptorChain.chainAndInvoke(InvocationInterceptorChain.java:45) ~[junit-jupiter-engine-5.8.2.jar:5.8.2]
	at org.junit.jupiter.engine.execution.InvocationInterceptorChain.invoke(InvocationInterceptorChain.java:37) ~[junit-jupiter-engine-5.8.2.jar:5.8.2]
	at org.junit.jupiter.engine.execution.ExecutableInvoker.invoke(ExecutableInvoker.java:104) ~[junit-jupiter-engine-5.8.2.jar:5.8.2]
	at org.junit.jupiter.engine.execution.ExecutableInvoker.invoke(ExecutableInvoker.java:98) ~[junit-jupiter-engine-5.8.2.jar:5.8.2]
	at org.junit.jupiter.engine.descriptor.TestMethodTestDescriptor.lambda$invokeTestMethod$7(TestMethodTestDescriptor.java:214) ~[junit-jupiter-engine-5.8.2.jar:5.8.2]
	at org.junit.platform.engine.support.hierarchical.ThrowableCollector.execute(ThrowableCollector.java:73) ~[junit-platform-engine-1.8.2.jar:1.8.2]
	at org.junit.jupiter.engine.descriptor.TestMethodTestDescriptor.invokeTestMethod(TestMethodTestDescriptor.java:210) ~[junit-jupiter-engine-5.8.2.jar:5.8.2]
	at org.junit.jupiter.engine.descriptor.TestMethodTestDescriptor.execute(TestMethodTestDescriptor.java:135) ~[junit-jupiter-engine-5.8.2.jar:5.8.2]
	at org.junit.jupiter.engine.descriptor.TestMethodTestDescriptor.execute(TestMethodTestDescriptor.java:66) ~[junit-jupiter-engine-5.8.2.jar:5.8.2]
	at org.junit.platform.engine.support.hierarchical.NodeTestTask.lambda$executeRecursively$6(NodeTestTask.java:151) ~[junit-platform-engine-1.8.2.jar:1.8.2]
	at org.junit.platform.engine.support.hierarchical.ThrowableCollector.execute(ThrowableCollector.java:73) ~[junit-platform-engine-1.8.2.jar:1.8.2]
	at org.junit.platform.engine.support.hierarchical.NodeTestTask.lambda$executeRecursively$8(NodeTestTask.java:141) ~[junit-platform-engine-1.8.2.jar:1.8.2]
	at org.junit.platform.engine.support.hierarchical.Node.around(Node.java:137) ~[junit-platform-engine-1.8.2.jar:1.8.2]
	at org.junit.platform.engine.support.hierarchical.NodeTestTask.lambda$executeRecursively$9(NodeTestTask.java:139) ~[junit-platform-engine-1.8.2.jar:1.8.2]
	at org.junit.platform.engine.support.hierarchical.ThrowableCollector.execute(ThrowableCollector.java:73) ~[junit-platform-engine-1.8.2.jar:1.8.2]
	at org.junit.platform.engine.support.hierarchical.NodeTestTask.executeRecursively(NodeTestTask.java:138) ~[junit-platform-engine-1.8.2.jar:1.8.2]
	at org.junit.platform.engine.support.hierarchical.NodeTestTask.execute(NodeTestTask.java:95) ~[junit-platform-engine-1.8.2.jar:1.8.2]
	at java.util.ArrayList.forEach(ArrayList.java:1597) ~[?:?]
	at org.junit.platform.engine.support.hierarchical.SameThreadHierarchicalTestExecutorService.invokeAll(SameThreadHierarchicalTestExecutorService.java:41) ~[junit-platform-engine-1.8.2.jar:1.8.2]
	at org.junit.platform.engine.support.hierarchical.NodeTestTask.lambda$executeRecursively$6(NodeTestTask.java:155) ~[junit-platform-engine-1.8.2.jar:1.8.2]
	at org.junit.platform.engine.support.hierarchical.ThrowableCollector.execute(ThrowableCollector.java:73) ~[junit-platform-engine-1.8.2.jar:1.8.2]
	at org.junit.platform.engine.support.hierarchical.NodeTestTask.lambda$executeRecursively$8(NodeTestTask.java:141) ~[junit-platform-engine-1.8.2.jar:1.8.2]
	at org.junit.platform.engine.support.hierarchical.Node.around(Node.java:137) ~[junit-platform-engine-1.8.2.jar:1.8.2]
	at org.junit.platform.engine.support.hierarchical.NodeTestTask.lambda$executeRecursively$9(NodeTestTask.java:139) ~[junit-platform-engine-1.8.2.jar:1.8.2]
	at org.junit.platform.engine.support.hierarchical.ThrowableCollector.execute(ThrowableCollector.java:73) ~[junit-platform-engine-1.8.2.jar:1.8.2]
	at org.junit.platform.engine.support.hierarchical.NodeTestTask.executeRecursively(NodeTestTask.java:138) ~[junit-platform-engine-1.8.2.jar:1.8.2]
	at org.junit.platform.engine.support.hierarchical.NodeTestTask.execute(NodeTestTask.java:95) ~[junit-platform-engine-1.8.2.jar:1.8.2]
	at java.util.ArrayList.forEach(ArrayList.java:1597) ~[?:?]
	at org.junit.platform.engine.support.hierarchical.SameThreadHierarchicalTestExecutorService.invokeAll(SameThreadHierarchicalTestExecutorService.java:41) ~[junit-platform-engine-1.8.2.jar:1.8.2]
	at org.junit.platform.engine.support.hierarchical.NodeTestTask.lambda$executeRecursively$6(NodeTestTask.java:155) ~[junit-platform-engine-1.8.2.jar:1.8.2]
	at org.junit.platform.engine.support.hierarchical.ThrowableCollector.execute(ThrowableCollector.java:73) ~[junit-platform-engine-1.8.2.jar:1.8.2]
	at org.junit.platform.engine.support.hierarchical.NodeTestTask.lambda$executeRecursively$8(NodeTestTask.java:141) ~[junit-platform-engine-1.8.2.jar:1.8.2]
	at org.junit.platform.engine.support.hierarchical.Node.around(Node.java:137) ~[junit-platform-engine-1.8.2.jar:1.8.2]
	at org.junit.platform.engine.support.hierarchical.NodeTestTask.lambda$executeRecursively$9(NodeTestTask.java:139) ~[junit-platform-engine-1.8.2.jar:1.8.2]
	at org.junit.platform.engine.support.hierarchical.ThrowableCollector.execute(ThrowableCollector.java:73) ~[junit-platform-engine-1.8.2.jar:1.8.2]
	at org.junit.platform.engine.support.hierarchical.NodeTestTask.executeRecursively(NodeTestTask.java:138) ~[junit-platform-engine-1.8.2.jar:1.8.2]
	at org.junit.platform.engine.support.hierarchical.NodeTestTask.execute(NodeTestTask.java:95) ~[junit-platform-engine-1.8.2.jar:1.8.2]
	at org.junit.platform.engine.support.hierarchical.SameThreadHierarchicalTestExecutorService.submit(SameThreadHierarchicalTestExecutorService.java:35) ~[junit-platform-engine-1.8.2.jar:1.8.2]
	at org.junit.platform.engine.support.hierarchical.HierarchicalTestExecutor.execute(HierarchicalTestExecutor.java:57) ~[junit-platform-engine-1.8.2.jar:1.8.2]
	at org.junit.platform.engine.support.hierarchical.HierarchicalTestEngine.execute(HierarchicalTestEngine.java:54) ~[junit-platform-engine-1.8.2.jar:1.8.2]
	at org.junit.platform.launcher.core.EngineExecutionOrchestrator.execute(EngineExecutionOrchestrator.java:107) ~[junit-platform-launcher-1.8.2.jar:1.8.2]
	at org.junit.platform.launcher.core.EngineExecutionOrchestrator.execute(EngineExecutionOrchestrator.java:88) ~[junit-platform-launcher-1.8.2.jar:1.8.2]
	at org.junit.platform.launcher.core.EngineExecutionOrchestrator.lambda$execute$0(EngineExecutionOrchestrator.java:54) ~[junit-platform-launcher-1.8.2.jar:1.8.2]
	at org.junit.platform.launcher.core.EngineExecutionOrchestrator.withInterceptedStreams(EngineExecutionOrchestrator.java:67) [junit-platform-launcher-1.8.2.jar:1.8.2]
	at org.junit.platform.launcher.core.EngineExecutionOrchestrator.execute(EngineExecutionOrchestrator.java:52) [junit-platform-launcher-1.8.2.jar:1.8.2]
	at org.junit.platform.launcher.core.DefaultLauncher.execute(DefaultLauncher.java:114) [junit-platform-launcher-1.8.2.jar:1.8.2]
	at org.junit.platform.launcher.core.DefaultLauncher.execute(DefaultLauncher.java:86) [junit-platform-launcher-1.8.2.jar:1.8.2]
	at org.junit.platform.launcher.core.DefaultLauncherSession$DelegatingLauncher.execute(DefaultLauncherSession.java:86) [junit-platform-launcher-1.8.2.jar:1.8.2]
	at org.junit.platform.launcher.core.SessionPerRequestLauncher.execute(SessionPerRequestLauncher.java:53) [junit-platform-launcher-1.8.2.jar:1.8.2]
	at com.intellij.junit5.JUnit5IdeaTestRunner.startRunnerWithArgs(JUnit5IdeaTestRunner.java:57) [junit5-rt.jar:?]
	at com.intellij.rt.junit.IdeaTestRunner$Repeater$1.execute(IdeaTestRunner.java:38) [junit-rt.jar:?]
	at com.intellij.rt.execution.junit.TestsRepeater.repeat(TestsRepeater.java:11) [idea_rt.jar:?]
	at com.intellij.rt.junit.IdeaTestRunner$Repeater.startRunnerWithArgs(IdeaTestRunner.java:35) [junit-rt.jar:?]
	at com.intellij.rt.junit.JUnitStarter.prepareStreamsAndStart(JUnitStarter.java:232) [junit-rt.jar:?]
	at com.intellij.rt.junit.JUnitStarter.main(JUnitStarter.java:55) [junit-rt.jar:?]
2024-11-16 23:58:00 [main] INFO  com.my_complex_lab.Commands.PickDeposit - 
Ви завершили вибір депозитів.
2024-11-16 23:58:00 [main] INFO  com.my_complex_lab.Commands.PickDeposit - Обираємо депозити...
2024-11-16 23:58:00 [main] INFO  com.my_complex_lab.Commands.PickDeposit - 
Ви завершили вибір депозитів.
2024-11-16 23:58:00 [main] INFO  com.my_complex_lab.Commands.PickDeposit - Обираємо депозити...
2024-11-16 23:58:00 [main] INFO  com.my_complex_lab.Commands.PickDeposit - 
Ви завершили вибір депозитів.
2024-11-16 23:58:00 [main] INFO  com.my_complex_lab.Commands.FindDeposit - Пошук депозиту розпочато.
2024-11-16 23:58:00 [main] INFO  com.my_complex_lab.Commands.FindDeposit - Користувач шукає депозити типу: Н
2024-11-16 23:58:00 [main] WARN  com.my_complex_lab.Commands.FindDeposit - Депозити типу 'Н' не знайдені.
2024-11-16 23:58:00 [main] INFO  com.my_complex_lab.Commands.FindDeposit - Пошук депозиту завершено.
2024-11-16 23:58:00 [main] INFO  com.my_complex_lab.Commands.FindDeposit - Пошук депозиту розпочато.
2024-11-16 23:58:00 [main] WARN  com.my_complex_lab.Commands.FindDeposit - Некоректний вибір критерію: 3
2024-11-16 23:58:00 [main] INFO  com.my_complex_lab.Commands.FindDeposit - Пошук депозиту завершено.
2024-11-16 23:58:00 [main] INFO  com.my_complex_lab.Commands.FindDeposit - Пошук депозиту розпочато.
2024-11-16 23:58:00 [main] INFO  com.my_complex_lab.Commands.FindDeposit - Користувач шукає депозити банку: Nonexistent Bank
2024-11-16 23:58:00 [main] WARN  com.my_complex_lab.Commands.FindDeposit - Депозити банку 'Nonexistent Bank' не знайдені.
2024-11-16 23:58:00 [main] INFO  com.my_complex_lab.Commands.FindDeposit - Пошук депозиту завершено.
2024-11-16 23:58:00 [main] INFO  com.my_complex_lab.Commands.WithdrawEarly - Початок процедури дострокового зняття коштів.
2024-11-16 23:58:00 [main] ERROR com.my_complex_lab.Commands.WithdrawEarly - Помилка вводу під час зняття коштів: null
2024-11-16 23:58:00 [main] INFO  com.my_complex_lab.Commands.WithdrawEarly - Процедура дострокового зняття коштів завершена.
2024-11-16 23:58:00 [main] INFO  com.my_complex_lab.Commands.WithdrawEarly - Початок процедури дострокового зняття коштів.
2024-11-16 23:58:00 [main] INFO  com.my_complex_lab.Commands.WithdrawEarly - Знайдено депозит з ID 123: Mock for Deposit, hashCode: 1295820487
2024-11-16 23:58:00 [main] WARN  com.my_complex_lab.Commands.WithdrawEarly - Спроба зняти недопустиму суму: -500
2024-11-16 23:58:00 [main] INFO  com.my_complex_lab.Commands.WithdrawEarly - Початок процедури дострокового зняття коштів.
2024-11-16 23:58:00 [main] INFO  com.my_complex_lab.Commands.WithdrawEarly - Знайдено депозит з ID 123: Mock for Deposit, hashCode: 585496942
2024-11-16 23:58:00 [main] INFO  com.my_complex_lab.Commands.WithdrawEarly - Успішно знято 500 з депозиту з ID 123.
2024-11-16 23:58:00 [main] INFO  com.my_complex_lab.Commands.WithdrawEarly - Процедура дострокового зняття коштів завершена.
2024-11-16 23:58:00 [main] INFO  com.my_complex_lab.Commands.WithdrawEarly - Початок процедури дострокового зняття коштів.
2024-11-16 23:58:00 [main] WARN  com.my_complex_lab.Commands.WithdrawEarly - Не знайдено депозит з ID 999.
2024-11-16 23:58:00 [main] INFO  com.my_complex_lab.Commands.WithdrawEarly - Процедура дострокового зняття коштів завершена.
2024-11-16 23:58:00 [main] INFO  com.my_complex_lab.Commands.ViewMyDeposits - Перегляд власних депозитів розпочато.
2024-11-16 23:58:00 [main] INFO  com.my_complex_lab.Commands.ViewMyDeposits - Відображено депозит №1: Deposit 1: Bank A, Type U, Balance 1000
2024-11-16 23:58:00 [main] INFO  com.my_complex_lab.Commands.ViewMyDeposits - Відображено депозит №2: Deposit 2: Bank B, Type О, Balance 2000
2024-11-16 23:58:00 [main] INFO  com.my_complex_lab.Commands.ViewMyDeposits - Перегляд власних депозитів завершено.
2024-11-16 23:58:00 [main] INFO  com.my_complex_lab.Commands.SortDeposits - Сортування депозитів
2024-11-16 23:58:24 [main] INFO  com.my_complex_lab.Commands.ViewAllDeposits - Перегляд усіх депозитів розпочато.
2024-11-16 23:58:24 [main] INFO  com.my_complex_lab.Commands.ViewAllDeposits - Відображено депозит №1: Deposit 1: Bank A, Type U, Balance 1000
2024-11-16 23:58:24 [main] INFO  com.my_complex_lab.Commands.ViewAllDeposits - Відображено депозит №2: Deposit 2: Bank B, Type О, Balance 2000
2024-11-16 23:58:24 [main] INFO  com.my_complex_lab.Commands.ViewAllDeposits - Перегляд усіх депозитів завершено.
2024-11-16 23:58:24 [main] INFO  com.my_complex_lab.Commands.ReplenishDeposit - Початок процесу поповнення депозиту.
2024-11-16 23:58:24 [main] INFO  com.my_complex_lab.Commands.ReplenishDeposit - Депозит з ID 1 знайдено.
2024-11-16 23:58:24 [main] INFO  com.my_complex_lab.Commands.ReplenishDeposit - Депозит з ID 1 успішно поповнено на суму 500.
2024-11-16 23:58:24 [main] INFO  com.my_complex_lab.Commands.ReplenishDeposit - Завершення процесу поповнення депозиту.
2024-11-16 23:58:24 [main] INFO  com.my_complex_lab.Commands.ReplenishDeposit - Початок процесу поповнення депозиту.
2024-11-16 23:58:24 [main] WARN  com.my_complex_lab.Commands.ReplenishDeposit - Депозит з ID 3 не знайдено серед доступних.
2024-11-16 23:58:24 [main] INFO  com.my_complex_lab.Commands.ReplenishDeposit - Завершення процесу поповнення депозиту.
2024-11-16 23:58:24 [main] INFO  com.my_complex_lab.Commands.PickDeposit - Обираємо депозити...
2024-11-16 23:58:24 [main] ERROR com.my_complex_lab.Commands.PickDeposit - Некоректне введення: очікується число.
java.lang.NumberFormatException: For input string: "invalid"
	at java.lang.NumberFormatException.forInputString(NumberFormatException.java:67) ~[?:?]
	at java.lang.Integer.parseInt(Integer.java:588) ~[?:?]
	at java.lang.Integer.parseInt(Integer.java:685) ~[?:?]
	at com.my_complex_lab.Commands.PickDeposit.execute(PickDeposit.java:40) ~[classes/:?]
	at com.my_complex_lab.Commands.PickDepositTest.testPickDepositInvalidInput(PickDepositTest.java:81) ~[test-classes/:?]
	at jdk.internal.reflect.DirectMethodHandleAccessor.invoke(DirectMethodHandleAccessor.java:103) ~[?:?]
	at java.lang.reflect.Method.invoke(Method.java:580) ~[?:?]
	at org.junit.platform.commons.util.ReflectionUtils.invokeMethod(ReflectionUtils.java:725) ~[junit-platform-commons-1.8.2.jar:1.8.2]
	at org.junit.jupiter.engine.execution.MethodInvocation.proceed(MethodInvocation.java:60) ~[junit-jupiter-engine-5.8.2.jar:5.8.2]
	at org.junit.jupiter.engine.execution.InvocationInterceptorChain$ValidatingInvocation.proceed(InvocationInterceptorChain.java:131) ~[junit-jupiter-engine-5.8.2.jar:5.8.2]
	at org.junit.jupiter.engine.extension.TimeoutExtension.intercept(TimeoutExtension.java:149) ~[junit-jupiter-engine-5.8.2.jar:5.8.2]
	at org.junit.jupiter.engine.extension.TimeoutExtension.interceptTestableMethod(TimeoutExtension.java:140) ~[junit-jupiter-engine-5.8.2.jar:5.8.2]
	at org.junit.jupiter.engine.extension.TimeoutExtension.interceptTestMethod(TimeoutExtension.java:84) ~[junit-jupiter-engine-5.8.2.jar:5.8.2]
	at org.junit.jupiter.engine.execution.ExecutableInvoker$ReflectiveInterceptorCall.lambda$ofVoidMethod$0(ExecutableInvoker.java:115) ~[junit-jupiter-engine-5.8.2.jar:5.8.2]
	at org.junit.jupiter.engine.execution.ExecutableInvoker.lambda$invoke$0(ExecutableInvoker.java:105) ~[junit-jupiter-engine-5.8.2.jar:5.8.2]
	at org.junit.jupiter.engine.execution.InvocationInterceptorChain$InterceptedInvocation.proceed(InvocationInterceptorChain.java:106) ~[junit-jupiter-engine-5.8.2.jar:5.8.2]
	at org.junit.jupiter.engine.execution.InvocationInterceptorChain.proceed(InvocationInterceptorChain.java:64) ~[junit-jupiter-engine-5.8.2.jar:5.8.2]
	at org.junit.jupiter.engine.execution.InvocationInterceptorChain.chainAndInvoke(InvocationInterceptorChain.java:45) ~[junit-jupiter-engine-5.8.2.jar:5.8.2]
	at org.junit.jupiter.engine.execution.InvocationInterceptorChain.invoke(InvocationInterceptorChain.java:37) ~[junit-jupiter-engine-5.8.2.jar:5.8.2]
	at org.junit.jupiter.engine.execution.ExecutableInvoker.invoke(ExecutableInvoker.java:104) ~[junit-jupiter-engine-5.8.2.jar:5.8.2]
	at org.junit.jupiter.engine.execution.ExecutableInvoker.invoke(ExecutableInvoker.java:98) ~[junit-jupiter-engine-5.8.2.jar:5.8.2]
	at org.junit.jupiter.engine.descriptor.TestMethodTestDescriptor.lambda$invokeTestMethod$7(TestMethodTestDescriptor.java:214) ~[junit-jupiter-engine-5.8.2.jar:5.8.2]
	at org.junit.platform.engine.support.hierarchical.ThrowableCollector.execute(ThrowableCollector.java:73) ~[junit-platform-engine-1.8.2.jar:1.8.2]
	at org.junit.jupiter.engine.descriptor.TestMethodTestDescriptor.invokeTestMethod(TestMethodTestDescriptor.java:210) ~[junit-jupiter-engine-5.8.2.jar:5.8.2]
	at org.junit.jupiter.engine.descriptor.TestMethodTestDescriptor.execute(TestMethodTestDescriptor.java:135) ~[junit-jupiter-engine-5.8.2.jar:5.8.2]
	at org.junit.jupiter.engine.descriptor.TestMethodTestDescriptor.execute(TestMethodTestDescriptor.java:66) ~[junit-jupiter-engine-5.8.2.jar:5.8.2]
	at org.junit.platform.engine.support.hierarchical.NodeTestTask.lambda$executeRecursively$6(NodeTestTask.java:151) ~[junit-platform-engine-1.8.2.jar:1.8.2]
	at org.junit.platform.engine.support.hierarchical.ThrowableCollector.execute(ThrowableCollector.java:73) ~[junit-platform-engine-1.8.2.jar:1.8.2]
	at org.junit.platform.engine.support.hierarchical.NodeTestTask.lambda$executeRecursively$8(NodeTestTask.java:141) ~[junit-platform-engine-1.8.2.jar:1.8.2]
	at org.junit.platform.engine.support.hierarchical.Node.around(Node.java:137) ~[junit-platform-engine-1.8.2.jar:1.8.2]
	at org.junit.platform.engine.support.hierarchical.NodeTestTask.lambda$executeRecursively$9(NodeTestTask.java:139) ~[junit-platform-engine-1.8.2.jar:1.8.2]
	at org.junit.platform.engine.support.hierarchical.ThrowableCollector.execute(ThrowableCollector.java:73) ~[junit-platform-engine-1.8.2.jar:1.8.2]
	at org.junit.platform.engine.support.hierarchical.NodeTestTask.executeRecursively(NodeTestTask.java:138) ~[junit-platform-engine-1.8.2.jar:1.8.2]
	at org.junit.platform.engine.support.hierarchical.NodeTestTask.execute(NodeTestTask.java:95) ~[junit-platform-engine-1.8.2.jar:1.8.2]
	at java.util.ArrayList.forEach(ArrayList.java:1597) ~[?:?]
	at org.junit.platform.engine.support.hierarchical.SameThreadHierarchicalTestExecutorService.invokeAll(SameThreadHierarchicalTestExecutorService.java:41) ~[junit-platform-engine-1.8.2.jar:1.8.2]
	at org.junit.platform.engine.support.hierarchical.NodeTestTask.lambda$executeRecursively$6(NodeTestTask.java:155) ~[junit-platform-engine-1.8.2.jar:1.8.2]
	at org.junit.platform.engine.support.hierarchical.ThrowableCollector.execute(ThrowableCollector.java:73) ~[junit-platform-engine-1.8.2.jar:1.8.2]
	at org.junit.platform.engine.support.hierarchical.NodeTestTask.lambda$executeRecursively$8(NodeTestTask.java:141) ~[junit-platform-engine-1.8.2.jar:1.8.2]
	at org.junit.platform.engine.support.hierarchical.Node.around(Node.java:137) ~[junit-platform-engine-1.8.2.jar:1.8.2]
	at org.junit.platform.engine.support.hierarchical.NodeTestTask.lambda$executeRecursively$9(NodeTestTask.java:139) ~[junit-platform-engine-1.8.2.jar:1.8.2]
	at org.junit.platform.engine.support.hierarchical.ThrowableCollector.execute(ThrowableCollector.java:73) ~[junit-platform-engine-1.8.2.jar:1.8.2]
	at org.junit.platform.engine.support.hierarchical.NodeTestTask.executeRecursively(NodeTestTask.java:138) ~[junit-platform-engine-1.8.2.jar:1.8.2]
	at org.junit.platform.engine.support.hierarchical.NodeTestTask.execute(NodeTestTask.java:95) ~[junit-platform-engine-1.8.2.jar:1.8.2]
	at java.util.ArrayList.forEach(ArrayList.java:1597) ~[?:?]
	at org.junit.platform.engine.support.hierarchical.SameThreadHierarchicalTestExecutorService.invokeAll(SameThreadHierarchicalTestExecutorService.java:41) ~[junit-platform-engine-1.8.2.jar:1.8.2]
	at org.junit.platform.engine.support.hierarchical.NodeTestTask.lambda$executeRecursively$6(NodeTestTask.java:155) ~[junit-platform-engine-1.8.2.jar:1.8.2]
	at org.junit.platform.engine.support.hierarchical.ThrowableCollector.execute(ThrowableCollector.java:73) ~[junit-platform-engine-1.8.2.jar:1.8.2]
	at org.junit.platform.engine.support.hierarchical.NodeTestTask.lambda$executeRecursively$8(NodeTestTask.java:141) ~[junit-platform-engine-1.8.2.jar:1.8.2]
	at org.junit.platform.engine.support.hierarchical.Node.around(Node.java:137) ~[junit-platform-engine-1.8.2.jar:1.8.2]
	at org.junit.platform.engine.support.hierarchical.NodeTestTask.lambda$executeRecursively$9(NodeTestTask.java:139) ~[junit-platform-engine-1.8.2.jar:1.8.2]
	at org.junit.platform.engine.support.hierarchical.ThrowableCollector.execute(ThrowableCollector.java:73) ~[junit-platform-engine-1.8.2.jar:1.8.2]
	at org.junit.platform.engine.support.hierarchical.NodeTestTask.executeRecursively(NodeTestTask.java:138) ~[junit-platform-engine-1.8.2.jar:1.8.2]
	at org.junit.platform.engine.support.hierarchical.NodeTestTask.execute(NodeTestTask.java:95) ~[junit-platform-engine-1.8.2.jar:1.8.2]
	at org.junit.platform.engine.support.hierarchical.SameThreadHierarchicalTestExecutorService.submit(SameThreadHierarchicalTestExecutorService.java:35) ~[junit-platform-engine-1.8.2.jar:1.8.2]
	at org.junit.platform.engine.support.hierarchical.HierarchicalTestExecutor.execute(HierarchicalTestExecutor.java:57) ~[junit-platform-engine-1.8.2.jar:1.8.2]
	at org.junit.platform.engine.support.hierarchical.HierarchicalTestEngine.execute(HierarchicalTestEngine.java:54) ~[junit-platform-engine-1.8.2.jar:1.8.2]
	at org.junit.platform.launcher.core.EngineExecutionOrchestrator.execute(EngineExecutionOrchestrator.java:107) ~[junit-platform-launcher-1.8.2.jar:1.8.2]
	at org.junit.platform.launcher.core.EngineExecutionOrchestrator.execute(EngineExecutionOrchestrator.java:88) ~[junit-platform-launcher-1.8.2.jar:1.8.2]
	at org.junit.platform.launcher.core.EngineExecutionOrchestrator.lambda$execute$0(EngineExecutionOrchestrator.java:54) ~[junit-platform-launcher-1.8.2.jar:1.8.2]
	at org.junit.platform.launcher.core.EngineExecutionOrchestrator.withInterceptedStreams(EngineExecutionOrchestrator.java:67) [junit-platform-launcher-1.8.2.jar:1.8.2]
	at org.junit.platform.launcher.core.EngineExecutionOrchestrator.execute(EngineExecutionOrchestrator.java:52) [junit-platform-launcher-1.8.2.jar:1.8.2]
	at org.junit.platform.launcher.core.DefaultLauncher.execute(DefaultLauncher.java:114) [junit-platform-launcher-1.8.2.jar:1.8.2]
	at org.junit.platform.launcher.core.DefaultLauncher.execute(DefaultLauncher.java:86) [junit-platform-launcher-1.8.2.jar:1.8.2]
	at org.junit.platform.launcher.core.DefaultLauncherSession$DelegatingLauncher.execute(DefaultLauncherSession.java:86) [junit-platform-launcher-1.8.2.jar:1.8.2]
	at org.junit.platform.launcher.core.SessionPerRequestLauncher.execute(SessionPerRequestLauncher.java:53) [junit-platform-launcher-1.8.2.jar:1.8.2]
	at com.intellij.junit5.JUnit5IdeaTestRunner.startRunnerWithArgs(JUnit5IdeaTestRunner.java:57) [junit5-rt.jar:?]
	at com.intellij.rt.junit.IdeaTestRunner$Repeater$1.execute(IdeaTestRunner.java:38) [junit-rt.jar:?]
	at com.intellij.rt.execution.junit.TestsRepeater.repeat(TestsRepeater.java:11) [idea_rt.jar:?]
	at com.intellij.rt.junit.IdeaTestRunner$Repeater.startRunnerWithArgs(IdeaTestRunner.java:35) [junit-rt.jar:?]
	at com.intellij.rt.junit.JUnitStarter.prepareStreamsAndStart(JUnitStarter.java:232) [junit-rt.jar:?]
	at com.intellij.rt.junit.JUnitStarter.main(JUnitStarter.java:55) [junit-rt.jar:?]
2024-11-16 23:58:25 [main] INFO  com.my_complex_lab.Commands.PickDeposit - 
Ви завершили вибір депозитів.
2024-11-16 23:58:25 [main] INFO  com.my_complex_lab.Commands.PickDeposit - Обираємо депозити...
2024-11-16 23:58:25 [main] INFO  com.my_complex_lab.Commands.PickDeposit - 
Ви завершили вибір депозитів.
2024-11-16 23:58:25 [main] INFO  com.my_complex_lab.Commands.PickDeposit - Обираємо депозити...
2024-11-16 23:58:25 [main] INFO  com.my_complex_lab.Commands.PickDeposit - 
Ви завершили вибір депозитів.
2024-11-16 23:58:25 [main] INFO  com.my_complex_lab.Menu.MyDepositsMenu - Меню депозитів показано користувачеві
2024-11-16 23:58:25 [main] INFO  com.my_complex_lab.Menu.MyDepositsMenu - Виконано команду з ключем: 1
2024-11-16 23:58:25 [main] INFO  com.my_complex_lab.Commands.FindDeposit - Пошук депозиту розпочато.
2024-11-16 23:58:25 [main] INFO  com.my_complex_lab.Commands.FindDeposit - Користувач шукає депозити типу: Н
2024-11-16 23:58:25 [main] WARN  com.my_complex_lab.Commands.FindDeposit - Депозити типу 'Н' не знайдені.
2024-11-16 23:58:25 [main] INFO  com.my_complex_lab.Commands.FindDeposit - Пошук депозиту завершено.
2024-11-16 23:58:25 [main] INFO  com.my_complex_lab.Commands.FindDeposit - Пошук депозиту розпочато.
2024-11-16 23:58:25 [main] WARN  com.my_complex_lab.Commands.FindDeposit - Некоректний вибір критерію: 3
2024-11-16 23:58:25 [main] INFO  com.my_complex_lab.Commands.FindDeposit - Пошук депозиту завершено.
2024-11-16 23:58:25 [main] INFO  com.my_complex_lab.Commands.FindDeposit - Пошук депозиту розпочато.
2024-11-16 23:58:25 [main] INFO  com.my_complex_lab.Commands.FindDeposit - Користувач шукає депозити банку: Nonexistent Bank
2024-11-16 23:58:25 [main] WARN  com.my_complex_lab.Commands.FindDeposit - Депозити банку 'Nonexistent Bank' не знайдені.
2024-11-16 23:58:25 [main] INFO  com.my_complex_lab.Commands.FindDeposit - Пошук депозиту завершено.
2024-11-16 23:58:25 [main] INFO  com.my_complex_lab.Menu.DepositManageMenu - Відображення меню депозитів....
2024-11-16 23:58:25 [main] INFO  com.my_complex_lab.Commands.WithdrawEarly - Початок процедури дострокового зняття коштів.
2024-11-16 23:58:25 [main] ERROR com.my_complex_lab.Commands.WithdrawEarly - Помилка вводу під час зняття коштів: null
2024-11-16 23:58:25 [main] INFO  com.my_complex_lab.Commands.WithdrawEarly - Процедура дострокового зняття коштів завершена.
2024-11-16 23:58:25 [main] INFO  com.my_complex_lab.Commands.WithdrawEarly - Початок процедури дострокового зняття коштів.
2024-11-16 23:58:25 [main] INFO  com.my_complex_lab.Commands.WithdrawEarly - Знайдено депозит з ID 123: Mock for Deposit, hashCode: 1981708431
2024-11-16 23:58:25 [main] WARN  com.my_complex_lab.Commands.WithdrawEarly - Спроба зняти недопустиму суму: -500
2024-11-16 23:58:25 [main] INFO  com.my_complex_lab.Commands.WithdrawEarly - Початок процедури дострокового зняття коштів.
2024-11-16 23:58:25 [main] INFO  com.my_complex_lab.Commands.WithdrawEarly - Знайдено депозит з ID 123: Mock for Deposit, hashCode: 1783047526
2024-11-16 23:58:25 [main] INFO  com.my_complex_lab.Commands.WithdrawEarly - Успішно знято 500 з депозиту з ID 123.
2024-11-16 23:58:25 [main] INFO  com.my_complex_lab.Commands.WithdrawEarly - Процедура дострокового зняття коштів завершена.
2024-11-16 23:58:25 [main] INFO  com.my_complex_lab.Commands.WithdrawEarly - Початок процедури дострокового зняття коштів.
2024-11-16 23:58:25 [main] WARN  com.my_complex_lab.Commands.WithdrawEarly - Не знайдено депозит з ID 999.
2024-11-16 23:58:25 [main] INFO  com.my_complex_lab.Commands.WithdrawEarly - Процедура дострокового зняття коштів завершена.
2024-11-16 23:58:25 [main] INFO  com.my_complex_lab.Commands.ViewMyDeposits - Перегляд власних депозитів розпочато.
2024-11-16 23:58:25 [main] INFO  com.my_complex_lab.Commands.ViewMyDeposits - Відображено депозит №1: Deposit 1: Bank A, Type U, Balance 1000
2024-11-16 23:58:25 [main] INFO  com.my_complex_lab.Commands.ViewMyDeposits - Відображено депозит №2: Deposit 2: Bank B, Type О, Balance 2000
2024-11-16 23:58:25 [main] INFO  com.my_complex_lab.Commands.ViewMyDeposits - Перегляд власних депозитів завершено.
2024-11-16 23:58:25 [main] INFO  com.my_complex_lab.Commands.SortDeposits - Сортування депозитів
2024-11-17 00:00:06 [main] INFO  com.my_complex_lab.Commands.ViewAllDeposits - Перегляд усіх депозитів розпочато.
2024-11-17 00:00:06 [main] INFO  com.my_complex_lab.Commands.ViewAllDeposits - Відображено депозит №1: Deposit 1: Bank A, Type U, Balance 1000
2024-11-17 00:00:06 [main] INFO  com.my_complex_lab.Commands.ViewAllDeposits - Відображено депозит №2: Deposit 2: Bank B, Type О, Balance 2000
2024-11-17 00:00:06 [main] INFO  com.my_complex_lab.Commands.ViewAllDeposits - Перегляд усіх депозитів завершено.
2024-11-17 00:00:06 [main] INFO  com.my_complex_lab.Commands.ReplenishDeposit - Початок процесу поповнення депозиту.
2024-11-17 00:00:06 [main] INFO  com.my_complex_lab.Commands.ReplenishDeposit - Депозит з ID 1 знайдено.
2024-11-17 00:00:06 [main] INFO  com.my_complex_lab.Commands.ReplenishDeposit - Депозит з ID 1 успішно поповнено на суму 500.
2024-11-17 00:00:06 [main] INFO  com.my_complex_lab.Commands.ReplenishDeposit - Завершення процесу поповнення депозиту.
2024-11-17 00:00:06 [main] INFO  com.my_complex_lab.Commands.ReplenishDeposit - Початок процесу поповнення депозиту.
2024-11-17 00:00:06 [main] WARN  com.my_complex_lab.Commands.ReplenishDeposit - Депозит з ID 3 не знайдено серед доступних.
2024-11-17 00:00:06 [main] INFO  com.my_complex_lab.Commands.ReplenishDeposit - Завершення процесу поповнення депозиту.
2024-11-17 00:00:06 [main] INFO  com.my_complex_lab.Commands.PickDeposit - Обираємо депозити...
2024-11-17 00:00:06 [main] ERROR com.my_complex_lab.Commands.PickDeposit - Некоректне введення: очікується число.
java.lang.NumberFormatException: For input string: "invalid"
	at java.lang.NumberFormatException.forInputString(NumberFormatException.java:67) ~[?:?]
	at java.lang.Integer.parseInt(Integer.java:588) ~[?:?]
	at java.lang.Integer.parseInt(Integer.java:685) ~[?:?]
	at com.my_complex_lab.Commands.PickDeposit.execute(PickDeposit.java:40) ~[classes/:?]
	at com.my_complex_lab.Commands.PickDepositTest.testPickDepositInvalidInput(PickDepositTest.java:81) ~[test-classes/:?]
	at jdk.internal.reflect.DirectMethodHandleAccessor.invoke(DirectMethodHandleAccessor.java:103) ~[?:?]
	at java.lang.reflect.Method.invoke(Method.java:580) ~[?:?]
	at org.junit.platform.commons.util.ReflectionUtils.invokeMethod(ReflectionUtils.java:725) ~[junit-platform-commons-1.8.2.jar:1.8.2]
	at org.junit.jupiter.engine.execution.MethodInvocation.proceed(MethodInvocation.java:60) ~[junit-jupiter-engine-5.8.2.jar:5.8.2]
	at org.junit.jupiter.engine.execution.InvocationInterceptorChain$ValidatingInvocation.proceed(InvocationInterceptorChain.java:131) ~[junit-jupiter-engine-5.8.2.jar:5.8.2]
	at org.junit.jupiter.engine.extension.TimeoutExtension.intercept(TimeoutExtension.java:149) ~[junit-jupiter-engine-5.8.2.jar:5.8.2]
	at org.junit.jupiter.engine.extension.TimeoutExtension.interceptTestableMethod(TimeoutExtension.java:140) ~[junit-jupiter-engine-5.8.2.jar:5.8.2]
	at org.junit.jupiter.engine.extension.TimeoutExtension.interceptTestMethod(TimeoutExtension.java:84) ~[junit-jupiter-engine-5.8.2.jar:5.8.2]
	at org.junit.jupiter.engine.execution.ExecutableInvoker$ReflectiveInterceptorCall.lambda$ofVoidMethod$0(ExecutableInvoker.java:115) ~[junit-jupiter-engine-5.8.2.jar:5.8.2]
	at org.junit.jupiter.engine.execution.ExecutableInvoker.lambda$invoke$0(ExecutableInvoker.java:105) ~[junit-jupiter-engine-5.8.2.jar:5.8.2]
	at org.junit.jupiter.engine.execution.InvocationInterceptorChain$InterceptedInvocation.proceed(InvocationInterceptorChain.java:106) ~[junit-jupiter-engine-5.8.2.jar:5.8.2]
	at org.junit.jupiter.engine.execution.InvocationInterceptorChain.proceed(InvocationInterceptorChain.java:64) ~[junit-jupiter-engine-5.8.2.jar:5.8.2]
	at org.junit.jupiter.engine.execution.InvocationInterceptorChain.chainAndInvoke(InvocationInterceptorChain.java:45) ~[junit-jupiter-engine-5.8.2.jar:5.8.2]
	at org.junit.jupiter.engine.execution.InvocationInterceptorChain.invoke(InvocationInterceptorChain.java:37) ~[junit-jupiter-engine-5.8.2.jar:5.8.2]
	at org.junit.jupiter.engine.execution.ExecutableInvoker.invoke(ExecutableInvoker.java:104) ~[junit-jupiter-engine-5.8.2.jar:5.8.2]
	at org.junit.jupiter.engine.execution.ExecutableInvoker.invoke(ExecutableInvoker.java:98) ~[junit-jupiter-engine-5.8.2.jar:5.8.2]
	at org.junit.jupiter.engine.descriptor.TestMethodTestDescriptor.lambda$invokeTestMethod$7(TestMethodTestDescriptor.java:214) ~[junit-jupiter-engine-5.8.2.jar:5.8.2]
	at org.junit.platform.engine.support.hierarchical.ThrowableCollector.execute(ThrowableCollector.java:73) ~[junit-platform-engine-1.8.2.jar:1.8.2]
	at org.junit.jupiter.engine.descriptor.TestMethodTestDescriptor.invokeTestMethod(TestMethodTestDescriptor.java:210) ~[junit-jupiter-engine-5.8.2.jar:5.8.2]
	at org.junit.jupiter.engine.descriptor.TestMethodTestDescriptor.execute(TestMethodTestDescriptor.java:135) ~[junit-jupiter-engine-5.8.2.jar:5.8.2]
	at org.junit.jupiter.engine.descriptor.TestMethodTestDescriptor.execute(TestMethodTestDescriptor.java:66) ~[junit-jupiter-engine-5.8.2.jar:5.8.2]
	at org.junit.platform.engine.support.hierarchical.NodeTestTask.lambda$executeRecursively$6(NodeTestTask.java:151) ~[junit-platform-engine-1.8.2.jar:1.8.2]
	at org.junit.platform.engine.support.hierarchical.ThrowableCollector.execute(ThrowableCollector.java:73) ~[junit-platform-engine-1.8.2.jar:1.8.2]
	at org.junit.platform.engine.support.hierarchical.NodeTestTask.lambda$executeRecursively$8(NodeTestTask.java:141) ~[junit-platform-engine-1.8.2.jar:1.8.2]
	at org.junit.platform.engine.support.hierarchical.Node.around(Node.java:137) ~[junit-platform-engine-1.8.2.jar:1.8.2]
	at org.junit.platform.engine.support.hierarchical.NodeTestTask.lambda$executeRecursively$9(NodeTestTask.java:139) ~[junit-platform-engine-1.8.2.jar:1.8.2]
	at org.junit.platform.engine.support.hierarchical.ThrowableCollector.execute(ThrowableCollector.java:73) ~[junit-platform-engine-1.8.2.jar:1.8.2]
	at org.junit.platform.engine.support.hierarchical.NodeTestTask.executeRecursively(NodeTestTask.java:138) ~[junit-platform-engine-1.8.2.jar:1.8.2]
	at org.junit.platform.engine.support.hierarchical.NodeTestTask.execute(NodeTestTask.java:95) ~[junit-platform-engine-1.8.2.jar:1.8.2]
	at java.util.ArrayList.forEach(ArrayList.java:1597) ~[?:?]
	at org.junit.platform.engine.support.hierarchical.SameThreadHierarchicalTestExecutorService.invokeAll(SameThreadHierarchicalTestExecutorService.java:41) ~[junit-platform-engine-1.8.2.jar:1.8.2]
	at org.junit.platform.engine.support.hierarchical.NodeTestTask.lambda$executeRecursively$6(NodeTestTask.java:155) ~[junit-platform-engine-1.8.2.jar:1.8.2]
	at org.junit.platform.engine.support.hierarchical.ThrowableCollector.execute(ThrowableCollector.java:73) ~[junit-platform-engine-1.8.2.jar:1.8.2]
	at org.junit.platform.engine.support.hierarchical.NodeTestTask.lambda$executeRecursively$8(NodeTestTask.java:141) ~[junit-platform-engine-1.8.2.jar:1.8.2]
	at org.junit.platform.engine.support.hierarchical.Node.around(Node.java:137) ~[junit-platform-engine-1.8.2.jar:1.8.2]
	at org.junit.platform.engine.support.hierarchical.NodeTestTask.lambda$executeRecursively$9(NodeTestTask.java:139) ~[junit-platform-engine-1.8.2.jar:1.8.2]
	at org.junit.platform.engine.support.hierarchical.ThrowableCollector.execute(ThrowableCollector.java:73) ~[junit-platform-engine-1.8.2.jar:1.8.2]
	at org.junit.platform.engine.support.hierarchical.NodeTestTask.executeRecursively(NodeTestTask.java:138) ~[junit-platform-engine-1.8.2.jar:1.8.2]
	at org.junit.platform.engine.support.hierarchical.NodeTestTask.execute(NodeTestTask.java:95) ~[junit-platform-engine-1.8.2.jar:1.8.2]
	at java.util.ArrayList.forEach(ArrayList.java:1597) ~[?:?]
	at org.junit.platform.engine.support.hierarchical.SameThreadHierarchicalTestExecutorService.invokeAll(SameThreadHierarchicalTestExecutorService.java:41) ~[junit-platform-engine-1.8.2.jar:1.8.2]
	at org.junit.platform.engine.support.hierarchical.NodeTestTask.lambda$executeRecursively$6(NodeTestTask.java:155) ~[junit-platform-engine-1.8.2.jar:1.8.2]
	at org.junit.platform.engine.support.hierarchical.ThrowableCollector.execute(ThrowableCollector.java:73) ~[junit-platform-engine-1.8.2.jar:1.8.2]
	at org.junit.platform.engine.support.hierarchical.NodeTestTask.lambda$executeRecursively$8(NodeTestTask.java:141) ~[junit-platform-engine-1.8.2.jar:1.8.2]
	at org.junit.platform.engine.support.hierarchical.Node.around(Node.java:137) ~[junit-platform-engine-1.8.2.jar:1.8.2]
	at org.junit.platform.engine.support.hierarchical.NodeTestTask.lambda$executeRecursively$9(NodeTestTask.java:139) ~[junit-platform-engine-1.8.2.jar:1.8.2]
	at org.junit.platform.engine.support.hierarchical.ThrowableCollector.execute(ThrowableCollector.java:73) ~[junit-platform-engine-1.8.2.jar:1.8.2]
	at org.junit.platform.engine.support.hierarchical.NodeTestTask.executeRecursively(NodeTestTask.java:138) ~[junit-platform-engine-1.8.2.jar:1.8.2]
	at org.junit.platform.engine.support.hierarchical.NodeTestTask.execute(NodeTestTask.java:95) ~[junit-platform-engine-1.8.2.jar:1.8.2]
	at org.junit.platform.engine.support.hierarchical.SameThreadHierarchicalTestExecutorService.submit(SameThreadHierarchicalTestExecutorService.java:35) ~[junit-platform-engine-1.8.2.jar:1.8.2]
	at org.junit.platform.engine.support.hierarchical.HierarchicalTestExecutor.execute(HierarchicalTestExecutor.java:57) ~[junit-platform-engine-1.8.2.jar:1.8.2]
	at org.junit.platform.engine.support.hierarchical.HierarchicalTestEngine.execute(HierarchicalTestEngine.java:54) ~[junit-platform-engine-1.8.2.jar:1.8.2]
	at org.junit.platform.launcher.core.EngineExecutionOrchestrator.execute(EngineExecutionOrchestrator.java:107) ~[junit-platform-launcher-1.8.2.jar:1.8.2]
	at org.junit.platform.launcher.core.EngineExecutionOrchestrator.execute(EngineExecutionOrchestrator.java:88) ~[junit-platform-launcher-1.8.2.jar:1.8.2]
	at org.junit.platform.launcher.core.EngineExecutionOrchestrator.lambda$execute$0(EngineExecutionOrchestrator.java:54) ~[junit-platform-launcher-1.8.2.jar:1.8.2]
	at org.junit.platform.launcher.core.EngineExecutionOrchestrator.withInterceptedStreams(EngineExecutionOrchestrator.java:67) [junit-platform-launcher-1.8.2.jar:1.8.2]
	at org.junit.platform.launcher.core.EngineExecutionOrchestrator.execute(EngineExecutionOrchestrator.java:52) [junit-platform-launcher-1.8.2.jar:1.8.2]
	at org.junit.platform.launcher.core.DefaultLauncher.execute(DefaultLauncher.java:114) [junit-platform-launcher-1.8.2.jar:1.8.2]
	at org.junit.platform.launcher.core.DefaultLauncher.execute(DefaultLauncher.java:86) [junit-platform-launcher-1.8.2.jar:1.8.2]
	at org.junit.platform.launcher.core.DefaultLauncherSession$DelegatingLauncher.execute(DefaultLauncherSession.java:86) [junit-platform-launcher-1.8.2.jar:1.8.2]
	at org.junit.platform.launcher.core.SessionPerRequestLauncher.execute(SessionPerRequestLauncher.java:53) [junit-platform-launcher-1.8.2.jar:1.8.2]
	at com.intellij.junit5.JUnit5IdeaTestRunner.startRunnerWithArgs(JUnit5IdeaTestRunner.java:57) [junit5-rt.jar:?]
	at com.intellij.rt.junit.IdeaTestRunner$Repeater$1.execute(IdeaTestRunner.java:38) [junit-rt.jar:?]
	at com.intellij.rt.execution.junit.TestsRepeater.repeat(TestsRepeater.java:11) [idea_rt.jar:?]
	at com.intellij.rt.junit.IdeaTestRunner$Repeater.startRunnerWithArgs(IdeaTestRunner.java:35) [junit-rt.jar:?]
	at com.intellij.rt.junit.JUnitStarter.prepareStreamsAndStart(JUnitStarter.java:232) [junit-rt.jar:?]
	at com.intellij.rt.junit.JUnitStarter.main(JUnitStarter.java:55) [junit-rt.jar:?]
2024-11-17 00:00:07 [main] INFO  com.my_complex_lab.Commands.PickDeposit - 
Ви завершили вибір депозитів.
2024-11-17 00:00:07 [main] INFO  com.my_complex_lab.Commands.PickDeposit - Обираємо депозити...
2024-11-17 00:00:07 [main] INFO  com.my_complex_lab.Commands.PickDeposit - 
Ви завершили вибір депозитів.
2024-11-17 00:00:07 [main] INFO  com.my_complex_lab.Commands.PickDeposit - Обираємо депозити...
2024-11-17 00:00:07 [main] INFO  com.my_complex_lab.Commands.PickDeposit - 
Ви завершили вибір депозитів.
2024-11-17 00:00:07 [main] INFO  com.my_complex_lab.Menu.MyDepositsMenu - Меню депозитів показано користувачеві
2024-11-17 00:00:07 [main] INFO  com.my_complex_lab.Menu.MyDepositsMenu - Виконано команду з ключем: 1
2024-11-17 00:00:07 [main] INFO  com.my_complex_lab.Commands.FindDeposit - Пошук депозиту розпочато.
2024-11-17 00:00:07 [main] INFO  com.my_complex_lab.Commands.FindDeposit - Користувач шукає депозити типу: Н
2024-11-17 00:00:07 [main] WARN  com.my_complex_lab.Commands.FindDeposit - Депозити типу 'Н' не знайдені.
2024-11-17 00:00:07 [main] INFO  com.my_complex_lab.Commands.FindDeposit - Пошук депозиту завершено.
2024-11-17 00:00:07 [main] INFO  com.my_complex_lab.Commands.FindDeposit - Пошук депозиту розпочато.
2024-11-17 00:00:07 [main] WARN  com.my_complex_lab.Commands.FindDeposit - Некоректний вибір критерію: 3
2024-11-17 00:00:07 [main] INFO  com.my_complex_lab.Commands.FindDeposit - Пошук депозиту завершено.
2024-11-17 00:00:07 [main] INFO  com.my_complex_lab.Commands.FindDeposit - Пошук депозиту розпочато.
2024-11-17 00:00:07 [main] INFO  com.my_complex_lab.Commands.FindDeposit - Користувач шукає депозити банку: Nonexistent Bank
2024-11-17 00:00:07 [main] WARN  com.my_complex_lab.Commands.FindDeposit - Депозити банку 'Nonexistent Bank' не знайдені.
2024-11-17 00:00:07 [main] INFO  com.my_complex_lab.Commands.FindDeposit - Пошук депозиту завершено.
2024-11-17 00:00:07 [main] INFO  com.my_complex_lab.Menu.DepositManageMenu - Відображення меню депозитів....
2024-11-17 00:00:07 [main] INFO  com.my_complex_lab.Commands.WithdrawEarly - Початок процедури дострокового зняття коштів.
2024-11-17 00:00:07 [main] ERROR com.my_complex_lab.Commands.WithdrawEarly - Помилка вводу під час зняття коштів: null
2024-11-17 00:00:07 [main] INFO  com.my_complex_lab.Commands.WithdrawEarly - Процедура дострокового зняття коштів завершена.
2024-11-17 00:00:07 [main] INFO  com.my_complex_lab.Commands.WithdrawEarly - Початок процедури дострокового зняття коштів.
2024-11-17 00:00:07 [main] INFO  com.my_complex_lab.Commands.WithdrawEarly - Знайдено депозит з ID 123: Mock for Deposit, hashCode: 765329253
2024-11-17 00:00:07 [main] WARN  com.my_complex_lab.Commands.WithdrawEarly - Спроба зняти недопустиму суму: -500
2024-11-17 00:00:07 [main] INFO  com.my_complex_lab.Commands.WithdrawEarly - Початок процедури дострокового зняття коштів.
2024-11-17 00:00:07 [main] INFO  com.my_complex_lab.Commands.WithdrawEarly - Знайдено депозит з ID 123: Mock for Deposit, hashCode: 1593245055
2024-11-17 00:00:07 [main] INFO  com.my_complex_lab.Commands.WithdrawEarly - Успішно знято 500 з депозиту з ID 123.
2024-11-17 00:00:07 [main] INFO  com.my_complex_lab.Commands.WithdrawEarly - Процедура дострокового зняття коштів завершена.
2024-11-17 00:00:07 [main] INFO  com.my_complex_lab.Commands.WithdrawEarly - Початок процедури дострокового зняття коштів.
2024-11-17 00:00:07 [main] WARN  com.my_complex_lab.Commands.WithdrawEarly - Не знайдено депозит з ID 999.
2024-11-17 00:00:07 [main] INFO  com.my_complex_lab.Commands.WithdrawEarly - Процедура дострокового зняття коштів завершена.
2024-11-17 00:00:07 [main] INFO  com.my_complex_lab.Commands.ViewMyDeposits - Перегляд власних депозитів розпочато.
2024-11-17 00:00:07 [main] INFO  com.my_complex_lab.Commands.ViewMyDeposits - Відображено депозит №1: Deposit 1: Bank A, Type U, Balance 1000
2024-11-17 00:00:07 [main] INFO  com.my_complex_lab.Commands.ViewMyDeposits - Відображено депозит №2: Deposit 2: Bank B, Type О, Balance 2000
2024-11-17 00:00:07 [main] INFO  com.my_complex_lab.Commands.ViewMyDeposits - Перегляд власних депозитів завершено.
2024-11-17 00:00:07 [main] INFO  com.my_complex_lab.Commands.SortDeposits - Сортування депозитів
2024-11-17 00:02:02 [main] INFO  com.my_complex_lab.Commands.ViewAllDeposits - Перегляд усіх депозитів розпочато.
2024-11-17 00:02:02 [main] INFO  com.my_complex_lab.Commands.ViewAllDeposits - Відображено депозит №1: Deposit 1: Bank A, Type U, Balance 1000
2024-11-17 00:02:02 [main] INFO  com.my_complex_lab.Commands.ViewAllDeposits - Відображено депозит №2: Deposit 2: Bank B, Type О, Balance 2000
2024-11-17 00:02:02 [main] INFO  com.my_complex_lab.Commands.ViewAllDeposits - Перегляд усіх депозитів завершено.
2024-11-17 00:02:02 [main] INFO  com.my_complex_lab.Commands.ReplenishDeposit - Початок процесу поповнення депозиту.
2024-11-17 00:02:02 [main] INFO  com.my_complex_lab.Commands.ReplenishDeposit - Депозит з ID 1 знайдено.
2024-11-17 00:02:02 [main] INFO  com.my_complex_lab.Commands.ReplenishDeposit - Депозит з ID 1 успішно поповнено на суму 500.
2024-11-17 00:02:02 [main] INFO  com.my_complex_lab.Commands.ReplenishDeposit - Завершення процесу поповнення депозиту.
2024-11-17 00:02:02 [main] INFO  com.my_complex_lab.Commands.ReplenishDeposit - Початок процесу поповнення депозиту.
2024-11-17 00:02:02 [main] WARN  com.my_complex_lab.Commands.ReplenishDeposit - Депозит з ID 3 не знайдено серед доступних.
2024-11-17 00:02:02 [main] INFO  com.my_complex_lab.Commands.ReplenishDeposit - Завершення процесу поповнення депозиту.
2024-11-17 00:02:02 [main] INFO  com.my_complex_lab.Commands.PickDeposit - Обираємо депозити...
2024-11-17 00:02:02 [main] ERROR com.my_complex_lab.Commands.PickDeposit - Некоректне введення: очікується число.
java.lang.NumberFormatException: For input string: "invalid"
	at java.lang.NumberFormatException.forInputString(NumberFormatException.java:67) ~[?:?]
	at java.lang.Integer.parseInt(Integer.java:588) ~[?:?]
	at java.lang.Integer.parseInt(Integer.java:685) ~[?:?]
	at com.my_complex_lab.Commands.PickDeposit.execute(PickDeposit.java:40) ~[classes/:?]
	at com.my_complex_lab.Commands.PickDepositTest.testPickDepositInvalidInput(PickDepositTest.java:81) ~[test-classes/:?]
	at jdk.internal.reflect.DirectMethodHandleAccessor.invoke(DirectMethodHandleAccessor.java:103) ~[?:?]
	at java.lang.reflect.Method.invoke(Method.java:580) ~[?:?]
	at org.junit.platform.commons.util.ReflectionUtils.invokeMethod(ReflectionUtils.java:725) ~[junit-platform-commons-1.8.2.jar:1.8.2]
	at org.junit.jupiter.engine.execution.MethodInvocation.proceed(MethodInvocation.java:60) ~[junit-jupiter-engine-5.8.2.jar:5.8.2]
	at org.junit.jupiter.engine.execution.InvocationInterceptorChain$ValidatingInvocation.proceed(InvocationInterceptorChain.java:131) ~[junit-jupiter-engine-5.8.2.jar:5.8.2]
	at org.junit.jupiter.engine.extension.TimeoutExtension.intercept(TimeoutExtension.java:149) ~[junit-jupiter-engine-5.8.2.jar:5.8.2]
	at org.junit.jupiter.engine.extension.TimeoutExtension.interceptTestableMethod(TimeoutExtension.java:140) ~[junit-jupiter-engine-5.8.2.jar:5.8.2]
	at org.junit.jupiter.engine.extension.TimeoutExtension.interceptTestMethod(TimeoutExtension.java:84) ~[junit-jupiter-engine-5.8.2.jar:5.8.2]
	at org.junit.jupiter.engine.execution.ExecutableInvoker$ReflectiveInterceptorCall.lambda$ofVoidMethod$0(ExecutableInvoker.java:115) ~[junit-jupiter-engine-5.8.2.jar:5.8.2]
	at org.junit.jupiter.engine.execution.ExecutableInvoker.lambda$invoke$0(ExecutableInvoker.java:105) ~[junit-jupiter-engine-5.8.2.jar:5.8.2]
	at org.junit.jupiter.engine.execution.InvocationInterceptorChain$InterceptedInvocation.proceed(InvocationInterceptorChain.java:106) ~[junit-jupiter-engine-5.8.2.jar:5.8.2]
	at org.junit.jupiter.engine.execution.InvocationInterceptorChain.proceed(InvocationInterceptorChain.java:64) ~[junit-jupiter-engine-5.8.2.jar:5.8.2]
	at org.junit.jupiter.engine.execution.InvocationInterceptorChain.chainAndInvoke(InvocationInterceptorChain.java:45) ~[junit-jupiter-engine-5.8.2.jar:5.8.2]
	at org.junit.jupiter.engine.execution.InvocationInterceptorChain.invoke(InvocationInterceptorChain.java:37) ~[junit-jupiter-engine-5.8.2.jar:5.8.2]
	at org.junit.jupiter.engine.execution.ExecutableInvoker.invoke(ExecutableInvoker.java:104) ~[junit-jupiter-engine-5.8.2.jar:5.8.2]
	at org.junit.jupiter.engine.execution.ExecutableInvoker.invoke(ExecutableInvoker.java:98) ~[junit-jupiter-engine-5.8.2.jar:5.8.2]
	at org.junit.jupiter.engine.descriptor.TestMethodTestDescriptor.lambda$invokeTestMethod$7(TestMethodTestDescriptor.java:214) ~[junit-jupiter-engine-5.8.2.jar:5.8.2]
	at org.junit.platform.engine.support.hierarchical.ThrowableCollector.execute(ThrowableCollector.java:73) ~[junit-platform-engine-1.8.2.jar:1.8.2]
	at org.junit.jupiter.engine.descriptor.TestMethodTestDescriptor.invokeTestMethod(TestMethodTestDescriptor.java:210) ~[junit-jupiter-engine-5.8.2.jar:5.8.2]
	at org.junit.jupiter.engine.descriptor.TestMethodTestDescriptor.execute(TestMethodTestDescriptor.java:135) ~[junit-jupiter-engine-5.8.2.jar:5.8.2]
	at org.junit.jupiter.engine.descriptor.TestMethodTestDescriptor.execute(TestMethodTestDescriptor.java:66) ~[junit-jupiter-engine-5.8.2.jar:5.8.2]
	at org.junit.platform.engine.support.hierarchical.NodeTestTask.lambda$executeRecursively$6(NodeTestTask.java:151) ~[junit-platform-engine-1.8.2.jar:1.8.2]
	at org.junit.platform.engine.support.hierarchical.ThrowableCollector.execute(ThrowableCollector.java:73) ~[junit-platform-engine-1.8.2.jar:1.8.2]
	at org.junit.platform.engine.support.hierarchical.NodeTestTask.lambda$executeRecursively$8(NodeTestTask.java:141) ~[junit-platform-engine-1.8.2.jar:1.8.2]
	at org.junit.platform.engine.support.hierarchical.Node.around(Node.java:137) ~[junit-platform-engine-1.8.2.jar:1.8.2]
	at org.junit.platform.engine.support.hierarchical.NodeTestTask.lambda$executeRecursively$9(NodeTestTask.java:139) ~[junit-platform-engine-1.8.2.jar:1.8.2]
	at org.junit.platform.engine.support.hierarchical.ThrowableCollector.execute(ThrowableCollector.java:73) ~[junit-platform-engine-1.8.2.jar:1.8.2]
	at org.junit.platform.engine.support.hierarchical.NodeTestTask.executeRecursively(NodeTestTask.java:138) ~[junit-platform-engine-1.8.2.jar:1.8.2]
	at org.junit.platform.engine.support.hierarchical.NodeTestTask.execute(NodeTestTask.java:95) ~[junit-platform-engine-1.8.2.jar:1.8.2]
	at java.util.ArrayList.forEach(ArrayList.java:1597) ~[?:?]
	at org.junit.platform.engine.support.hierarchical.SameThreadHierarchicalTestExecutorService.invokeAll(SameThreadHierarchicalTestExecutorService.java:41) ~[junit-platform-engine-1.8.2.jar:1.8.2]
	at org.junit.platform.engine.support.hierarchical.NodeTestTask.lambda$executeRecursively$6(NodeTestTask.java:155) ~[junit-platform-engine-1.8.2.jar:1.8.2]
	at org.junit.platform.engine.support.hierarchical.ThrowableCollector.execute(ThrowableCollector.java:73) ~[junit-platform-engine-1.8.2.jar:1.8.2]
	at org.junit.platform.engine.support.hierarchical.NodeTestTask.lambda$executeRecursively$8(NodeTestTask.java:141) ~[junit-platform-engine-1.8.2.jar:1.8.2]
	at org.junit.platform.engine.support.hierarchical.Node.around(Node.java:137) ~[junit-platform-engine-1.8.2.jar:1.8.2]
	at org.junit.platform.engine.support.hierarchical.NodeTestTask.lambda$executeRecursively$9(NodeTestTask.java:139) ~[junit-platform-engine-1.8.2.jar:1.8.2]
	at org.junit.platform.engine.support.hierarchical.ThrowableCollector.execute(ThrowableCollector.java:73) ~[junit-platform-engine-1.8.2.jar:1.8.2]
	at org.junit.platform.engine.support.hierarchical.NodeTestTask.executeRecursively(NodeTestTask.java:138) ~[junit-platform-engine-1.8.2.jar:1.8.2]
	at org.junit.platform.engine.support.hierarchical.NodeTestTask.execute(NodeTestTask.java:95) ~[junit-platform-engine-1.8.2.jar:1.8.2]
	at java.util.ArrayList.forEach(ArrayList.java:1597) ~[?:?]
	at org.junit.platform.engine.support.hierarchical.SameThreadHierarchicalTestExecutorService.invokeAll(SameThreadHierarchicalTestExecutorService.java:41) ~[junit-platform-engine-1.8.2.jar:1.8.2]
	at org.junit.platform.engine.support.hierarchical.NodeTestTask.lambda$executeRecursively$6(NodeTestTask.java:155) ~[junit-platform-engine-1.8.2.jar:1.8.2]
	at org.junit.platform.engine.support.hierarchical.ThrowableCollector.execute(ThrowableCollector.java:73) ~[junit-platform-engine-1.8.2.jar:1.8.2]
	at org.junit.platform.engine.support.hierarchical.NodeTestTask.lambda$executeRecursively$8(NodeTestTask.java:141) ~[junit-platform-engine-1.8.2.jar:1.8.2]
	at org.junit.platform.engine.support.hierarchical.Node.around(Node.java:137) ~[junit-platform-engine-1.8.2.jar:1.8.2]
	at org.junit.platform.engine.support.hierarchical.NodeTestTask.lambda$executeRecursively$9(NodeTestTask.java:139) ~[junit-platform-engine-1.8.2.jar:1.8.2]
	at org.junit.platform.engine.support.hierarchical.ThrowableCollector.execute(ThrowableCollector.java:73) ~[junit-platform-engine-1.8.2.jar:1.8.2]
	at org.junit.platform.engine.support.hierarchical.NodeTestTask.executeRecursively(NodeTestTask.java:138) ~[junit-platform-engine-1.8.2.jar:1.8.2]
	at org.junit.platform.engine.support.hierarchical.NodeTestTask.execute(NodeTestTask.java:95) ~[junit-platform-engine-1.8.2.jar:1.8.2]
	at org.junit.platform.engine.support.hierarchical.SameThreadHierarchicalTestExecutorService.submit(SameThreadHierarchicalTestExecutorService.java:35) ~[junit-platform-engine-1.8.2.jar:1.8.2]
	at org.junit.platform.engine.support.hierarchical.HierarchicalTestExecutor.execute(HierarchicalTestExecutor.java:57) ~[junit-platform-engine-1.8.2.jar:1.8.2]
	at org.junit.platform.engine.support.hierarchical.HierarchicalTestEngine.execute(HierarchicalTestEngine.java:54) ~[junit-platform-engine-1.8.2.jar:1.8.2]
	at org.junit.platform.launcher.core.EngineExecutionOrchestrator.execute(EngineExecutionOrchestrator.java:107) ~[junit-platform-launcher-1.8.2.jar:1.8.2]
	at org.junit.platform.launcher.core.EngineExecutionOrchestrator.execute(EngineExecutionOrchestrator.java:88) ~[junit-platform-launcher-1.8.2.jar:1.8.2]
	at org.junit.platform.launcher.core.EngineExecutionOrchestrator.lambda$execute$0(EngineExecutionOrchestrator.java:54) ~[junit-platform-launcher-1.8.2.jar:1.8.2]
	at org.junit.platform.launcher.core.EngineExecutionOrchestrator.withInterceptedStreams(EngineExecutionOrchestrator.java:67) [junit-platform-launcher-1.8.2.jar:1.8.2]
	at org.junit.platform.launcher.core.EngineExecutionOrchestrator.execute(EngineExecutionOrchestrator.java:52) [junit-platform-launcher-1.8.2.jar:1.8.2]
	at org.junit.platform.launcher.core.DefaultLauncher.execute(DefaultLauncher.java:114) [junit-platform-launcher-1.8.2.jar:1.8.2]
	at org.junit.platform.launcher.core.DefaultLauncher.execute(DefaultLauncher.java:86) [junit-platform-launcher-1.8.2.jar:1.8.2]
	at org.junit.platform.launcher.core.DefaultLauncherSession$DelegatingLauncher.execute(DefaultLauncherSession.java:86) [junit-platform-launcher-1.8.2.jar:1.8.2]
	at org.junit.platform.launcher.core.SessionPerRequestLauncher.execute(SessionPerRequestLauncher.java:53) [junit-platform-launcher-1.8.2.jar:1.8.2]
	at com.intellij.junit5.JUnit5IdeaTestRunner.startRunnerWithArgs(JUnit5IdeaTestRunner.java:57) [junit5-rt.jar:?]
	at com.intellij.rt.junit.IdeaTestRunner$Repeater$1.execute(IdeaTestRunner.java:38) [junit-rt.jar:?]
	at com.intellij.rt.execution.junit.TestsRepeater.repeat(TestsRepeater.java:11) [idea_rt.jar:?]
	at com.intellij.rt.junit.IdeaTestRunner$Repeater.startRunnerWithArgs(IdeaTestRunner.java:35) [junit-rt.jar:?]
	at com.intellij.rt.junit.JUnitStarter.prepareStreamsAndStart(JUnitStarter.java:232) [junit-rt.jar:?]
	at com.intellij.rt.junit.JUnitStarter.main(JUnitStarter.java:55) [junit-rt.jar:?]
2024-11-17 00:02:03 [main] INFO  com.my_complex_lab.Commands.PickDeposit - 
Ви завершили вибір депозитів.
2024-11-17 00:02:03 [main] INFO  com.my_complex_lab.Commands.PickDeposit - Обираємо депозити...
2024-11-17 00:02:03 [main] INFO  com.my_complex_lab.Commands.PickDeposit - 
Ви завершили вибір депозитів.
2024-11-17 00:02:03 [main] INFO  com.my_complex_lab.Commands.PickDeposit - Обираємо депозити...
2024-11-17 00:02:03 [main] INFO  com.my_complex_lab.Commands.PickDeposit - 
Ви завершили вибір депозитів.
2024-11-17 00:02:03 [main] INFO  com.my_complex_lab.Menu.MyDepositsMenu - Меню депозитів показано користувачеві
2024-11-17 00:02:03 [main] INFO  com.my_complex_lab.Commands.FindDeposit - Пошук депозиту розпочато.
2024-11-17 00:02:03 [main] INFO  com.my_complex_lab.Commands.FindDeposit - Користувач шукає депозити типу: Н
2024-11-17 00:02:03 [main] WARN  com.my_complex_lab.Commands.FindDeposit - Депозити типу 'Н' не знайдені.
2024-11-17 00:02:03 [main] INFO  com.my_complex_lab.Commands.FindDeposit - Пошук депозиту завершено.
2024-11-17 00:02:03 [main] INFO  com.my_complex_lab.Commands.FindDeposit - Пошук депозиту розпочато.
2024-11-17 00:02:03 [main] WARN  com.my_complex_lab.Commands.FindDeposit - Некоректний вибір критерію: 3
2024-11-17 00:02:03 [main] INFO  com.my_complex_lab.Commands.FindDeposit - Пошук депозиту завершено.
2024-11-17 00:02:03 [main] INFO  com.my_complex_lab.Commands.FindDeposit - Пошук депозиту розпочато.
2024-11-17 00:02:03 [main] INFO  com.my_complex_lab.Commands.FindDeposit - Користувач шукає депозити банку: Nonexistent Bank
2024-11-17 00:02:03 [main] WARN  com.my_complex_lab.Commands.FindDeposit - Депозити банку 'Nonexistent Bank' не знайдені.
2024-11-17 00:02:03 [main] INFO  com.my_complex_lab.Commands.FindDeposit - Пошук депозиту завершено.
2024-11-17 00:02:03 [main] INFO  com.my_complex_lab.Menu.DepositManageMenu - Відображення меню депозитів....
2024-11-17 00:02:03 [main] INFO  com.my_complex_lab.Commands.WithdrawEarly - Початок процедури дострокового зняття коштів.
2024-11-17 00:02:03 [main] ERROR com.my_complex_lab.Commands.WithdrawEarly - Помилка вводу під час зняття коштів: null
2024-11-17 00:02:03 [main] INFO  com.my_complex_lab.Commands.WithdrawEarly - Процедура дострокового зняття коштів завершена.
2024-11-17 00:02:03 [main] INFO  com.my_complex_lab.Commands.WithdrawEarly - Початок процедури дострокового зняття коштів.
2024-11-17 00:02:03 [main] INFO  com.my_complex_lab.Commands.WithdrawEarly - Знайдено депозит з ID 123: Mock for Deposit, hashCode: 1273689789
2024-11-17 00:02:03 [main] WARN  com.my_complex_lab.Commands.WithdrawEarly - Спроба зняти недопустиму суму: -500
2024-11-17 00:02:03 [main] INFO  com.my_complex_lab.Commands.WithdrawEarly - Початок процедури дострокового зняття коштів.
2024-11-17 00:02:03 [main] INFO  com.my_complex_lab.Commands.WithdrawEarly - Знайдено депозит з ID 123: Mock for Deposit, hashCode: 1798194863
2024-11-17 00:02:03 [main] INFO  com.my_complex_lab.Commands.WithdrawEarly - Успішно знято 500 з депозиту з ID 123.
2024-11-17 00:02:03 [main] INFO  com.my_complex_lab.Commands.WithdrawEarly - Процедура дострокового зняття коштів завершена.
2024-11-17 00:02:03 [main] INFO  com.my_complex_lab.Commands.WithdrawEarly - Початок процедури дострокового зняття коштів.
2024-11-17 00:02:03 [main] WARN  com.my_complex_lab.Commands.WithdrawEarly - Не знайдено депозит з ID 999.
2024-11-17 00:02:03 [main] INFO  com.my_complex_lab.Commands.WithdrawEarly - Процедура дострокового зняття коштів завершена.
2024-11-17 00:02:03 [main] INFO  com.my_complex_lab.Commands.ViewMyDeposits - Перегляд власних депозитів розпочато.
2024-11-17 00:02:03 [main] INFO  com.my_complex_lab.Commands.ViewMyDeposits - Відображено депозит №1: Deposit 1: Bank A, Type U, Balance 1000
2024-11-17 00:02:03 [main] INFO  com.my_complex_lab.Commands.ViewMyDeposits - Відображено депозит №2: Deposit 2: Bank B, Type О, Balance 2000
2024-11-17 00:02:03 [main] INFO  com.my_complex_lab.Commands.ViewMyDeposits - Перегляд власних депозитів завершено.
2024-11-17 00:02:03 [main] INFO  com.my_complex_lab.Commands.SortDeposits - Сортування депозитів
2024-11-17 00:10:11 [main] INFO  com.my_complex_lab.Commands.LoadDeposit - Завантаження депозитів з файлу...
2024-11-17 00:10:11 [main] INFO  com.my_complex_lab.Commands.LoadDeposit - Депозити завантажено успішно!
2024-11-17 00:10:13 [main] INFO  com.my_complex_lab.Menu.DepositManageMenu - Відображення меню депозитів....
2024-11-17 00:10:18 [main] INFO  com.my_complex_lab.Commands.ViewAllDeposits - Перегляд усіх депозитів розпочато.
2024-11-17 00:10:18 [main] INFO  com.my_complex_lab.Commands.ViewAllDeposits - Відображено депозит №1: 
--------------------------------
Накопичувальний Депозит
ID 1
Банк - PrivatBank
Сума на рахунку - 0.0
Річні відсотки - 6.0
Термін вкладу - 24
Мінімальна сума вкладу - 3000
Можливість поповнення - так
Можливість часткового зняття - ні
2024-11-17 00:10:18 [main] INFO  com.my_complex_lab.Commands.ViewAllDeposits - Відображено депозит №2: 
--------------------------------
Ощадний Депозит
ID 2
Банк - OschadBank
Сума на рахунку - 0.0
Річні відсотки - 4.5
Термін вкладу - 18
Мінімальна сума вкладу - 2000
Можливість поповнення - ні
Можливість часткового зняття - ні
2024-11-17 00:10:18 [main] INFO  com.my_complex_lab.Commands.ViewAllDeposits - Відображено депозит №3: 
--------------------------------
Універсальний Депозит
ID 3
Банк - Raiffeisen Bank
Сума на рахунку - 0.0
Річні відсотки - 5.0
Термін вкладу - 36
Мінімальна сума вкладу - 1000
Можливість поповнення - так
Можливість часткового зняття - так
2024-11-17 00:10:18 [main] INFO  com.my_complex_lab.Commands.ViewAllDeposits - Відображено депозит №4: 
--------------------------------
Накопичувальний Депозит
ID 4
Банк - OTP Bank
Сума на рахунку - 0.0
Річні відсотки - 7.5
Термін вкладу - 12
Мінімальна сума вкладу - 5000
Можливість поповнення - так
Можливість часткового зняття - ні
2024-11-17 00:10:18 [main] INFO  com.my_complex_lab.Commands.ViewAllDeposits - Відображено депозит №5: 
--------------------------------
Ощадний Депозит
ID 5
Банк - PUMB
Сума на рахунку - 0.0
Річні відсотки - 4.0
Термін вкладу - 6
Мінімальна сума вкладу - 1500
Можливість поповнення - ні
Можливість часткового зняття - ні
2024-11-17 00:10:18 [main] INFO  com.my_complex_lab.Commands.ViewAllDeposits - Відображено депозит №6: 
--------------------------------
Універсальний Депозит
ID 6
Банк - Ukreximbank
Сума на рахунку - 0.0
Річні відсотки - 6.5
Термін вкладу - 48
Мінімальна сума вкладу - 2500
Можливість поповнення - так
Можливість часткового зняття - так
2024-11-17 00:10:18 [main] INFO  com.my_complex_lab.Commands.ViewAllDeposits - Відображено депозит №7: 
--------------------------------
Накопичувальний Депозит
ID 7
Банк - Monobank
Сума на рахунку - 0.0
Річні відсотки - 5.8
Термін вкладу - 30
Мінімальна сума вкладу - 4000
Можливість поповнення - так
Можливість часткового зняття - ні
2024-11-17 00:10:18 [main] INFO  com.my_complex_lab.Commands.ViewAllDeposits - Відображено депозит №8: 
--------------------------------
Ощадний Депозит
ID 8
Банк - Credit Agricole
Сума на рахунку - 0.0
Річні відсотки - 4.2
Термін вкладу - 15
Мінімальна сума вкладу - 3000
Можливість поповнення - ні
Можливість часткового зняття - ні
2024-11-17 00:10:18 [main] INFO  com.my_complex_lab.Commands.ViewAllDeposits - Відображено депозит №9: 
--------------------------------
Універсальний Депозит
ID 9
Банк - Alfabank
Сума на рахунку - 0.0
Річні відсотки - 6.3
Термін вкладу - 12
Мінімальна сума вкладу - 2000
Можливість поповнення - так
Можливість часткового зняття - так
2024-11-17 00:10:18 [main] INFO  com.my_complex_lab.Commands.ViewAllDeposits - Відображено депозит №10: 
--------------------------------
Накопичувальний Депозит
ID 10
Банк - Idea Bank
Сума на рахунку - 0.0
Річні відсотки - 7.0
Термін вкладу - 24
Мінімальна сума вкладу - 3500
Можливість поповнення - так
Можливість часткового зняття - ні
2024-11-17 00:10:18 [main] INFO  com.my_complex_lab.Commands.ViewAllDeposits - Відображено депозит №11: 
--------------------------------
Ощадний Депозит
ID 11
Банк - UkrSibbank
Сума на рахунку - 0.0
Річні відсотки - 4.8
Термін вкладу - 36
Мінімальна сума вкладу - 4500
Можливість поповнення - ні
Можливість часткового зняття - ні
2024-11-17 00:10:18 [main] INFO  com.my_complex_lab.Commands.ViewAllDeposits - Відображено депозит №12: 
--------------------------------
Універсальний Депозит
ID 12
Банк - Concord Bank
Сума на рахунку - 0.0
Річні відсотки - 5.2
Термін вкладу - 18
Мінімальна сума вкладу - 1500
Можливість поповнення - так
Можливість часткового зняття - так
2024-11-17 00:10:18 [main] INFO  com.my_complex_lab.Commands.ViewAllDeposits - Відображено депозит №13: 
--------------------------------
Накопичувальний Депозит
ID 13
Банк - Bank Lviv
Сума на рахунку - 0.0
Річні відсотки - 6.1
Термін вкладу - 12
Мінімальна сума вкладу - 5000
Можливість поповнення - так
Можливість часткового зняття - ні
2024-11-17 00:10:18 [main] INFO  com.my_complex_lab.Commands.ViewAllDeposits - Відображено депозит №14: 
--------------------------------
Ощадний Депозит
ID 14
Банк - Bank of Ukraine
Сума на рахунку - 0.0
Річні відсотки - 4.7
Термін вкладу - 24
Мінімальна сума вкладу - 3000
Можливість поповнення - ні
Можливість часткового зняття - ні
2024-11-17 00:10:18 [main] INFO  com.my_complex_lab.Commands.ViewAllDeposits - Відображено депозит №15: 
--------------------------------
Універсальний Депозит
ID 15
Банк - Tascombank
Сума на рахунку - 0.0
Річні відсотки - 5.4
Термін вкладу - 48
Мінімальна сума вкладу - 2000
Можливість поповнення - так
Можливість часткового зняття - так
2024-11-17 00:10:18 [main] INFO  com.my_complex_lab.Commands.ViewAllDeposits - Перегляд усіх депозитів завершено.
2024-11-17 00:10:18 [main] INFO  com.my_complex_lab.Menu.DepositManageMenu - Відображення меню депозитів....
2024-11-17 00:10:25 [main] INFO  com.my_complex_lab.Commands.FindDeposit - Пошук депозиту розпочато.
2024-11-17 00:10:34 [main] INFO  com.my_complex_lab.Commands.FindDeposit - Користувач шукає депозити типу: о
2024-11-17 00:10:34 [main] INFO  com.my_complex_lab.Commands.FindDeposit - Пошук депозиту завершено.
2024-11-17 00:10:34 [main] INFO  com.my_complex_lab.Menu.DepositManageMenu - Відображення меню депозитів....
2024-11-17 00:12:37 [main] INFO  com.my_complex_lab.Commands.LoadDeposit - Завантаження депозитів з файлу...
2024-11-17 00:12:37 [main] INFO  com.my_complex_lab.Commands.LoadDeposit - Депозити завантажено успішно!
2024-11-17 00:12:39 [main] INFO  com.my_complex_lab.Menu.DepositManageMenu - Відображення меню депозитів....
2024-11-17 00:12:42 [main] INFO  com.my_complex_lab.Commands.ViewAllDeposits - Перегляд усіх депозитів розпочато.
2024-11-17 00:12:42 [main] INFO  com.my_complex_lab.Commands.ViewAllDeposits - Перегляд усіх депозитів завершено.
2024-11-17 00:12:42 [main] INFO  com.my_complex_lab.Menu.DepositManageMenu - Відображення меню депозитів....
2024-11-17 00:14:49 [main] INFO  com.my_complex_lab.Commands.LoadDeposit - Завантаження депозитів з файлу...
2024-11-17 00:14:49 [main] ERROR com.my_complex_lab.Commands.LoadDeposit - Файл не знайдено: C:\pp\deposit.txt
java.io.FileNotFoundException: C:\pp\deposit.txt (The system cannot find the file specified)
	at java.io.FileInputStream.open0(Native Method) ~[?:?]
	at java.io.FileInputStream.open(FileInputStream.java:213) ~[?:?]
	at java.io.FileInputStream.<init>(FileInputStream.java:152) ~[?:?]
	at java.util.Scanner.<init>(Scanner.java:662) ~[?:?]
	at com.my_complex_lab.Commands.LoadDeposit.execute(LoadDeposit.java:30) [classes/:?]
	at com.my_complex_lab.Menu.Menu.executeCommand(Menu.java:24) [classes/:?]
	at com.my_complex_lab.Main.main(Main.java:33) [classes/:?]
2024-11-17 00:15:43 [main] INFO  com.my_complex_lab.Commands.LoadDeposit - Завантаження депозитів з файлу...
2024-11-17 00:15:43 [main] ERROR com.my_complex_lab.Commands.LoadDeposit - Файл не знайдено: C:\pp\deposit.txt
java.io.FileNotFoundException: C:\pp\deposit.txt (The system cannot find the file specified)
	at java.io.FileInputStream.open0(Native Method) ~[?:?]
	at java.io.FileInputStream.open(FileInputStream.java:213) ~[?:?]
	at java.io.FileInputStream.<init>(FileInputStream.java:152) ~[?:?]
	at java.util.Scanner.<init>(Scanner.java:662) ~[?:?]
	at com.my_complex_lab.Commands.LoadDeposit.execute(LoadDeposit.java:30) [classes/:?]
	at com.my_complex_lab.Menu.Menu.executeCommand(Menu.java:24) [classes/:?]
	at com.my_complex_lab.Main.main(Main.java:33) [classes/:?]
2024-11-17 00:20:59 [main] INFO  com.my_complex_lab.Commands.LoadDeposit - Завантаження депозитів з файлу...
2024-11-17 00:20:59 [main] ERROR com.my_complex_lab.Commands.LoadDeposit - Файл не знайдено: C:\pp\deposit.txt
java.io.FileNotFoundException: C:\pp\deposit.txt (The system cannot find the file specified)
	at java.io.FileInputStream.open0(Native Method) ~[?:?]
	at java.io.FileInputStream.open(FileInputStream.java:213) ~[?:?]
	at java.io.FileInputStream.<init>(FileInputStream.java:152) ~[?:?]
	at java.util.Scanner.<init>(Scanner.java:662) ~[?:?]
	at com.my_complex_lab.Commands.LoadDeposit.execute(LoadDeposit.java:30) [classes/:?]
	at com.my_complex_lab.Menu.Menu.executeCommand(Menu.java:24) [classes/:?]
	at com.my_complex_lab.Main.main(Main.java:33) [classes/:?]
2024-11-17 00:24:32 [main] INFO  com.my_complex_lab.Commands.LoadDeposit - Завантаження депозитів з файлу...
2024-11-17 00:24:32 [main] ERROR com.my_complex_lab.Commands.LoadDeposit - Файл не знайдено: C:\pp\deposit.txt
java.io.FileNotFoundException: C:\pp\deposit.txt (The system cannot find the file specified)
	at java.io.FileInputStream.open0(Native Method) ~[?:?]
	at java.io.FileInputStream.open(FileInputStream.java:213) ~[?:?]
	at java.io.FileInputStream.<init>(FileInputStream.java:152) ~[?:?]
	at java.util.Scanner.<init>(Scanner.java:662) ~[?:?]
	at com.my_complex_lab.Commands.LoadDeposit.execute(LoadDeposit.java:30) [classes/:?]
	at com.my_complex_lab.Menu.Menu.executeCommand(Menu.java:24) [classes/:?]
	at com.my_complex_lab.Main.main(Main.java:33) [classes/:?]
2024-11-17 00:26:19 [main] INFO  com.my_complex_lab.Commands.LoadDeposit - Завантаження депозитів з файлу...
2024-11-17 00:26:19 [main] ERROR com.my_complex_lab.Commands.LoadDeposit - Файл не знайдено: C:\pp\deposit.txt
java.io.FileNotFoundException: C:\pp\deposit.txt (The system cannot find the file specified)
	at java.io.FileInputStream.open0(Native Method) ~[?:?]
	at java.io.FileInputStream.open(FileInputStream.java:213) ~[?:?]
	at java.io.FileInputStream.<init>(FileInputStream.java:152) ~[?:?]
	at java.util.Scanner.<init>(Scanner.java:662) ~[?:?]
	at com.my_complex_lab.Commands.LoadDeposit.execute(LoadDeposit.java:30) [classes/:?]
	at com.my_complex_lab.Menu.Menu.executeCommand(Menu.java:24) [classes/:?]
	at com.my_complex_lab.Main.main(Main.java:33) [classes/:?]
2024-11-17 00:28:16 [main] INFO  com.my_complex_lab.Menu.DepositManageMenu - Відображення меню депозитів....
2024-11-17 00:28:22 [main] INFO  com.my_complex_lab.Commands.FindDeposit - Пошук депозиту розпочато.
2024-11-17 00:28:27 [main] INFO  com.my_complex_lab.Commands.FindDeposit - Користувач шукає депозити типу: j
2024-11-17 00:28:27 [main] WARN  com.my_complex_lab.Commands.FindDeposit - Депозити типу 'j' не знайдені.
2024-11-17 00:28:27 [main] INFO  com.my_complex_lab.Commands.FindDeposit - Пошук депозиту завершено.
2024-11-17 00:28:27 [main] INFO  com.my_complex_lab.Menu.DepositManageMenu - Відображення меню депозитів....
2024-11-17 00:28:32 [main] INFO  com.my_complex_lab.Commands.ViewAllDeposits - Перегляд усіх депозитів розпочато.
2024-11-17 00:28:32 [main] WARN  com.my_complex_lab.Commands.ViewAllDeposits - Список депозитів порожній.
2024-11-17 00:28:32 [main] INFO  com.my_complex_lab.Menu.DepositManageMenu - Відображення меню депозитів....
2024-11-17 00:28:40 [main] INFO  com.my_complex_lab.Commands.LoadDeposit - Завантаження депозитів з файлу...
2024-11-17 00:28:40 [main] ERROR com.my_complex_lab.Commands.LoadDeposit - Файл не знайдено: C:\pp\deposit.txt
java.io.FileNotFoundException: C:\pp\deposit.txt (The system cannot find the file specified)
	at java.io.FileInputStream.open0(Native Method) ~[?:?]
	at java.io.FileInputStream.open(FileInputStream.java:213) ~[?:?]
	at java.io.FileInputStream.<init>(FileInputStream.java:152) ~[?:?]
	at java.util.Scanner.<init>(Scanner.java:662) ~[?:?]
	at com.my_complex_lab.Commands.LoadDeposit.execute(LoadDeposit.java:30) [classes/:?]
	at com.my_complex_lab.Menu.Menu.executeCommand(Menu.java:24) [classes/:?]
	at com.my_complex_lab.Main.main(Main.java:33) [classes/:?]
2024-11-17 00:31:31 [main] INFO  com.my_complex_lab.Commands.LoadDeposit - Завантаження депозитів з файлу...
2024-11-17 00:31:31 [main] ERROR com.my_complex_lab.Commands.LoadDeposit - Файл не знайдено: C:\pp\deposit.txt
java.io.FileNotFoundException: C:\pp\deposit.txt (The system cannot find the file specified)
	at java.io.FileInputStream.open0(Native Method) ~[?:?]
	at java.io.FileInputStream.open(FileInputStream.java:213) ~[?:?]
	at java.io.FileInputStream.<init>(FileInputStream.java:152) ~[?:?]
	at java.util.Scanner.<init>(Scanner.java:662) ~[?:?]
	at com.my_complex_lab.Commands.LoadDeposit.execute(LoadDeposit.java:30) [classes/:?]
	at com.my_complex_lab.Menu.Menu.executeCommand(Menu.java:24) [classes/:?]
	at com.my_complex_lab.Main.main(Main.java:33) [classes/:?]
2024-11-17 00:33:35 [main] INFO  com.my_complex_lab.Commands.LoadDeposit - Завантаження депозитів з файлу...
2024-11-17 00:33:35 [main] ERROR com.my_complex_lab.Commands.LoadDeposit - Файл не знайдено: C:\pp\deposit.txt
java.io.FileNotFoundException: C:\pp\deposit.txt (The system cannot find the file specified)
	at java.io.FileInputStream.open0(Native Method) ~[?:?]
	at java.io.FileInputStream.open(FileInputStream.java:213) ~[?:?]
	at java.io.FileInputStream.<init>(FileInputStream.java:152) ~[?:?]
	at java.util.Scanner.<init>(Scanner.java:662) ~[?:?]
	at com.my_complex_lab.Commands.LoadDeposit.execute(LoadDeposit.java:30) [classes/:?]
	at com.my_complex_lab.Menu.Menu.executeCommand(Menu.java:24) [classes/:?]
	at com.my_complex_lab.Main.main(Main.java:33) [classes/:?]
2024-11-17 00:39:27 [main] INFO  com.my_complex_lab.Commands.LoadDeposit - Завантаження депозитів з файлу...
2024-11-17 00:39:27 [main] ERROR com.my_complex_lab.Commands.LoadDeposit - Файл не знайдено: C:\pp\deposit.txt
java.io.FileNotFoundException: C:\pp\deposit.txt (The system cannot find the file specified)
	at java.io.FileInputStream.open0(Native Method) ~[?:?]
	at java.io.FileInputStream.open(FileInputStream.java:213) ~[?:?]
	at java.io.FileInputStream.<init>(FileInputStream.java:152) ~[?:?]
	at java.util.Scanner.<init>(Scanner.java:662) ~[?:?]
	at com.my_complex_lab.Commands.LoadDeposit.execute(LoadDeposit.java:30) [classes/:?]
	at com.my_complex_lab.Menu.Menu.executeCommand(Menu.java:24) [classes/:?]
	at com.my_complex_lab.Main.main(Main.java:33) [classes/:?]
2024-11-17 21:43:57 [main] INFO  com.my_complex_lab.Commands.LoadDeposit - Завантаження депозитів з файлу...
2024-11-17 21:43:57 [main] ERROR com.my_complex_lab.Commands.LoadDeposit - Файл не знайдено: C:\pp\deposit.txt
java.io.FileNotFoundException: C:\pp\deposit.txt (The system cannot find the file specified)
	at java.io.FileInputStream.open0(Native Method) ~[?:?]
	at java.io.FileInputStream.open(FileInputStream.java:213) ~[?:?]
	at java.io.FileInputStream.<init>(FileInputStream.java:152) ~[?:?]
	at java.util.Scanner.<init>(Scanner.java:662) ~[?:?]
	at com.my_complex_lab.Commands.LoadDeposit.execute(LoadDeposit.java:30) [classes/:?]
	at com.my_complex_lab.Menu.Menu.executeCommand(Menu.java:24) [classes/:?]
	at com.my_complex_lab.Main.main(Main.java:33) [classes/:?]
2024-11-17 21:45:27 [main] INFO  com.my_complex_lab.Commands.LoadDeposit - Завантаження депозитів з файлу...
2024-11-17 21:45:27 [main] FATAL com.my_complex_lab.Commands.LoadDeposit - Файл не знайдено: C:\pp\deposit.txt
java.io.FileNotFoundException: C:\pp\deposit.txt (The system cannot find the file specified)
	at java.io.FileInputStream.open0(Native Method) ~[?:?]
	at java.io.FileInputStream.open(FileInputStream.java:213) ~[?:?]
	at java.io.FileInputStream.<init>(FileInputStream.java:152) ~[?:?]
	at java.util.Scanner.<init>(Scanner.java:662) ~[?:?]
	at com.my_complex_lab.Commands.LoadDeposit.execute(LoadDeposit.java:30) [classes/:?]
	at com.my_complex_lab.Menu.Menu.executeCommand(Menu.java:24) [classes/:?]
	at com.my_complex_lab.Main.main(Main.java:33) [classes/:?]
2024-11-17 21:47:38 [main] INFO  com.my_complex_lab.Commands.LoadDeposit - Завантаження депозитів з файлу...
2024-11-17 21:47:38 [main] ERROR com.my_complex_lab.Commands.LoadDeposit - Файл не знайдено: C:\pp\deposit.txt
java.io.FileNotFoundException: C:\pp\deposit.txt (The system cannot find the file specified)
	at java.io.FileInputStream.open0(Native Method) ~[?:?]
	at java.io.FileInputStream.open(FileInputStream.java:213) ~[?:?]
	at java.io.FileInputStream.<init>(FileInputStream.java:152) ~[?:?]
	at java.util.Scanner.<init>(Scanner.java:662) ~[?:?]
	at com.my_complex_lab.Commands.LoadDeposit.execute(LoadDeposit.java:30) [classes/:?]
	at com.my_complex_lab.Menu.Menu.executeCommand(Menu.java:24) [classes/:?]
	at com.my_complex_lab.Main.main(Main.java:33) [classes/:?]
2024-11-17 21:59:08 [main] INFO  com.my_complex_lab.Commands.LoadDeposit - Завантаження депозитів з файлу...
2024-11-17 21:59:08 [main] ERROR com.my_complex_lab.Commands.LoadDeposit - Файл не знайдено: C:\pp\deposit.txt
java.io.FileNotFoundException: C:\pp\deposit.txt (The system cannot find the file specified)
	at java.io.FileInputStream.open0(Native Method) ~[?:?]
	at java.io.FileInputStream.open(FileInputStream.java:213) ~[?:?]
	at java.io.FileInputStream.<init>(FileInputStream.java:152) ~[?:?]
	at java.util.Scanner.<init>(Scanner.java:662) ~[?:?]
	at com.my_complex_lab.Commands.LoadDeposit.execute(LoadDeposit.java:30) [classes/:?]
	at com.my_complex_lab.Menu.Menu.executeCommand(Menu.java:24) [classes/:?]
	at com.my_complex_lab.Main.main(Main.java:33) [classes/:?]
2024-11-17 22:02:30 [main] INFO  com.my_complex_lab.Commands.LoadDeposit - Завантаження депозитів з файлу...
2024-11-17 22:05:07 [main] INFO  com.my_complex_lab.Commands.LoadDeposit - Завантаження депозитів з файлу...
2024-11-17 22:05:10 [main] INFO  com.my_complex_lab.Menu.DepositManageMenu - Відображення меню депозитів....
2024-11-17 22:05:13 [main] INFO  com.my_complex_lab.Commands.FindDeposit - Пошук депозиту розпочато.
2024-11-17 22:05:21 [main] INFO  com.my_complex_lab.Commands.FindDeposit - Користувач шукає депозити типу: о
2024-11-17 22:05:21 [main] WARN  com.my_complex_lab.Commands.FindDeposit - Депозити типу 'о' не знайдені.
2024-11-17 22:05:21 [main] INFO  com.my_complex_lab.Commands.FindDeposit - Пошук депозиту завершено.
2024-11-17 22:05:21 [main] INFO  com.my_complex_lab.Menu.DepositManageMenu - Відображення меню депозитів....
2024-11-17 22:05:30 [main] INFO  com.my_complex_lab.Menu.DepositManageMenu - Відображення меню депозитів....
2024-11-17 22:05:32 [main] INFO  com.my_complex_lab.Commands.ViewAllDeposits - Перегляд усіх депозитів розпочато.
2024-11-17 22:05:32 [main] WARN  com.my_complex_lab.Commands.ViewAllDeposits - Список депозитів порожній.
2024-11-17 22:05:32 [main] INFO  com.my_complex_lab.Menu.DepositManageMenu - Відображення меню депозитів....
2024-11-17 22:13:37 [main] INFO  com.my_complex_lab.Commands.LoadDeposit - Завантаження депозитів з файлу...
2024-11-17 22:16:21 [main] INFO  com.my_complex_lab.Commands.LoadDeposit - Завантаження депозитів з файлу...
2024-11-20 13:41:54 [main] INFO  com.my_complex_lab.Commands.LoadDeposit - Завантаження депозитів з файлу...
2024-11-20 13:41:54 [main] INFO  com.my_complex_lab.Commands.LoadDeposit - Депозити завантажено успішно!
2024-11-20 13:41:56 [main] INFO  com.my_complex_lab.Menu.DepositManageMenu - Відображення меню депозитів....
2024-11-20 13:41:59 [main] INFO  com.my_complex_lab.Commands.ViewAllDeposits - Перегляд усіх депозитів розпочато.
2024-11-20 13:41:59 [main] INFO  com.my_complex_lab.Commands.ViewAllDeposits - Перегляд усіх депозитів завершено.
2024-11-20 13:41:59 [main] INFO  com.my_complex_lab.Menu.DepositManageMenu - Відображення меню депозитів....
2024-11-20 13:42:48 [main] INFO  com.my_complex_lab.Commands.LoadDeposit - Завантаження депозитів з файлу...
2024-11-20 13:43:41 [main] INFO  com.my_complex_lab.Commands.LoadDeposit - Завантаження депозитів з файлу...
2024-11-20 13:43:41 [main] ERROR com.my_complex_lab.Commands.LoadDeposit - Файл не знайдено 
2024-11-20 13:44:30 [main] INFO  com.my_complex_lab.Commands.LoadDeposit - Завантаження депозитів з файлу...
2024-11-20 13:44:30 [main] ERROR com.my_complex_lab.Commands.LoadDeposit - Файл не знайдено C:\pp\deposit.txt (The system cannot find the file specified)
2024-11-20 13:45:19 [main] INFO  com.my_complex_lab.Commands.LoadDeposit - Завантаження депозитів з файлу...
2024-11-20 13:45:19 [main] ERROR com.my_complex_lab.Commands.LoadDeposit - Файл не знайдено C:\pp\deposit.txt (The system cannot find the file specified)
2024-11-20 13:46:23 [main] INFO  com.my_complex_lab.Commands.LoadDeposit - Завантаження депозитів з файлу...
2024-11-20 13:46:23 [main] ERROR com.my_complex_lab.Commands.LoadDeposit - Файл не знайдено C:\pp\deposit.txt (The system cannot find the file specified)
2024-11-20 22:28:01 [main] INFO  com.my_complex_lab.Commands.ViewAllDeposits - Перегляд усіх депозитів розпочато.
2024-11-20 22:28:01 [main] INFO  com.my_complex_lab.Commands.ViewAllDeposits - Перегляд усіх депозитів завершено.
2024-11-20 22:28:01 [main] INFO  com.my_complex_lab.Commands.ReplenishDeposit - Початок процесу поповнення депозиту.
2024-11-20 22:28:01 [main] INFO  com.my_complex_lab.Commands.ReplenishDeposit - Депозит з ID 1 знайдено.
2024-11-20 22:28:01 [main] INFO  com.my_complex_lab.Commands.ReplenishDeposit - Депозит з ID 1 успішно поповнено на суму 500.
2024-11-20 22:28:01 [main] INFO  com.my_complex_lab.Commands.ReplenishDeposit - Завершення процесу поповнення депозиту.
2024-11-20 22:28:01 [main] INFO  com.my_complex_lab.Commands.ReplenishDeposit - Початок процесу поповнення депозиту.
2024-11-20 22:28:01 [main] WARN  com.my_complex_lab.Commands.ReplenishDeposit - Депозит з ID 3 не знайдено серед доступних.
2024-11-20 22:28:01 [main] INFO  com.my_complex_lab.Commands.ReplenishDeposit - Завершення процесу поповнення депозиту.
2024-11-20 22:28:01 [main] INFO  com.my_complex_lab.Commands.PickDeposit - Обираємо депозити...
2024-11-20 22:28:01 [main] ERROR com.my_complex_lab.Commands.PickDeposit - Некоректне введення: очікується число.
java.lang.NumberFormatException: For input string: "invalid"
	at java.lang.NumberFormatException.forInputString(NumberFormatException.java:67) ~[?:?]
	at java.lang.Integer.parseInt(Integer.java:588) ~[?:?]
	at java.lang.Integer.parseInt(Integer.java:685) ~[?:?]
	at com.my_complex_lab.Commands.PickDeposit.execute(PickDeposit.java:40) ~[classes/:?]
	at com.my_complex_lab.Commands.PickDepositTest.testPickDepositInvalidInput(PickDepositTest.java:76) ~[test-classes/:?]
	at jdk.internal.reflect.DirectMethodHandleAccessor.invoke(DirectMethodHandleAccessor.java:103) ~[?:?]
	at java.lang.reflect.Method.invoke(Method.java:580) ~[?:?]
	at org.junit.platform.commons.util.ReflectionUtils.invokeMethod(ReflectionUtils.java:725) ~[junit-platform-commons-1.8.2.jar:1.8.2]
	at org.junit.jupiter.engine.execution.MethodInvocation.proceed(MethodInvocation.java:60) ~[junit-jupiter-engine-5.8.2.jar:5.8.2]
	at org.junit.jupiter.engine.execution.InvocationInterceptorChain$ValidatingInvocation.proceed(InvocationInterceptorChain.java:131) ~[junit-jupiter-engine-5.8.2.jar:5.8.2]
	at org.junit.jupiter.engine.extension.TimeoutExtension.intercept(TimeoutExtension.java:149) ~[junit-jupiter-engine-5.8.2.jar:5.8.2]
	at org.junit.jupiter.engine.extension.TimeoutExtension.interceptTestableMethod(TimeoutExtension.java:140) ~[junit-jupiter-engine-5.8.2.jar:5.8.2]
	at org.junit.jupiter.engine.extension.TimeoutExtension.interceptTestMethod(TimeoutExtension.java:84) ~[junit-jupiter-engine-5.8.2.jar:5.8.2]
	at org.junit.jupiter.engine.execution.ExecutableInvoker$ReflectiveInterceptorCall.lambda$ofVoidMethod$0(ExecutableInvoker.java:115) ~[junit-jupiter-engine-5.8.2.jar:5.8.2]
	at org.junit.jupiter.engine.execution.ExecutableInvoker.lambda$invoke$0(ExecutableInvoker.java:105) ~[junit-jupiter-engine-5.8.2.jar:5.8.2]
	at org.junit.jupiter.engine.execution.InvocationInterceptorChain$InterceptedInvocation.proceed(InvocationInterceptorChain.java:106) ~[junit-jupiter-engine-5.8.2.jar:5.8.2]
	at org.junit.jupiter.engine.execution.InvocationInterceptorChain.proceed(InvocationInterceptorChain.java:64) ~[junit-jupiter-engine-5.8.2.jar:5.8.2]
	at org.junit.jupiter.engine.execution.InvocationInterceptorChain.chainAndInvoke(InvocationInterceptorChain.java:45) ~[junit-jupiter-engine-5.8.2.jar:5.8.2]
	at org.junit.jupiter.engine.execution.InvocationInterceptorChain.invoke(InvocationInterceptorChain.java:37) ~[junit-jupiter-engine-5.8.2.jar:5.8.2]
	at org.junit.jupiter.engine.execution.ExecutableInvoker.invoke(ExecutableInvoker.java:104) ~[junit-jupiter-engine-5.8.2.jar:5.8.2]
	at org.junit.jupiter.engine.execution.ExecutableInvoker.invoke(ExecutableInvoker.java:98) ~[junit-jupiter-engine-5.8.2.jar:5.8.2]
	at org.junit.jupiter.engine.descriptor.TestMethodTestDescriptor.lambda$invokeTestMethod$7(TestMethodTestDescriptor.java:214) ~[junit-jupiter-engine-5.8.2.jar:5.8.2]
	at org.junit.platform.engine.support.hierarchical.ThrowableCollector.execute(ThrowableCollector.java:73) ~[junit-platform-engine-1.8.2.jar:1.8.2]
	at org.junit.jupiter.engine.descriptor.TestMethodTestDescriptor.invokeTestMethod(TestMethodTestDescriptor.java:210) ~[junit-jupiter-engine-5.8.2.jar:5.8.2]
	at org.junit.jupiter.engine.descriptor.TestMethodTestDescriptor.execute(TestMethodTestDescriptor.java:135) ~[junit-jupiter-engine-5.8.2.jar:5.8.2]
	at org.junit.jupiter.engine.descriptor.TestMethodTestDescriptor.execute(TestMethodTestDescriptor.java:66) ~[junit-jupiter-engine-5.8.2.jar:5.8.2]
	at org.junit.platform.engine.support.hierarchical.NodeTestTask.lambda$executeRecursively$6(NodeTestTask.java:151) ~[junit-platform-engine-1.8.2.jar:1.8.2]
	at org.junit.platform.engine.support.hierarchical.ThrowableCollector.execute(ThrowableCollector.java:73) ~[junit-platform-engine-1.8.2.jar:1.8.2]
	at org.junit.platform.engine.support.hierarchical.NodeTestTask.lambda$executeRecursively$8(NodeTestTask.java:141) ~[junit-platform-engine-1.8.2.jar:1.8.2]
	at org.junit.platform.engine.support.hierarchical.Node.around(Node.java:137) ~[junit-platform-engine-1.8.2.jar:1.8.2]
	at org.junit.platform.engine.support.hierarchical.NodeTestTask.lambda$executeRecursively$9(NodeTestTask.java:139) ~[junit-platform-engine-1.8.2.jar:1.8.2]
	at org.junit.platform.engine.support.hierarchical.ThrowableCollector.execute(ThrowableCollector.java:73) ~[junit-platform-engine-1.8.2.jar:1.8.2]
	at org.junit.platform.engine.support.hierarchical.NodeTestTask.executeRecursively(NodeTestTask.java:138) ~[junit-platform-engine-1.8.2.jar:1.8.2]
	at org.junit.platform.engine.support.hierarchical.NodeTestTask.execute(NodeTestTask.java:95) ~[junit-platform-engine-1.8.2.jar:1.8.2]
	at java.util.ArrayList.forEach(ArrayList.java:1597) ~[?:?]
	at org.junit.platform.engine.support.hierarchical.SameThreadHierarchicalTestExecutorService.invokeAll(SameThreadHierarchicalTestExecutorService.java:41) ~[junit-platform-engine-1.8.2.jar:1.8.2]
	at org.junit.platform.engine.support.hierarchical.NodeTestTask.lambda$executeRecursively$6(NodeTestTask.java:155) ~[junit-platform-engine-1.8.2.jar:1.8.2]
	at org.junit.platform.engine.support.hierarchical.ThrowableCollector.execute(ThrowableCollector.java:73) ~[junit-platform-engine-1.8.2.jar:1.8.2]
	at org.junit.platform.engine.support.hierarchical.NodeTestTask.lambda$executeRecursively$8(NodeTestTask.java:141) ~[junit-platform-engine-1.8.2.jar:1.8.2]
	at org.junit.platform.engine.support.hierarchical.Node.around(Node.java:137) ~[junit-platform-engine-1.8.2.jar:1.8.2]
	at org.junit.platform.engine.support.hierarchical.NodeTestTask.lambda$executeRecursively$9(NodeTestTask.java:139) ~[junit-platform-engine-1.8.2.jar:1.8.2]
	at org.junit.platform.engine.support.hierarchical.ThrowableCollector.execute(ThrowableCollector.java:73) ~[junit-platform-engine-1.8.2.jar:1.8.2]
	at org.junit.platform.engine.support.hierarchical.NodeTestTask.executeRecursively(NodeTestTask.java:138) ~[junit-platform-engine-1.8.2.jar:1.8.2]
	at org.junit.platform.engine.support.hierarchical.NodeTestTask.execute(NodeTestTask.java:95) ~[junit-platform-engine-1.8.2.jar:1.8.2]
	at java.util.ArrayList.forEach(ArrayList.java:1597) ~[?:?]
	at org.junit.platform.engine.support.hierarchical.SameThreadHierarchicalTestExecutorService.invokeAll(SameThreadHierarchicalTestExecutorService.java:41) ~[junit-platform-engine-1.8.2.jar:1.8.2]
	at org.junit.platform.engine.support.hierarchical.NodeTestTask.lambda$executeRecursively$6(NodeTestTask.java:155) ~[junit-platform-engine-1.8.2.jar:1.8.2]
	at org.junit.platform.engine.support.hierarchical.ThrowableCollector.execute(ThrowableCollector.java:73) ~[junit-platform-engine-1.8.2.jar:1.8.2]
	at org.junit.platform.engine.support.hierarchical.NodeTestTask.lambda$executeRecursively$8(NodeTestTask.java:141) ~[junit-platform-engine-1.8.2.jar:1.8.2]
	at org.junit.platform.engine.support.hierarchical.Node.around(Node.java:137) ~[junit-platform-engine-1.8.2.jar:1.8.2]
	at org.junit.platform.engine.support.hierarchical.NodeTestTask.lambda$executeRecursively$9(NodeTestTask.java:139) ~[junit-platform-engine-1.8.2.jar:1.8.2]
	at org.junit.platform.engine.support.hierarchical.ThrowableCollector.execute(ThrowableCollector.java:73) ~[junit-platform-engine-1.8.2.jar:1.8.2]
	at org.junit.platform.engine.support.hierarchical.NodeTestTask.executeRecursively(NodeTestTask.java:138) ~[junit-platform-engine-1.8.2.jar:1.8.2]
	at org.junit.platform.engine.support.hierarchical.NodeTestTask.execute(NodeTestTask.java:95) ~[junit-platform-engine-1.8.2.jar:1.8.2]
	at org.junit.platform.engine.support.hierarchical.SameThreadHierarchicalTestExecutorService.submit(SameThreadHierarchicalTestExecutorService.java:35) ~[junit-platform-engine-1.8.2.jar:1.8.2]
	at org.junit.platform.engine.support.hierarchical.HierarchicalTestExecutor.execute(HierarchicalTestExecutor.java:57) ~[junit-platform-engine-1.8.2.jar:1.8.2]
	at org.junit.platform.engine.support.hierarchical.HierarchicalTestEngine.execute(HierarchicalTestEngine.java:54) ~[junit-platform-engine-1.8.2.jar:1.8.2]
	at org.junit.platform.launcher.core.EngineExecutionOrchestrator.execute(EngineExecutionOrchestrator.java:107) ~[junit-platform-launcher-1.8.2.jar:1.8.2]
	at org.junit.platform.launcher.core.EngineExecutionOrchestrator.execute(EngineExecutionOrchestrator.java:88) ~[junit-platform-launcher-1.8.2.jar:1.8.2]
	at org.junit.platform.launcher.core.EngineExecutionOrchestrator.lambda$execute$0(EngineExecutionOrchestrator.java:54) ~[junit-platform-launcher-1.8.2.jar:1.8.2]
	at org.junit.platform.launcher.core.EngineExecutionOrchestrator.withInterceptedStreams(EngineExecutionOrchestrator.java:67) [junit-platform-launcher-1.8.2.jar:1.8.2]
	at org.junit.platform.launcher.core.EngineExecutionOrchestrator.execute(EngineExecutionOrchestrator.java:52) [junit-platform-launcher-1.8.2.jar:1.8.2]
	at org.junit.platform.launcher.core.DefaultLauncher.execute(DefaultLauncher.java:114) [junit-platform-launcher-1.8.2.jar:1.8.2]
	at org.junit.platform.launcher.core.DefaultLauncher.execute(DefaultLauncher.java:86) [junit-platform-launcher-1.8.2.jar:1.8.2]
	at org.junit.platform.launcher.core.DefaultLauncherSession$DelegatingLauncher.execute(DefaultLauncherSession.java:86) [junit-platform-launcher-1.8.2.jar:1.8.2]
	at org.junit.platform.launcher.core.SessionPerRequestLauncher.execute(SessionPerRequestLauncher.java:53) [junit-platform-launcher-1.8.2.jar:1.8.2]
	at com.intellij.junit5.JUnit5IdeaTestRunner.startRunnerWithArgs(JUnit5IdeaTestRunner.java:57) [junit5-rt.jar:?]
	at com.intellij.rt.junit.IdeaTestRunner$Repeater$1.execute(IdeaTestRunner.java:38) [junit-rt.jar:?]
	at com.intellij.rt.execution.junit.TestsRepeater.repeat(TestsRepeater.java:11) [idea_rt.jar:?]
	at com.intellij.rt.junit.IdeaTestRunner$Repeater.startRunnerWithArgs(IdeaTestRunner.java:35) [junit-rt.jar:?]
	at com.intellij.rt.junit.JUnitStarter.prepareStreamsAndStart(JUnitStarter.java:232) [junit-rt.jar:?]
	at com.intellij.rt.junit.JUnitStarter.main(JUnitStarter.java:55) [junit-rt.jar:?]
2024-11-20 22:28:03 [main] INFO  com.my_complex_lab.Commands.PickDeposit - 
Ви завершили вибір депозитів.
2024-11-20 22:28:03 [main] INFO  com.my_complex_lab.Commands.PickDeposit - Обираємо депозити...
2024-11-20 22:28:03 [main] INFO  com.my_complex_lab.Commands.PickDeposit - 
Ви завершили вибір депозитів.
2024-11-20 22:28:03 [main] INFO  com.my_complex_lab.Commands.PickDeposit - Обираємо депозити...
2024-11-20 22:28:03 [main] INFO  com.my_complex_lab.Commands.PickDeposit - 
Ви завершили вибір депозитів.
2024-11-20 22:28:03 [main] INFO  com.my_complex_lab.Menu.MyDepositsMenu - Меню депозитів показано користувачеві
2024-11-20 22:28:03 [main] INFO  com.my_complex_lab.Commands.FindDeposit - Пошук депозиту розпочато.
2024-11-20 22:28:03 [main] INFO  com.my_complex_lab.Commands.FindDeposit - Користувач шукає депозити типу: Н
2024-11-20 22:28:03 [main] WARN  com.my_complex_lab.Commands.FindDeposit - Депозити типу 'Н' не знайдені.
2024-11-20 22:28:03 [main] INFO  com.my_complex_lab.Commands.FindDeposit - Пошук депозиту завершено.
2024-11-20 22:28:03 [main] INFO  com.my_complex_lab.Commands.FindDeposit - Пошук депозиту розпочато.
2024-11-20 22:28:03 [main] WARN  com.my_complex_lab.Commands.FindDeposit - Некоректний вибір критерію: 3
2024-11-20 22:28:03 [main] INFO  com.my_complex_lab.Commands.FindDeposit - Пошук депозиту завершено.
2024-11-20 22:28:03 [main] INFO  com.my_complex_lab.Commands.FindDeposit - Пошук депозиту розпочато.
2024-11-20 22:28:03 [main] INFO  com.my_complex_lab.Commands.FindDeposit - Користувач шукає депозити банку: Nonexistent Bank
2024-11-20 22:28:03 [main] WARN  com.my_complex_lab.Commands.FindDeposit - Депозити банку 'Nonexistent Bank' не знайдені.
2024-11-20 22:28:03 [main] INFO  com.my_complex_lab.Commands.FindDeposit - Пошук депозиту завершено.
2024-11-20 22:28:03 [main] INFO  com.my_complex_lab.Menu.DepositManageMenu - Відображення меню депозитів....
2024-11-20 22:28:03 [main] INFO  com.my_complex_lab.Commands.WithdrawEarly - Початок процедури дострокового зняття коштів.
2024-11-20 22:28:03 [main] ERROR com.my_complex_lab.Commands.WithdrawEarly - Помилка вводу під час зняття коштів: null
2024-11-20 22:28:03 [main] INFO  com.my_complex_lab.Commands.WithdrawEarly - Процедура дострокового зняття коштів завершена.
2024-11-20 22:28:03 [main] INFO  com.my_complex_lab.Commands.WithdrawEarly - Початок процедури дострокового зняття коштів.
2024-11-20 22:28:03 [main] INFO  com.my_complex_lab.Commands.WithdrawEarly - Знайдено депозит з ID 123: Mock for Deposit, hashCode: 1754052542
2024-11-20 22:28:03 [main] WARN  com.my_complex_lab.Commands.WithdrawEarly - Спроба зняти недопустиму суму: -500
2024-11-20 22:28:03 [main] INFO  com.my_complex_lab.Commands.WithdrawEarly - Початок процедури дострокового зняття коштів.
2024-11-20 22:28:03 [main] INFO  com.my_complex_lab.Commands.WithdrawEarly - Знайдено депозит з ID 123: Mock for Deposit, hashCode: 563606684
2024-11-20 22:28:03 [main] INFO  com.my_complex_lab.Commands.WithdrawEarly - Успішно знято 500 з депозиту з ID 123.
2024-11-20 22:28:03 [main] INFO  com.my_complex_lab.Commands.WithdrawEarly - Процедура дострокового зняття коштів завершена.
2024-11-20 22:28:03 [main] INFO  com.my_complex_lab.Commands.WithdrawEarly - Початок процедури дострокового зняття коштів.
2024-11-20 22:28:03 [main] WARN  com.my_complex_lab.Commands.WithdrawEarly - Не знайдено депозит з ID 999.
2024-11-20 22:28:03 [main] INFO  com.my_complex_lab.Commands.WithdrawEarly - Процедура дострокового зняття коштів завершена.
2024-11-20 22:28:03 [main] INFO  com.my_complex_lab.Commands.ViewMyDeposits - Перегляд власних депозитів розпочато.
2024-11-20 22:28:03 [main] INFO  com.my_complex_lab.Commands.ViewMyDeposits - Відображено депозит №1: Deposit 1: Bank A, Type U, Balance 1000
2024-11-20 22:28:03 [main] INFO  com.my_complex_lab.Commands.ViewMyDeposits - Відображено депозит №2: Deposit 2: Bank B, Type О, Balance 2000
2024-11-20 22:28:03 [main] INFO  com.my_complex_lab.Commands.ViewMyDeposits - Перегляд власних депозитів завершено.
2024-11-20 22:28:03 [main] INFO  com.my_complex_lab.Commands.SortDeposits - Сортування депозитів
2024-11-20 22:30:50 [main] INFO  com.my_complex_lab.Commands.ViewAllDeposits - Перегляд усіх депозитів розпочато.
2024-11-20 22:30:50 [main] INFO  com.my_complex_lab.Commands.ViewAllDeposits - Перегляд усіх депозитів завершено.
2024-11-20 22:30:50 [main] INFO  com.my_complex_lab.Commands.ReplenishDeposit - Початок процесу поповнення депозиту.
2024-11-20 22:30:50 [main] INFO  com.my_complex_lab.Commands.ReplenishDeposit - Депозит з ID 1 знайдено.
2024-11-20 22:30:50 [main] INFO  com.my_complex_lab.Commands.ReplenishDeposit - Депозит з ID 1 успішно поповнено на суму 500.
2024-11-20 22:30:50 [main] INFO  com.my_complex_lab.Commands.ReplenishDeposit - Завершення процесу поповнення депозиту.
2024-11-20 22:30:50 [main] INFO  com.my_complex_lab.Commands.ReplenishDeposit - Початок процесу поповнення депозиту.
2024-11-20 22:30:50 [main] WARN  com.my_complex_lab.Commands.ReplenishDeposit - Депозит з ID 3 не знайдено серед доступних.
2024-11-20 22:30:50 [main] INFO  com.my_complex_lab.Commands.ReplenishDeposit - Завершення процесу поповнення депозиту.
2024-11-20 22:30:50 [main] INFO  com.my_complex_lab.Commands.PickDeposit - Обираємо депозити...
2024-11-20 22:30:50 [main] ERROR com.my_complex_lab.Commands.PickDeposit - Некоректне введення: очікується число.
java.lang.NumberFormatException: For input string: "invalid"
	at java.lang.NumberFormatException.forInputString(NumberFormatException.java:67) ~[?:?]
	at java.lang.Integer.parseInt(Integer.java:588) ~[?:?]
	at java.lang.Integer.parseInt(Integer.java:685) ~[?:?]
	at com.my_complex_lab.Commands.PickDeposit.execute(PickDeposit.java:40) ~[classes/:?]
	at com.my_complex_lab.Commands.PickDepositTest.testPickDepositInvalidInput(PickDepositTest.java:76) ~[test-classes/:?]
	at jdk.internal.reflect.DirectMethodHandleAccessor.invoke(DirectMethodHandleAccessor.java:103) ~[?:?]
	at java.lang.reflect.Method.invoke(Method.java:580) ~[?:?]
	at org.junit.platform.commons.util.ReflectionUtils.invokeMethod(ReflectionUtils.java:725) ~[junit-platform-commons-1.8.2.jar:1.8.2]
	at org.junit.jupiter.engine.execution.MethodInvocation.proceed(MethodInvocation.java:60) ~[junit-jupiter-engine-5.8.2.jar:5.8.2]
	at org.junit.jupiter.engine.execution.InvocationInterceptorChain$ValidatingInvocation.proceed(InvocationInterceptorChain.java:131) ~[junit-jupiter-engine-5.8.2.jar:5.8.2]
	at org.junit.jupiter.engine.extension.TimeoutExtension.intercept(TimeoutExtension.java:149) ~[junit-jupiter-engine-5.8.2.jar:5.8.2]
	at org.junit.jupiter.engine.extension.TimeoutExtension.interceptTestableMethod(TimeoutExtension.java:140) ~[junit-jupiter-engine-5.8.2.jar:5.8.2]
	at org.junit.jupiter.engine.extension.TimeoutExtension.interceptTestMethod(TimeoutExtension.java:84) ~[junit-jupiter-engine-5.8.2.jar:5.8.2]
	at org.junit.jupiter.engine.execution.ExecutableInvoker$ReflectiveInterceptorCall.lambda$ofVoidMethod$0(ExecutableInvoker.java:115) ~[junit-jupiter-engine-5.8.2.jar:5.8.2]
	at org.junit.jupiter.engine.execution.ExecutableInvoker.lambda$invoke$0(ExecutableInvoker.java:105) ~[junit-jupiter-engine-5.8.2.jar:5.8.2]
	at org.junit.jupiter.engine.execution.InvocationInterceptorChain$InterceptedInvocation.proceed(InvocationInterceptorChain.java:106) ~[junit-jupiter-engine-5.8.2.jar:5.8.2]
	at org.junit.jupiter.engine.execution.InvocationInterceptorChain.proceed(InvocationInterceptorChain.java:64) ~[junit-jupiter-engine-5.8.2.jar:5.8.2]
	at org.junit.jupiter.engine.execution.InvocationInterceptorChain.chainAndInvoke(InvocationInterceptorChain.java:45) ~[junit-jupiter-engine-5.8.2.jar:5.8.2]
	at org.junit.jupiter.engine.execution.InvocationInterceptorChain.invoke(InvocationInterceptorChain.java:37) ~[junit-jupiter-engine-5.8.2.jar:5.8.2]
	at org.junit.jupiter.engine.execution.ExecutableInvoker.invoke(ExecutableInvoker.java:104) ~[junit-jupiter-engine-5.8.2.jar:5.8.2]
	at org.junit.jupiter.engine.execution.ExecutableInvoker.invoke(ExecutableInvoker.java:98) ~[junit-jupiter-engine-5.8.2.jar:5.8.2]
	at org.junit.jupiter.engine.descriptor.TestMethodTestDescriptor.lambda$invokeTestMethod$7(TestMethodTestDescriptor.java:214) ~[junit-jupiter-engine-5.8.2.jar:5.8.2]
	at org.junit.platform.engine.support.hierarchical.ThrowableCollector.execute(ThrowableCollector.java:73) ~[junit-platform-engine-1.8.2.jar:1.8.2]
	at org.junit.jupiter.engine.descriptor.TestMethodTestDescriptor.invokeTestMethod(TestMethodTestDescriptor.java:210) ~[junit-jupiter-engine-5.8.2.jar:5.8.2]
	at org.junit.jupiter.engine.descriptor.TestMethodTestDescriptor.execute(TestMethodTestDescriptor.java:135) ~[junit-jupiter-engine-5.8.2.jar:5.8.2]
	at org.junit.jupiter.engine.descriptor.TestMethodTestDescriptor.execute(TestMethodTestDescriptor.java:66) ~[junit-jupiter-engine-5.8.2.jar:5.8.2]
	at org.junit.platform.engine.support.hierarchical.NodeTestTask.lambda$executeRecursively$6(NodeTestTask.java:151) ~[junit-platform-engine-1.8.2.jar:1.8.2]
	at org.junit.platform.engine.support.hierarchical.ThrowableCollector.execute(ThrowableCollector.java:73) ~[junit-platform-engine-1.8.2.jar:1.8.2]
	at org.junit.platform.engine.support.hierarchical.NodeTestTask.lambda$executeRecursively$8(NodeTestTask.java:141) ~[junit-platform-engine-1.8.2.jar:1.8.2]
	at org.junit.platform.engine.support.hierarchical.Node.around(Node.java:137) ~[junit-platform-engine-1.8.2.jar:1.8.2]
	at org.junit.platform.engine.support.hierarchical.NodeTestTask.lambda$executeRecursively$9(NodeTestTask.java:139) ~[junit-platform-engine-1.8.2.jar:1.8.2]
	at org.junit.platform.engine.support.hierarchical.ThrowableCollector.execute(ThrowableCollector.java:73) ~[junit-platform-engine-1.8.2.jar:1.8.2]
	at org.junit.platform.engine.support.hierarchical.NodeTestTask.executeRecursively(NodeTestTask.java:138) ~[junit-platform-engine-1.8.2.jar:1.8.2]
	at org.junit.platform.engine.support.hierarchical.NodeTestTask.execute(NodeTestTask.java:95) ~[junit-platform-engine-1.8.2.jar:1.8.2]
	at java.util.ArrayList.forEach(ArrayList.java:1597) ~[?:?]
	at org.junit.platform.engine.support.hierarchical.SameThreadHierarchicalTestExecutorService.invokeAll(SameThreadHierarchicalTestExecutorService.java:41) ~[junit-platform-engine-1.8.2.jar:1.8.2]
	at org.junit.platform.engine.support.hierarchical.NodeTestTask.lambda$executeRecursively$6(NodeTestTask.java:155) ~[junit-platform-engine-1.8.2.jar:1.8.2]
	at org.junit.platform.engine.support.hierarchical.ThrowableCollector.execute(ThrowableCollector.java:73) ~[junit-platform-engine-1.8.2.jar:1.8.2]
	at org.junit.platform.engine.support.hierarchical.NodeTestTask.lambda$executeRecursively$8(NodeTestTask.java:141) ~[junit-platform-engine-1.8.2.jar:1.8.2]
	at org.junit.platform.engine.support.hierarchical.Node.around(Node.java:137) ~[junit-platform-engine-1.8.2.jar:1.8.2]
	at org.junit.platform.engine.support.hierarchical.NodeTestTask.lambda$executeRecursively$9(NodeTestTask.java:139) ~[junit-platform-engine-1.8.2.jar:1.8.2]
	at org.junit.platform.engine.support.hierarchical.ThrowableCollector.execute(ThrowableCollector.java:73) ~[junit-platform-engine-1.8.2.jar:1.8.2]
	at org.junit.platform.engine.support.hierarchical.NodeTestTask.executeRecursively(NodeTestTask.java:138) ~[junit-platform-engine-1.8.2.jar:1.8.2]
	at org.junit.platform.engine.support.hierarchical.NodeTestTask.execute(NodeTestTask.java:95) ~[junit-platform-engine-1.8.2.jar:1.8.2]
	at java.util.ArrayList.forEach(ArrayList.java:1597) ~[?:?]
	at org.junit.platform.engine.support.hierarchical.SameThreadHierarchicalTestExecutorService.invokeAll(SameThreadHierarchicalTestExecutorService.java:41) ~[junit-platform-engine-1.8.2.jar:1.8.2]
	at org.junit.platform.engine.support.hierarchical.NodeTestTask.lambda$executeRecursively$6(NodeTestTask.java:155) ~[junit-platform-engine-1.8.2.jar:1.8.2]
	at org.junit.platform.engine.support.hierarchical.ThrowableCollector.execute(ThrowableCollector.java:73) ~[junit-platform-engine-1.8.2.jar:1.8.2]
	at org.junit.platform.engine.support.hierarchical.NodeTestTask.lambda$executeRecursively$8(NodeTestTask.java:141) ~[junit-platform-engine-1.8.2.jar:1.8.2]
	at org.junit.platform.engine.support.hierarchical.Node.around(Node.java:137) ~[junit-platform-engine-1.8.2.jar:1.8.2]
	at org.junit.platform.engine.support.hierarchical.NodeTestTask.lambda$executeRecursively$9(NodeTestTask.java:139) ~[junit-platform-engine-1.8.2.jar:1.8.2]
	at org.junit.platform.engine.support.hierarchical.ThrowableCollector.execute(ThrowableCollector.java:73) ~[junit-platform-engine-1.8.2.jar:1.8.2]
	at org.junit.platform.engine.support.hierarchical.NodeTestTask.executeRecursively(NodeTestTask.java:138) ~[junit-platform-engine-1.8.2.jar:1.8.2]
	at org.junit.platform.engine.support.hierarchical.NodeTestTask.execute(NodeTestTask.java:95) ~[junit-platform-engine-1.8.2.jar:1.8.2]
	at org.junit.platform.engine.support.hierarchical.SameThreadHierarchicalTestExecutorService.submit(SameThreadHierarchicalTestExecutorService.java:35) ~[junit-platform-engine-1.8.2.jar:1.8.2]
	at org.junit.platform.engine.support.hierarchical.HierarchicalTestExecutor.execute(HierarchicalTestExecutor.java:57) ~[junit-platform-engine-1.8.2.jar:1.8.2]
	at org.junit.platform.engine.support.hierarchical.HierarchicalTestEngine.execute(HierarchicalTestEngine.java:54) ~[junit-platform-engine-1.8.2.jar:1.8.2]
	at org.junit.platform.launcher.core.EngineExecutionOrchestrator.execute(EngineExecutionOrchestrator.java:107) ~[junit-platform-launcher-1.8.2.jar:1.8.2]
	at org.junit.platform.launcher.core.EngineExecutionOrchestrator.execute(EngineExecutionOrchestrator.java:88) ~[junit-platform-launcher-1.8.2.jar:1.8.2]
	at org.junit.platform.launcher.core.EngineExecutionOrchestrator.lambda$execute$0(EngineExecutionOrchestrator.java:54) ~[junit-platform-launcher-1.8.2.jar:1.8.2]
	at org.junit.platform.launcher.core.EngineExecutionOrchestrator.withInterceptedStreams(EngineExecutionOrchestrator.java:67) [junit-platform-launcher-1.8.2.jar:1.8.2]
	at org.junit.platform.launcher.core.EngineExecutionOrchestrator.execute(EngineExecutionOrchestrator.java:52) [junit-platform-launcher-1.8.2.jar:1.8.2]
	at org.junit.platform.launcher.core.DefaultLauncher.execute(DefaultLauncher.java:114) [junit-platform-launcher-1.8.2.jar:1.8.2]
	at org.junit.platform.launcher.core.DefaultLauncher.execute(DefaultLauncher.java:86) [junit-platform-launcher-1.8.2.jar:1.8.2]
	at org.junit.platform.launcher.core.DefaultLauncherSession$DelegatingLauncher.execute(DefaultLauncherSession.java:86) [junit-platform-launcher-1.8.2.jar:1.8.2]
	at org.junit.platform.launcher.core.SessionPerRequestLauncher.execute(SessionPerRequestLauncher.java:53) [junit-platform-launcher-1.8.2.jar:1.8.2]
	at com.intellij.junit5.JUnit5IdeaTestRunner.startRunnerWithArgs(JUnit5IdeaTestRunner.java:57) [junit5-rt.jar:?]
	at com.intellij.rt.junit.IdeaTestRunner$Repeater$1.execute(IdeaTestRunner.java:38) [junit-rt.jar:?]
	at com.intellij.rt.execution.junit.TestsRepeater.repeat(TestsRepeater.java:11) [idea_rt.jar:?]
	at com.intellij.rt.junit.IdeaTestRunner$Repeater.startRunnerWithArgs(IdeaTestRunner.java:35) [junit-rt.jar:?]
	at com.intellij.rt.junit.JUnitStarter.prepareStreamsAndStart(JUnitStarter.java:232) [junit-rt.jar:?]
	at com.intellij.rt.junit.JUnitStarter.main(JUnitStarter.java:55) [junit-rt.jar:?]
2024-11-20 22:30:51 [main] INFO  com.my_complex_lab.Commands.PickDeposit - 
Ви завершили вибір депозитів.
2024-11-20 22:30:51 [main] INFO  com.my_complex_lab.Commands.PickDeposit - Обираємо депозити...
2024-11-20 22:30:51 [main] INFO  com.my_complex_lab.Commands.PickDeposit - 
Ви завершили вибір депозитів.
2024-11-20 22:30:51 [main] INFO  com.my_complex_lab.Commands.PickDeposit - Обираємо депозити...
2024-11-20 22:30:51 [main] INFO  com.my_complex_lab.Commands.PickDeposit - 
Ви завершили вибір депозитів.
2024-11-20 22:30:51 [main] INFO  com.my_complex_lab.Menu.MyDepositsMenu - Меню депозитів показано користувачеві
2024-11-20 22:30:51 [main] INFO  com.my_complex_lab.Commands.FindDeposit - Пошук депозиту розпочато.
2024-11-20 22:30:51 [main] INFO  com.my_complex_lab.Commands.FindDeposit - Користувач шукає депозити типу: Н
2024-11-20 22:30:51 [main] WARN  com.my_complex_lab.Commands.FindDeposit - Депозити типу 'Н' не знайдені.
2024-11-20 22:30:51 [main] INFO  com.my_complex_lab.Commands.FindDeposit - Пошук депозиту завершено.
2024-11-20 22:30:51 [main] INFO  com.my_complex_lab.Commands.FindDeposit - Пошук депозиту розпочато.
2024-11-20 22:30:52 [main] WARN  com.my_complex_lab.Commands.FindDeposit - Некоректний вибір критерію: 3
2024-11-20 22:30:52 [main] INFO  com.my_complex_lab.Commands.FindDeposit - Пошук депозиту завершено.
2024-11-20 22:30:52 [main] INFO  com.my_complex_lab.Commands.FindDeposit - Пошук депозиту розпочато.
2024-11-20 22:30:52 [main] INFO  com.my_complex_lab.Commands.FindDeposit - Користувач шукає депозити банку: Nonexistent Bank
2024-11-20 22:30:52 [main] WARN  com.my_complex_lab.Commands.FindDeposit - Депозити банку 'Nonexistent Bank' не знайдені.
2024-11-20 22:30:52 [main] INFO  com.my_complex_lab.Commands.FindDeposit - Пошук депозиту завершено.
2024-11-20 22:30:52 [main] INFO  com.my_complex_lab.Menu.DepositManageMenu - Відображення меню депозитів....
2024-11-20 22:30:52 [main] INFO  com.my_complex_lab.Commands.WithdrawEarly - Початок процедури дострокового зняття коштів.
2024-11-20 22:30:52 [main] ERROR com.my_complex_lab.Commands.WithdrawEarly - Помилка вводу під час зняття коштів: null
2024-11-20 22:30:52 [main] INFO  com.my_complex_lab.Commands.WithdrawEarly - Процедура дострокового зняття коштів завершена.
2024-11-20 22:30:52 [main] INFO  com.my_complex_lab.Commands.WithdrawEarly - Початок процедури дострокового зняття коштів.
2024-11-20 22:30:52 [main] INFO  com.my_complex_lab.Commands.WithdrawEarly - Знайдено депозит з ID 123: Mock for Deposit, hashCode: 1573241363
2024-11-20 22:30:52 [main] WARN  com.my_complex_lab.Commands.WithdrawEarly - Спроба зняти недопустиму суму: -500
2024-11-20 22:30:52 [main] INFO  com.my_complex_lab.Commands.WithdrawEarly - Початок процедури дострокового зняття коштів.
2024-11-20 22:30:52 [main] INFO  com.my_complex_lab.Commands.WithdrawEarly - Знайдено депозит з ID 123: Mock for Deposit, hashCode: 717371756
2024-11-20 22:30:52 [main] INFO  com.my_complex_lab.Commands.WithdrawEarly - Успішно знято 500 з депозиту з ID 123.
2024-11-20 22:30:52 [main] INFO  com.my_complex_lab.Commands.WithdrawEarly - Процедура дострокового зняття коштів завершена.
2024-11-20 22:30:52 [main] INFO  com.my_complex_lab.Commands.WithdrawEarly - Початок процедури дострокового зняття коштів.
2024-11-20 22:30:52 [main] WARN  com.my_complex_lab.Commands.WithdrawEarly - Не знайдено депозит з ID 999.
2024-11-20 22:30:52 [main] INFO  com.my_complex_lab.Commands.WithdrawEarly - Процедура дострокового зняття коштів завершена.
2024-11-20 22:30:52 [main] INFO  com.my_complex_lab.Commands.ViewMyDeposits - Перегляд власних депозитів розпочато.
2024-11-20 22:30:52 [main] INFO  com.my_complex_lab.Commands.ViewMyDeposits - Відображено депозит №1: Deposit 1: Bank A, Type U, Balance 1000
2024-11-20 22:30:52 [main] INFO  com.my_complex_lab.Commands.ViewMyDeposits - Відображено депозит №2: Deposit 2: Bank B, Type О, Balance 2000
2024-11-20 22:30:52 [main] INFO  com.my_complex_lab.Commands.ViewMyDeposits - Перегляд власних депозитів завершено.
2024-11-20 22:30:52 [main] INFO  com.my_complex_lab.Commands.SortDeposits - Сортування депозитів
2024-11-20 22:34:11 [main] INFO  com.my_complex_lab.Commands.ReplenishDeposit - Початок процесу поповнення депозиту.
2024-11-20 22:34:11 [main] INFO  com.my_complex_lab.Commands.ReplenishDeposit - Депозит з ID 1 знайдено.
2024-11-20 22:34:11 [main] INFO  com.my_complex_lab.Commands.ReplenishDeposit - Депозит з ID 1 успішно поповнено на суму 500.
2024-11-20 22:34:11 [main] INFO  com.my_complex_lab.Commands.ReplenishDeposit - Завершення процесу поповнення депозиту.
2024-11-20 22:34:11 [main] INFO  com.my_complex_lab.Commands.ReplenishDeposit - Початок процесу поповнення депозиту.
2024-11-20 22:34:11 [main] WARN  com.my_complex_lab.Commands.ReplenishDeposit - Депозит з ID 3 не знайдено серед доступних.
2024-11-20 22:34:11 [main] INFO  com.my_complex_lab.Commands.ReplenishDeposit - Завершення процесу поповнення депозиту.
2024-11-20 22:38:29 [main] INFO  com.my_complex_lab.Commands.ReplenishDeposit - Початок процесу поповнення депозиту.
2024-11-20 22:38:30 [main] INFO  com.my_complex_lab.Commands.ReplenishDeposit - Депозит з ID 1 знайдено.
2024-11-20 22:38:30 [main] INFO  com.my_complex_lab.Commands.ReplenishDeposit - Депозит з ID 1 успішно поповнено на суму 500.
2024-11-20 22:38:30 [main] INFO  com.my_complex_lab.Commands.ReplenishDeposit - Завершення процесу поповнення депозиту.
2024-11-20 22:38:30 [main] INFO  com.my_complex_lab.Commands.ReplenishDeposit - Початок процесу поповнення депозиту.
2024-11-20 22:38:30 [main] WARN  com.my_complex_lab.Commands.ReplenishDeposit - Депозит з ID 3 не знайдено серед доступних.
2024-11-20 22:38:30 [main] INFO  com.my_complex_lab.Commands.ReplenishDeposit - Завершення процесу поповнення депозиту.
2024-11-20 22:41:05 [main] INFO  com.my_complex_lab.Commands.ViewAllDeposits - Перегляд усіх депозитів розпочато.
2024-11-20 22:41:05 [main] INFO  com.my_complex_lab.Commands.ViewAllDeposits - Перегляд усіх депозитів завершено.
2024-11-20 22:41:05 [main] INFO  com.my_complex_lab.Commands.PickDeposit - Обираємо депозити...
2024-11-20 22:41:05 [main] ERROR com.my_complex_lab.Commands.PickDeposit - Некоректне введення: очікується число.
java.lang.NumberFormatException: For input string: "invalid"
	at java.lang.NumberFormatException.forInputString(NumberFormatException.java:67) ~[?:?]
	at java.lang.Integer.parseInt(Integer.java:588) ~[?:?]
	at java.lang.Integer.parseInt(Integer.java:685) ~[?:?]
	at com.my_complex_lab.Commands.PickDeposit.execute(PickDeposit.java:40) ~[classes/:?]
	at com.my_complex_lab.Commands.PickDepositTest.testPickDepositInvalidInput(PickDepositTest.java:76) ~[test-classes/:?]
	at jdk.internal.reflect.DirectMethodHandleAccessor.invoke(DirectMethodHandleAccessor.java:103) ~[?:?]
	at java.lang.reflect.Method.invoke(Method.java:580) ~[?:?]
	at org.junit.platform.commons.util.ReflectionUtils.invokeMethod(ReflectionUtils.java:725) ~[junit-platform-commons-1.8.2.jar:1.8.2]
	at org.junit.jupiter.engine.execution.MethodInvocation.proceed(MethodInvocation.java:60) ~[junit-jupiter-engine-5.8.2.jar:5.8.2]
	at org.junit.jupiter.engine.execution.InvocationInterceptorChain$ValidatingInvocation.proceed(InvocationInterceptorChain.java:131) ~[junit-jupiter-engine-5.8.2.jar:5.8.2]
	at org.junit.jupiter.engine.extension.TimeoutExtension.intercept(TimeoutExtension.java:149) ~[junit-jupiter-engine-5.8.2.jar:5.8.2]
	at org.junit.jupiter.engine.extension.TimeoutExtension.interceptTestableMethod(TimeoutExtension.java:140) ~[junit-jupiter-engine-5.8.2.jar:5.8.2]
	at org.junit.jupiter.engine.extension.TimeoutExtension.interceptTestMethod(TimeoutExtension.java:84) ~[junit-jupiter-engine-5.8.2.jar:5.8.2]
	at org.junit.jupiter.engine.execution.ExecutableInvoker$ReflectiveInterceptorCall.lambda$ofVoidMethod$0(ExecutableInvoker.java:115) ~[junit-jupiter-engine-5.8.2.jar:5.8.2]
	at org.junit.jupiter.engine.execution.ExecutableInvoker.lambda$invoke$0(ExecutableInvoker.java:105) ~[junit-jupiter-engine-5.8.2.jar:5.8.2]
	at org.junit.jupiter.engine.execution.InvocationInterceptorChain$InterceptedInvocation.proceed(InvocationInterceptorChain.java:106) ~[junit-jupiter-engine-5.8.2.jar:5.8.2]
	at org.junit.jupiter.engine.execution.InvocationInterceptorChain.proceed(InvocationInterceptorChain.java:64) ~[junit-jupiter-engine-5.8.2.jar:5.8.2]
	at org.junit.jupiter.engine.execution.InvocationInterceptorChain.chainAndInvoke(InvocationInterceptorChain.java:45) ~[junit-jupiter-engine-5.8.2.jar:5.8.2]
	at org.junit.jupiter.engine.execution.InvocationInterceptorChain.invoke(InvocationInterceptorChain.java:37) ~[junit-jupiter-engine-5.8.2.jar:5.8.2]
	at org.junit.jupiter.engine.execution.ExecutableInvoker.invoke(ExecutableInvoker.java:104) ~[junit-jupiter-engine-5.8.2.jar:5.8.2]
	at org.junit.jupiter.engine.execution.ExecutableInvoker.invoke(ExecutableInvoker.java:98) ~[junit-jupiter-engine-5.8.2.jar:5.8.2]
	at org.junit.jupiter.engine.descriptor.TestMethodTestDescriptor.lambda$invokeTestMethod$7(TestMethodTestDescriptor.java:214) ~[junit-jupiter-engine-5.8.2.jar:5.8.2]
	at org.junit.platform.engine.support.hierarchical.ThrowableCollector.execute(ThrowableCollector.java:73) ~[junit-platform-engine-1.8.2.jar:1.8.2]
	at org.junit.jupiter.engine.descriptor.TestMethodTestDescriptor.invokeTestMethod(TestMethodTestDescriptor.java:210) ~[junit-jupiter-engine-5.8.2.jar:5.8.2]
	at org.junit.jupiter.engine.descriptor.TestMethodTestDescriptor.execute(TestMethodTestDescriptor.java:135) ~[junit-jupiter-engine-5.8.2.jar:5.8.2]
	at org.junit.jupiter.engine.descriptor.TestMethodTestDescriptor.execute(TestMethodTestDescriptor.java:66) ~[junit-jupiter-engine-5.8.2.jar:5.8.2]
	at org.junit.platform.engine.support.hierarchical.NodeTestTask.lambda$executeRecursively$6(NodeTestTask.java:151) ~[junit-platform-engine-1.8.2.jar:1.8.2]
	at org.junit.platform.engine.support.hierarchical.ThrowableCollector.execute(ThrowableCollector.java:73) ~[junit-platform-engine-1.8.2.jar:1.8.2]
	at org.junit.platform.engine.support.hierarchical.NodeTestTask.lambda$executeRecursively$8(NodeTestTask.java:141) ~[junit-platform-engine-1.8.2.jar:1.8.2]
	at org.junit.platform.engine.support.hierarchical.Node.around(Node.java:137) ~[junit-platform-engine-1.8.2.jar:1.8.2]
	at org.junit.platform.engine.support.hierarchical.NodeTestTask.lambda$executeRecursively$9(NodeTestTask.java:139) ~[junit-platform-engine-1.8.2.jar:1.8.2]
	at org.junit.platform.engine.support.hierarchical.ThrowableCollector.execute(ThrowableCollector.java:73) ~[junit-platform-engine-1.8.2.jar:1.8.2]
	at org.junit.platform.engine.support.hierarchical.NodeTestTask.executeRecursively(NodeTestTask.java:138) ~[junit-platform-engine-1.8.2.jar:1.8.2]
	at org.junit.platform.engine.support.hierarchical.NodeTestTask.execute(NodeTestTask.java:95) ~[junit-platform-engine-1.8.2.jar:1.8.2]
	at java.util.ArrayList.forEach(ArrayList.java:1597) ~[?:?]
	at org.junit.platform.engine.support.hierarchical.SameThreadHierarchicalTestExecutorService.invokeAll(SameThreadHierarchicalTestExecutorService.java:41) ~[junit-platform-engine-1.8.2.jar:1.8.2]
	at org.junit.platform.engine.support.hierarchical.NodeTestTask.lambda$executeRecursively$6(NodeTestTask.java:155) ~[junit-platform-engine-1.8.2.jar:1.8.2]
	at org.junit.platform.engine.support.hierarchical.ThrowableCollector.execute(ThrowableCollector.java:73) ~[junit-platform-engine-1.8.2.jar:1.8.2]
	at org.junit.platform.engine.support.hierarchical.NodeTestTask.lambda$executeRecursively$8(NodeTestTask.java:141) ~[junit-platform-engine-1.8.2.jar:1.8.2]
	at org.junit.platform.engine.support.hierarchical.Node.around(Node.java:137) ~[junit-platform-engine-1.8.2.jar:1.8.2]
	at org.junit.platform.engine.support.hierarchical.NodeTestTask.lambda$executeRecursively$9(NodeTestTask.java:139) ~[junit-platform-engine-1.8.2.jar:1.8.2]
	at org.junit.platform.engine.support.hierarchical.ThrowableCollector.execute(ThrowableCollector.java:73) ~[junit-platform-engine-1.8.2.jar:1.8.2]
	at org.junit.platform.engine.support.hierarchical.NodeTestTask.executeRecursively(NodeTestTask.java:138) ~[junit-platform-engine-1.8.2.jar:1.8.2]
	at org.junit.platform.engine.support.hierarchical.NodeTestTask.execute(NodeTestTask.java:95) ~[junit-platform-engine-1.8.2.jar:1.8.2]
	at java.util.ArrayList.forEach(ArrayList.java:1597) ~[?:?]
	at org.junit.platform.engine.support.hierarchical.SameThreadHierarchicalTestExecutorService.invokeAll(SameThreadHierarchicalTestExecutorService.java:41) ~[junit-platform-engine-1.8.2.jar:1.8.2]
	at org.junit.platform.engine.support.hierarchical.NodeTestTask.lambda$executeRecursively$6(NodeTestTask.java:155) ~[junit-platform-engine-1.8.2.jar:1.8.2]
	at org.junit.platform.engine.support.hierarchical.ThrowableCollector.execute(ThrowableCollector.java:73) ~[junit-platform-engine-1.8.2.jar:1.8.2]
	at org.junit.platform.engine.support.hierarchical.NodeTestTask.lambda$executeRecursively$8(NodeTestTask.java:141) ~[junit-platform-engine-1.8.2.jar:1.8.2]
	at org.junit.platform.engine.support.hierarchical.Node.around(Node.java:137) ~[junit-platform-engine-1.8.2.jar:1.8.2]
	at org.junit.platform.engine.support.hierarchical.NodeTestTask.lambda$executeRecursively$9(NodeTestTask.java:139) ~[junit-platform-engine-1.8.2.jar:1.8.2]
	at org.junit.platform.engine.support.hierarchical.ThrowableCollector.execute(ThrowableCollector.java:73) ~[junit-platform-engine-1.8.2.jar:1.8.2]
	at org.junit.platform.engine.support.hierarchical.NodeTestTask.executeRecursively(NodeTestTask.java:138) ~[junit-platform-engine-1.8.2.jar:1.8.2]
	at org.junit.platform.engine.support.hierarchical.NodeTestTask.execute(NodeTestTask.java:95) ~[junit-platform-engine-1.8.2.jar:1.8.2]
	at org.junit.platform.engine.support.hierarchical.SameThreadHierarchicalTestExecutorService.submit(SameThreadHierarchicalTestExecutorService.java:35) ~[junit-platform-engine-1.8.2.jar:1.8.2]
	at org.junit.platform.engine.support.hierarchical.HierarchicalTestExecutor.execute(HierarchicalTestExecutor.java:57) ~[junit-platform-engine-1.8.2.jar:1.8.2]
	at org.junit.platform.engine.support.hierarchical.HierarchicalTestEngine.execute(HierarchicalTestEngine.java:54) ~[junit-platform-engine-1.8.2.jar:1.8.2]
	at org.junit.platform.launcher.core.EngineExecutionOrchestrator.execute(EngineExecutionOrchestrator.java:107) ~[junit-platform-launcher-1.8.2.jar:1.8.2]
	at org.junit.platform.launcher.core.EngineExecutionOrchestrator.execute(EngineExecutionOrchestrator.java:88) ~[junit-platform-launcher-1.8.2.jar:1.8.2]
	at org.junit.platform.launcher.core.EngineExecutionOrchestrator.lambda$execute$0(EngineExecutionOrchestrator.java:54) ~[junit-platform-launcher-1.8.2.jar:1.8.2]
	at org.junit.platform.launcher.core.EngineExecutionOrchestrator.withInterceptedStreams(EngineExecutionOrchestrator.java:67) [junit-platform-launcher-1.8.2.jar:1.8.2]
	at org.junit.platform.launcher.core.EngineExecutionOrchestrator.execute(EngineExecutionOrchestrator.java:52) [junit-platform-launcher-1.8.2.jar:1.8.2]
	at org.junit.platform.launcher.core.DefaultLauncher.execute(DefaultLauncher.java:114) [junit-platform-launcher-1.8.2.jar:1.8.2]
	at org.junit.platform.launcher.core.DefaultLauncher.execute(DefaultLauncher.java:86) [junit-platform-launcher-1.8.2.jar:1.8.2]
	at org.junit.platform.launcher.core.DefaultLauncherSession$DelegatingLauncher.execute(DefaultLauncherSession.java:86) [junit-platform-launcher-1.8.2.jar:1.8.2]
	at org.junit.platform.launcher.core.SessionPerRequestLauncher.execute(SessionPerRequestLauncher.java:53) [junit-platform-launcher-1.8.2.jar:1.8.2]
	at com.intellij.junit5.JUnit5IdeaTestRunner.startRunnerWithArgs(JUnit5IdeaTestRunner.java:57) [junit5-rt.jar:?]
	at com.intellij.rt.junit.IdeaTestRunner$Repeater$1.execute(IdeaTestRunner.java:38) [junit-rt.jar:?]
	at com.intellij.rt.execution.junit.TestsRepeater.repeat(TestsRepeater.java:11) [idea_rt.jar:?]
	at com.intellij.rt.junit.IdeaTestRunner$Repeater.startRunnerWithArgs(IdeaTestRunner.java:35) [junit-rt.jar:?]
	at com.intellij.rt.junit.JUnitStarter.prepareStreamsAndStart(JUnitStarter.java:232) [junit-rt.jar:?]
	at com.intellij.rt.junit.JUnitStarter.main(JUnitStarter.java:55) [junit-rt.jar:?]
2024-11-20 22:41:07 [main] INFO  com.my_complex_lab.Commands.PickDeposit - 
Ви завершили вибір депозитів.
2024-11-20 22:41:07 [main] INFO  com.my_complex_lab.Commands.PickDeposit - Обираємо депозити...
2024-11-20 22:41:07 [main] INFO  com.my_complex_lab.Commands.PickDeposit - 
Ви завершили вибір депозитів.
2024-11-20 22:41:07 [main] INFO  com.my_complex_lab.Commands.PickDeposit - Обираємо депозити...
2024-11-20 22:41:07 [main] INFO  com.my_complex_lab.Commands.PickDeposit - 
Ви завершили вибір депозитів.
2024-11-20 22:41:07 [main] INFO  com.my_complex_lab.Menu.MyDepositsMenu - Меню депозитів показано користувачеві
2024-11-20 22:41:07 [main] INFO  com.my_complex_lab.Commands.FindDeposit - Пошук депозиту розпочато.
2024-11-20 22:41:07 [main] INFO  com.my_complex_lab.Commands.FindDeposit - Користувач шукає депозити типу: Н
2024-11-20 22:41:07 [main] WARN  com.my_complex_lab.Commands.FindDeposit - Депозити типу 'Н' не знайдені.
2024-11-20 22:41:07 [main] INFO  com.my_complex_lab.Commands.FindDeposit - Пошук депозиту завершено.
2024-11-20 22:41:07 [main] INFO  com.my_complex_lab.Commands.FindDeposit - Пошук депозиту розпочато.
2024-11-20 22:41:07 [main] WARN  com.my_complex_lab.Commands.FindDeposit - Некоректний вибір критерію: 3
2024-11-20 22:41:07 [main] INFO  com.my_complex_lab.Commands.FindDeposit - Пошук депозиту завершено.
2024-11-20 22:41:07 [main] INFO  com.my_complex_lab.Commands.FindDeposit - Пошук депозиту розпочато.
2024-11-20 22:41:07 [main] INFO  com.my_complex_lab.Commands.FindDeposit - Користувач шукає депозити банку: Nonexistent Bank
2024-11-20 22:41:07 [main] WARN  com.my_complex_lab.Commands.FindDeposit - Депозити банку 'Nonexistent Bank' не знайдені.
2024-11-20 22:41:07 [main] INFO  com.my_complex_lab.Commands.FindDeposit - Пошук депозиту завершено.
2024-11-20 22:41:07 [main] INFO  com.my_complex_lab.Menu.DepositManageMenu - Відображення меню депозитів....
2024-11-20 22:41:07 [main] INFO  com.my_complex_lab.Commands.WithdrawEarly - Початок процедури дострокового зняття коштів.
2024-11-20 22:41:07 [main] ERROR com.my_complex_lab.Commands.WithdrawEarly - Помилка вводу під час зняття коштів: null
2024-11-20 22:41:08 [main] INFO  com.my_complex_lab.Commands.WithdrawEarly - Процедура дострокового зняття коштів завершена.
2024-11-20 22:41:08 [main] INFO  com.my_complex_lab.Commands.WithdrawEarly - Початок процедури дострокового зняття коштів.
2024-11-20 22:41:08 [main] INFO  com.my_complex_lab.Commands.WithdrawEarly - Знайдено депозит з ID 123: Mock for Deposit, hashCode: 1028613775
2024-11-20 22:41:08 [main] WARN  com.my_complex_lab.Commands.WithdrawEarly - Спроба зняти недопустиму суму: -500
2024-11-20 22:41:08 [main] INFO  com.my_complex_lab.Commands.WithdrawEarly - Початок процедури дострокового зняття коштів.
2024-11-20 22:41:08 [main] INFO  com.my_complex_lab.Commands.WithdrawEarly - Знайдено депозит з ID 123: Mock for Deposit, hashCode: 913215987
2024-11-20 22:41:08 [main] INFO  com.my_complex_lab.Commands.WithdrawEarly - Успішно знято 500 з депозиту з ID 123.
2024-11-20 22:41:08 [main] INFO  com.my_complex_lab.Commands.WithdrawEarly - Процедура дострокового зняття коштів завершена.
2024-11-20 22:41:08 [main] INFO  com.my_complex_lab.Commands.WithdrawEarly - Початок процедури дострокового зняття коштів.
2024-11-20 22:41:08 [main] WARN  com.my_complex_lab.Commands.WithdrawEarly - Не знайдено депозит з ID 999.
2024-11-20 22:41:08 [main] INFO  com.my_complex_lab.Commands.WithdrawEarly - Процедура дострокового зняття коштів завершена.
2024-11-20 22:41:08 [main] INFO  com.my_complex_lab.Commands.ViewMyDeposits - Перегляд власних депозитів розпочато.
2024-11-20 22:41:08 [main] INFO  com.my_complex_lab.Commands.ViewMyDeposits - Відображено депозит №1: Deposit 1: Bank A, Type U, Balance 1000
2024-11-20 22:41:08 [main] INFO  com.my_complex_lab.Commands.ViewMyDeposits - Відображено депозит №2: Deposit 2: Bank B, Type О, Balance 2000
2024-11-20 22:41:08 [main] INFO  com.my_complex_lab.Commands.ViewMyDeposits - Перегляд власних депозитів завершено.
2024-11-20 22:41:08 [main] INFO  com.my_complex_lab.Commands.SortDeposits - Сортування депозитів
2024-11-21 10:19:32 [main] INFO  com.my_complex_lab.Commands.ViewAllDeposits - Перегляд усіх депозитів розпочато.
2024-11-21 10:19:32 [main] INFO  com.my_complex_lab.Commands.ViewAllDeposits - Перегляд усіх депозитів завершено.
2024-11-21 10:19:32 [main] INFO  com.my_complex_lab.Commands.PickDeposit - Обираємо депозити...
2024-11-21 10:19:32 [main] ERROR com.my_complex_lab.Commands.PickDeposit - Некоректне введення: очікується число.
java.lang.NumberFormatException: For input string: "invalid"
	at java.lang.NumberFormatException.forInputString(NumberFormatException.java:67) ~[?:?]
	at java.lang.Integer.parseInt(Integer.java:588) ~[?:?]
	at java.lang.Integer.parseInt(Integer.java:685) ~[?:?]
	at com.my_complex_lab.Commands.PickDeposit.execute(PickDeposit.java:40) ~[classes/:?]
	at com.my_complex_lab.Commands.PickDepositTest.testPickDepositInvalidInput(PickDepositTest.java:76) ~[test-classes/:?]
	at jdk.internal.reflect.DirectMethodHandleAccessor.invoke(DirectMethodHandleAccessor.java:103) ~[?:?]
	at java.lang.reflect.Method.invoke(Method.java:580) ~[?:?]
	at org.junit.platform.commons.util.ReflectionUtils.invokeMethod(ReflectionUtils.java:725) ~[junit-platform-commons-1.8.2.jar:1.8.2]
	at org.junit.jupiter.engine.execution.MethodInvocation.proceed(MethodInvocation.java:60) ~[junit-jupiter-engine-5.8.2.jar:5.8.2]
	at org.junit.jupiter.engine.execution.InvocationInterceptorChain$ValidatingInvocation.proceed(InvocationInterceptorChain.java:131) ~[junit-jupiter-engine-5.8.2.jar:5.8.2]
	at org.junit.jupiter.engine.extension.TimeoutExtension.intercept(TimeoutExtension.java:149) ~[junit-jupiter-engine-5.8.2.jar:5.8.2]
	at org.junit.jupiter.engine.extension.TimeoutExtension.interceptTestableMethod(TimeoutExtension.java:140) ~[junit-jupiter-engine-5.8.2.jar:5.8.2]
	at org.junit.jupiter.engine.extension.TimeoutExtension.interceptTestMethod(TimeoutExtension.java:84) ~[junit-jupiter-engine-5.8.2.jar:5.8.2]
	at org.junit.jupiter.engine.execution.ExecutableInvoker$ReflectiveInterceptorCall.lambda$ofVoidMethod$0(ExecutableInvoker.java:115) ~[junit-jupiter-engine-5.8.2.jar:5.8.2]
	at org.junit.jupiter.engine.execution.ExecutableInvoker.lambda$invoke$0(ExecutableInvoker.java:105) ~[junit-jupiter-engine-5.8.2.jar:5.8.2]
	at org.junit.jupiter.engine.execution.InvocationInterceptorChain$InterceptedInvocation.proceed(InvocationInterceptorChain.java:106) ~[junit-jupiter-engine-5.8.2.jar:5.8.2]
	at org.junit.jupiter.engine.execution.InvocationInterceptorChain.proceed(InvocationInterceptorChain.java:64) ~[junit-jupiter-engine-5.8.2.jar:5.8.2]
	at org.junit.jupiter.engine.execution.InvocationInterceptorChain.chainAndInvoke(InvocationInterceptorChain.java:45) ~[junit-jupiter-engine-5.8.2.jar:5.8.2]
	at org.junit.jupiter.engine.execution.InvocationInterceptorChain.invoke(InvocationInterceptorChain.java:37) ~[junit-jupiter-engine-5.8.2.jar:5.8.2]
	at org.junit.jupiter.engine.execution.ExecutableInvoker.invoke(ExecutableInvoker.java:104) ~[junit-jupiter-engine-5.8.2.jar:5.8.2]
	at org.junit.jupiter.engine.execution.ExecutableInvoker.invoke(ExecutableInvoker.java:98) ~[junit-jupiter-engine-5.8.2.jar:5.8.2]
	at org.junit.jupiter.engine.descriptor.TestMethodTestDescriptor.lambda$invokeTestMethod$7(TestMethodTestDescriptor.java:214) ~[junit-jupiter-engine-5.8.2.jar:5.8.2]
	at org.junit.platform.engine.support.hierarchical.ThrowableCollector.execute(ThrowableCollector.java:73) ~[junit-platform-engine-1.8.2.jar:1.8.2]
	at org.junit.jupiter.engine.descriptor.TestMethodTestDescriptor.invokeTestMethod(TestMethodTestDescriptor.java:210) ~[junit-jupiter-engine-5.8.2.jar:5.8.2]
	at org.junit.jupiter.engine.descriptor.TestMethodTestDescriptor.execute(TestMethodTestDescriptor.java:135) ~[junit-jupiter-engine-5.8.2.jar:5.8.2]
	at org.junit.jupiter.engine.descriptor.TestMethodTestDescriptor.execute(TestMethodTestDescriptor.java:66) ~[junit-jupiter-engine-5.8.2.jar:5.8.2]
	at org.junit.platform.engine.support.hierarchical.NodeTestTask.lambda$executeRecursively$6(NodeTestTask.java:151) ~[junit-platform-engine-1.8.2.jar:1.8.2]
	at org.junit.platform.engine.support.hierarchical.ThrowableCollector.execute(ThrowableCollector.java:73) ~[junit-platform-engine-1.8.2.jar:1.8.2]
	at org.junit.platform.engine.support.hierarchical.NodeTestTask.lambda$executeRecursively$8(NodeTestTask.java:141) ~[junit-platform-engine-1.8.2.jar:1.8.2]
	at org.junit.platform.engine.support.hierarchical.Node.around(Node.java:137) ~[junit-platform-engine-1.8.2.jar:1.8.2]
	at org.junit.platform.engine.support.hierarchical.NodeTestTask.lambda$executeRecursively$9(NodeTestTask.java:139) ~[junit-platform-engine-1.8.2.jar:1.8.2]
	at org.junit.platform.engine.support.hierarchical.ThrowableCollector.execute(ThrowableCollector.java:73) ~[junit-platform-engine-1.8.2.jar:1.8.2]
	at org.junit.platform.engine.support.hierarchical.NodeTestTask.executeRecursively(NodeTestTask.java:138) ~[junit-platform-engine-1.8.2.jar:1.8.2]
	at org.junit.platform.engine.support.hierarchical.NodeTestTask.execute(NodeTestTask.java:95) ~[junit-platform-engine-1.8.2.jar:1.8.2]
	at java.util.ArrayList.forEach(ArrayList.java:1597) ~[?:?]
	at org.junit.platform.engine.support.hierarchical.SameThreadHierarchicalTestExecutorService.invokeAll(SameThreadHierarchicalTestExecutorService.java:41) ~[junit-platform-engine-1.8.2.jar:1.8.2]
	at org.junit.platform.engine.support.hierarchical.NodeTestTask.lambda$executeRecursively$6(NodeTestTask.java:155) ~[junit-platform-engine-1.8.2.jar:1.8.2]
	at org.junit.platform.engine.support.hierarchical.ThrowableCollector.execute(ThrowableCollector.java:73) ~[junit-platform-engine-1.8.2.jar:1.8.2]
	at org.junit.platform.engine.support.hierarchical.NodeTestTask.lambda$executeRecursively$8(NodeTestTask.java:141) ~[junit-platform-engine-1.8.2.jar:1.8.2]
	at org.junit.platform.engine.support.hierarchical.Node.around(Node.java:137) ~[junit-platform-engine-1.8.2.jar:1.8.2]
	at org.junit.platform.engine.support.hierarchical.NodeTestTask.lambda$executeRecursively$9(NodeTestTask.java:139) ~[junit-platform-engine-1.8.2.jar:1.8.2]
	at org.junit.platform.engine.support.hierarchical.ThrowableCollector.execute(ThrowableCollector.java:73) ~[junit-platform-engine-1.8.2.jar:1.8.2]
	at org.junit.platform.engine.support.hierarchical.NodeTestTask.executeRecursively(NodeTestTask.java:138) ~[junit-platform-engine-1.8.2.jar:1.8.2]
	at org.junit.platform.engine.support.hierarchical.NodeTestTask.execute(NodeTestTask.java:95) ~[junit-platform-engine-1.8.2.jar:1.8.2]
	at java.util.ArrayList.forEach(ArrayList.java:1597) ~[?:?]
	at org.junit.platform.engine.support.hierarchical.SameThreadHierarchicalTestExecutorService.invokeAll(SameThreadHierarchicalTestExecutorService.java:41) ~[junit-platform-engine-1.8.2.jar:1.8.2]
	at org.junit.platform.engine.support.hierarchical.NodeTestTask.lambda$executeRecursively$6(NodeTestTask.java:155) ~[junit-platform-engine-1.8.2.jar:1.8.2]
	at org.junit.platform.engine.support.hierarchical.ThrowableCollector.execute(ThrowableCollector.java:73) ~[junit-platform-engine-1.8.2.jar:1.8.2]
	at org.junit.platform.engine.support.hierarchical.NodeTestTask.lambda$executeRecursively$8(NodeTestTask.java:141) ~[junit-platform-engine-1.8.2.jar:1.8.2]
	at org.junit.platform.engine.support.hierarchical.Node.around(Node.java:137) ~[junit-platform-engine-1.8.2.jar:1.8.2]
	at org.junit.platform.engine.support.hierarchical.NodeTestTask.lambda$executeRecursively$9(NodeTestTask.java:139) ~[junit-platform-engine-1.8.2.jar:1.8.2]
	at org.junit.platform.engine.support.hierarchical.ThrowableCollector.execute(ThrowableCollector.java:73) ~[junit-platform-engine-1.8.2.jar:1.8.2]
	at org.junit.platform.engine.support.hierarchical.NodeTestTask.executeRecursively(NodeTestTask.java:138) ~[junit-platform-engine-1.8.2.jar:1.8.2]
	at org.junit.platform.engine.support.hierarchical.NodeTestTask.execute(NodeTestTask.java:95) ~[junit-platform-engine-1.8.2.jar:1.8.2]
	at org.junit.platform.engine.support.hierarchical.SameThreadHierarchicalTestExecutorService.submit(SameThreadHierarchicalTestExecutorService.java:35) ~[junit-platform-engine-1.8.2.jar:1.8.2]
	at org.junit.platform.engine.support.hierarchical.HierarchicalTestExecutor.execute(HierarchicalTestExecutor.java:57) ~[junit-platform-engine-1.8.2.jar:1.8.2]
	at org.junit.platform.engine.support.hierarchical.HierarchicalTestEngine.execute(HierarchicalTestEngine.java:54) ~[junit-platform-engine-1.8.2.jar:1.8.2]
	at org.junit.platform.launcher.core.EngineExecutionOrchestrator.execute(EngineExecutionOrchestrator.java:107) ~[junit-platform-launcher-1.8.2.jar:1.8.2]
	at org.junit.platform.launcher.core.EngineExecutionOrchestrator.execute(EngineExecutionOrchestrator.java:88) ~[junit-platform-launcher-1.8.2.jar:1.8.2]
	at org.junit.platform.launcher.core.EngineExecutionOrchestrator.lambda$execute$0(EngineExecutionOrchestrator.java:54) ~[junit-platform-launcher-1.8.2.jar:1.8.2]
	at org.junit.platform.launcher.core.EngineExecutionOrchestrator.withInterceptedStreams(EngineExecutionOrchestrator.java:67) [junit-platform-launcher-1.8.2.jar:1.8.2]
	at org.junit.platform.launcher.core.EngineExecutionOrchestrator.execute(EngineExecutionOrchestrator.java:52) [junit-platform-launcher-1.8.2.jar:1.8.2]
	at org.junit.platform.launcher.core.DefaultLauncher.execute(DefaultLauncher.java:114) [junit-platform-launcher-1.8.2.jar:1.8.2]
	at org.junit.platform.launcher.core.DefaultLauncher.execute(DefaultLauncher.java:86) [junit-platform-launcher-1.8.2.jar:1.8.2]
	at org.junit.platform.launcher.core.DefaultLauncherSession$DelegatingLauncher.execute(DefaultLauncherSession.java:86) [junit-platform-launcher-1.8.2.jar:1.8.2]
	at org.junit.platform.launcher.core.SessionPerRequestLauncher.execute(SessionPerRequestLauncher.java:53) [junit-platform-launcher-1.8.2.jar:1.8.2]
	at com.intellij.junit5.JUnit5IdeaTestRunner.startRunnerWithArgs(JUnit5IdeaTestRunner.java:57) [junit5-rt.jar:?]
	at com.intellij.rt.junit.IdeaTestRunner$Repeater$1.execute(IdeaTestRunner.java:38) [junit-rt.jar:?]
	at com.intellij.rt.execution.junit.TestsRepeater.repeat(TestsRepeater.java:11) [idea_rt.jar:?]
	at com.intellij.rt.junit.IdeaTestRunner$Repeater.startRunnerWithArgs(IdeaTestRunner.java:35) [junit-rt.jar:?]
	at com.intellij.rt.junit.JUnitStarter.prepareStreamsAndStart(JUnitStarter.java:232) [junit-rt.jar:?]
	at com.intellij.rt.junit.JUnitStarter.main(JUnitStarter.java:55) [junit-rt.jar:?]
2024-11-21 10:19:34 [main] INFO  com.my_complex_lab.Commands.PickDeposit - 
Ви завершили вибір депозитів.
2024-11-21 10:19:34 [main] INFO  com.my_complex_lab.Commands.PickDeposit - Обираємо депозити...
2024-11-21 10:19:34 [main] INFO  com.my_complex_lab.Commands.PickDeposit - 
Ви завершили вибір депозитів.
2024-11-21 10:19:34 [main] INFO  com.my_complex_lab.Commands.PickDeposit - Обираємо депозити...
2024-11-21 10:19:34 [main] INFO  com.my_complex_lab.Commands.PickDeposit - 
Ви завершили вибір депозитів.
2024-11-21 10:19:34 [main] INFO  com.my_complex_lab.Menu.MyDepositsMenu - Меню депозитів показано користувачеві
2024-11-21 10:19:34 [main] INFO  com.my_complex_lab.Commands.FindDeposit - Пошук депозиту розпочато.
2024-11-21 10:19:34 [main] INFO  com.my_complex_lab.Commands.FindDeposit - Користувач шукає депозити типу: Н
2024-11-21 10:19:34 [main] WARN  com.my_complex_lab.Commands.FindDeposit - Депозити типу 'Н' не знайдені.
2024-11-21 10:19:34 [main] INFO  com.my_complex_lab.Commands.FindDeposit - Пошук депозиту завершено.
2024-11-21 10:19:34 [main] INFO  com.my_complex_lab.Commands.FindDeposit - Пошук депозиту розпочато.
2024-11-21 10:19:34 [main] WARN  com.my_complex_lab.Commands.FindDeposit - Некоректний вибір критерію: 3
2024-11-21 10:19:34 [main] INFO  com.my_complex_lab.Commands.FindDeposit - Пошук депозиту завершено.
2024-11-21 10:19:34 [main] INFO  com.my_complex_lab.Commands.FindDeposit - Пошук депозиту розпочато.
2024-11-21 10:19:34 [main] INFO  com.my_complex_lab.Commands.FindDeposit - Користувач шукає депозити банку: Nonexistent Bank
2024-11-21 10:19:34 [main] WARN  com.my_complex_lab.Commands.FindDeposit - Депозити банку 'Nonexistent Bank' не знайдені.
2024-11-21 10:19:34 [main] INFO  com.my_complex_lab.Commands.FindDeposit - Пошук депозиту завершено.
2024-11-21 10:19:34 [main] INFO  com.my_complex_lab.Menu.DepositManageMenu - Відображення меню депозитів....
2024-11-21 10:19:34 [main] INFO  com.my_complex_lab.Commands.WithdrawEarly - Початок процедури дострокового зняття коштів.
2024-11-21 10:19:34 [main] ERROR com.my_complex_lab.Commands.WithdrawEarly - Помилка вводу під час зняття коштів: null
2024-11-21 10:19:34 [main] INFO  com.my_complex_lab.Commands.WithdrawEarly - Процедура дострокового зняття коштів завершена.
2024-11-21 10:19:34 [main] INFO  com.my_complex_lab.Commands.WithdrawEarly - Початок процедури дострокового зняття коштів.
2024-11-21 10:19:34 [main] INFO  com.my_complex_lab.Commands.WithdrawEarly - Знайдено депозит з ID 123: Mock for Deposit, hashCode: 1145882513
2024-11-21 10:19:34 [main] WARN  com.my_complex_lab.Commands.WithdrawEarly - Спроба зняти недопустиму суму: -500
2024-11-21 10:19:34 [main] INFO  com.my_complex_lab.Commands.WithdrawEarly - Початок процедури дострокового зняття коштів.
2024-11-21 10:19:34 [main] INFO  com.my_complex_lab.Commands.WithdrawEarly - Знайдено депозит з ID 123: Mock for Deposit, hashCode: 475816303
2024-11-21 10:19:34 [main] INFO  com.my_complex_lab.Commands.WithdrawEarly - Успішно знято 500 з депозиту з ID 123.
2024-11-21 10:19:34 [main] INFO  com.my_complex_lab.Commands.WithdrawEarly - Процедура дострокового зняття коштів завершена.
2024-11-21 10:19:34 [main] INFO  com.my_complex_lab.Commands.WithdrawEarly - Початок процедури дострокового зняття коштів.
2024-11-21 10:19:34 [main] WARN  com.my_complex_lab.Commands.WithdrawEarly - Не знайдено депозит з ID 999.
2024-11-21 10:19:34 [main] INFO  com.my_complex_lab.Commands.WithdrawEarly - Процедура дострокового зняття коштів завершена.
2024-11-21 10:19:34 [main] INFO  com.my_complex_lab.Commands.ViewMyDeposits - Перегляд власних депозитів розпочато.
2024-11-21 10:19:34 [main] INFO  com.my_complex_lab.Commands.ViewMyDeposits - Відображено депозит №1: Deposit 1: Bank A, Type U, Balance 1000
2024-11-21 10:19:34 [main] INFO  com.my_complex_lab.Commands.ViewMyDeposits - Відображено депозит №2: Deposit 2: Bank B, Type О, Balance 2000
2024-11-21 10:19:34 [main] INFO  com.my_complex_lab.Commands.ViewMyDeposits - Перегляд власних депозитів завершено.
2024-11-21 10:19:34 [main] INFO  com.my_complex_lab.Commands.SortDeposits - Сортування депозитів
2024-11-21 10:20:15 [main] INFO  com.my_complex_lab.Commands.LoadDeposit - Завантаження депозитів з файлу...
2024-11-21 10:20:15 [main] ERROR com.my_complex_lab.Commands.LoadDeposit - Файл не знайдено C:\pp\deposit.txt (The system cannot find the file specified)
2024-11-26 00:10:35 [main] INFO  com.my_complex_lab.Commands.LoadDeposit - Завантаження депозитів з файлу...
2024-11-26 00:10:35 [main] ERROR com.my_complex_lab.Commands.LoadDeposit - Файл не знайдено C:\pp\deposit.txt (The system cannot find the file specified)
2024-11-26 00:12:53 [main] INFO  com.my_complex_lab.Commands.LoadDeposit - Завантаження депозитів з файлу...
2024-11-26 00:12:54 [main] ERROR com.my_complex_lab.Commands.LoadDeposit - Файл не знайдено C:\pp\deposit.txt (The system cannot find the file specified)
2024-11-26 00:14:07 [main] INFO  com.my_complex_lab.Commands.ViewAllDeposits - Перегляд усіх депозитів розпочато.
2024-11-26 00:14:07 [main] INFO  com.my_complex_lab.Commands.ViewAllDeposits - Перегляд усіх депозитів завершено.
2024-11-26 00:14:07 [main] INFO  com.my_complex_lab.Commands.PickDeposit - Обираємо депозити...
2024-11-26 00:14:07 [main] ERROR com.my_complex_lab.Commands.PickDeposit - Некоректне введення: очікується число.
java.lang.NumberFormatException: For input string: "invalid"
	at java.lang.NumberFormatException.forInputString(NumberFormatException.java:67) ~[?:?]
	at java.lang.Integer.parseInt(Integer.java:588) ~[?:?]
	at java.lang.Integer.parseInt(Integer.java:685) ~[?:?]
	at com.my_complex_lab.Commands.PickDeposit.execute(PickDeposit.java:40) ~[classes/:?]
	at com.my_complex_lab.Commands.PickDepositTest.testPickDepositInvalidInput(PickDepositTest.java:76) ~[test-classes/:?]
	at jdk.internal.reflect.DirectMethodHandleAccessor.invoke(DirectMethodHandleAccessor.java:103) ~[?:?]
	at java.lang.reflect.Method.invoke(Method.java:580) ~[?:?]
	at org.junit.platform.commons.util.ReflectionUtils.invokeMethod(ReflectionUtils.java:725) ~[junit-platform-commons-1.8.2.jar:1.8.2]
	at org.junit.jupiter.engine.execution.MethodInvocation.proceed(MethodInvocation.java:60) ~[junit-jupiter-engine-5.8.2.jar:5.8.2]
	at org.junit.jupiter.engine.execution.InvocationInterceptorChain$ValidatingInvocation.proceed(InvocationInterceptorChain.java:131) ~[junit-jupiter-engine-5.8.2.jar:5.8.2]
	at org.junit.jupiter.engine.extension.TimeoutExtension.intercept(TimeoutExtension.java:149) ~[junit-jupiter-engine-5.8.2.jar:5.8.2]
	at org.junit.jupiter.engine.extension.TimeoutExtension.interceptTestableMethod(TimeoutExtension.java:140) ~[junit-jupiter-engine-5.8.2.jar:5.8.2]
	at org.junit.jupiter.engine.extension.TimeoutExtension.interceptTestMethod(TimeoutExtension.java:84) ~[junit-jupiter-engine-5.8.2.jar:5.8.2]
	at org.junit.jupiter.engine.execution.ExecutableInvoker$ReflectiveInterceptorCall.lambda$ofVoidMethod$0(ExecutableInvoker.java:115) ~[junit-jupiter-engine-5.8.2.jar:5.8.2]
	at org.junit.jupiter.engine.execution.ExecutableInvoker.lambda$invoke$0(ExecutableInvoker.java:105) ~[junit-jupiter-engine-5.8.2.jar:5.8.2]
	at org.junit.jupiter.engine.execution.InvocationInterceptorChain$InterceptedInvocation.proceed(InvocationInterceptorChain.java:106) ~[junit-jupiter-engine-5.8.2.jar:5.8.2]
	at org.junit.jupiter.engine.execution.InvocationInterceptorChain.proceed(InvocationInterceptorChain.java:64) ~[junit-jupiter-engine-5.8.2.jar:5.8.2]
	at org.junit.jupiter.engine.execution.InvocationInterceptorChain.chainAndInvoke(InvocationInterceptorChain.java:45) ~[junit-jupiter-engine-5.8.2.jar:5.8.2]
	at org.junit.jupiter.engine.execution.InvocationInterceptorChain.invoke(InvocationInterceptorChain.java:37) ~[junit-jupiter-engine-5.8.2.jar:5.8.2]
	at org.junit.jupiter.engine.execution.ExecutableInvoker.invoke(ExecutableInvoker.java:104) ~[junit-jupiter-engine-5.8.2.jar:5.8.2]
	at org.junit.jupiter.engine.execution.ExecutableInvoker.invoke(ExecutableInvoker.java:98) ~[junit-jupiter-engine-5.8.2.jar:5.8.2]
	at org.junit.jupiter.engine.descriptor.TestMethodTestDescriptor.lambda$invokeTestMethod$7(TestMethodTestDescriptor.java:214) ~[junit-jupiter-engine-5.8.2.jar:5.8.2]
	at org.junit.platform.engine.support.hierarchical.ThrowableCollector.execute(ThrowableCollector.java:73) ~[junit-platform-engine-1.8.2.jar:1.8.2]
	at org.junit.jupiter.engine.descriptor.TestMethodTestDescriptor.invokeTestMethod(TestMethodTestDescriptor.java:210) ~[junit-jupiter-engine-5.8.2.jar:5.8.2]
	at org.junit.jupiter.engine.descriptor.TestMethodTestDescriptor.execute(TestMethodTestDescriptor.java:135) ~[junit-jupiter-engine-5.8.2.jar:5.8.2]
	at org.junit.jupiter.engine.descriptor.TestMethodTestDescriptor.execute(TestMethodTestDescriptor.java:66) ~[junit-jupiter-engine-5.8.2.jar:5.8.2]
	at org.junit.platform.engine.support.hierarchical.NodeTestTask.lambda$executeRecursively$6(NodeTestTask.java:151) ~[junit-platform-engine-1.8.2.jar:1.8.2]
	at org.junit.platform.engine.support.hierarchical.ThrowableCollector.execute(ThrowableCollector.java:73) ~[junit-platform-engine-1.8.2.jar:1.8.2]
	at org.junit.platform.engine.support.hierarchical.NodeTestTask.lambda$executeRecursively$8(NodeTestTask.java:141) ~[junit-platform-engine-1.8.2.jar:1.8.2]
	at org.junit.platform.engine.support.hierarchical.Node.around(Node.java:137) ~[junit-platform-engine-1.8.2.jar:1.8.2]
	at org.junit.platform.engine.support.hierarchical.NodeTestTask.lambda$executeRecursively$9(NodeTestTask.java:139) ~[junit-platform-engine-1.8.2.jar:1.8.2]
	at org.junit.platform.engine.support.hierarchical.ThrowableCollector.execute(ThrowableCollector.java:73) ~[junit-platform-engine-1.8.2.jar:1.8.2]
	at org.junit.platform.engine.support.hierarchical.NodeTestTask.executeRecursively(NodeTestTask.java:138) ~[junit-platform-engine-1.8.2.jar:1.8.2]
	at org.junit.platform.engine.support.hierarchical.NodeTestTask.execute(NodeTestTask.java:95) ~[junit-platform-engine-1.8.2.jar:1.8.2]
	at java.util.ArrayList.forEach(ArrayList.java:1597) ~[?:?]
	at org.junit.platform.engine.support.hierarchical.SameThreadHierarchicalTestExecutorService.invokeAll(SameThreadHierarchicalTestExecutorService.java:41) ~[junit-platform-engine-1.8.2.jar:1.8.2]
	at org.junit.platform.engine.support.hierarchical.NodeTestTask.lambda$executeRecursively$6(NodeTestTask.java:155) ~[junit-platform-engine-1.8.2.jar:1.8.2]
	at org.junit.platform.engine.support.hierarchical.ThrowableCollector.execute(ThrowableCollector.java:73) ~[junit-platform-engine-1.8.2.jar:1.8.2]
	at org.junit.platform.engine.support.hierarchical.NodeTestTask.lambda$executeRecursively$8(NodeTestTask.java:141) ~[junit-platform-engine-1.8.2.jar:1.8.2]
	at org.junit.platform.engine.support.hierarchical.Node.around(Node.java:137) ~[junit-platform-engine-1.8.2.jar:1.8.2]
	at org.junit.platform.engine.support.hierarchical.NodeTestTask.lambda$executeRecursively$9(NodeTestTask.java:139) ~[junit-platform-engine-1.8.2.jar:1.8.2]
	at org.junit.platform.engine.support.hierarchical.ThrowableCollector.execute(ThrowableCollector.java:73) ~[junit-platform-engine-1.8.2.jar:1.8.2]
	at org.junit.platform.engine.support.hierarchical.NodeTestTask.executeRecursively(NodeTestTask.java:138) ~[junit-platform-engine-1.8.2.jar:1.8.2]
	at org.junit.platform.engine.support.hierarchical.NodeTestTask.execute(NodeTestTask.java:95) ~[junit-platform-engine-1.8.2.jar:1.8.2]
	at java.util.ArrayList.forEach(ArrayList.java:1597) ~[?:?]
	at org.junit.platform.engine.support.hierarchical.SameThreadHierarchicalTestExecutorService.invokeAll(SameThreadHierarchicalTestExecutorService.java:41) ~[junit-platform-engine-1.8.2.jar:1.8.2]
	at org.junit.platform.engine.support.hierarchical.NodeTestTask.lambda$executeRecursively$6(NodeTestTask.java:155) ~[junit-platform-engine-1.8.2.jar:1.8.2]
	at org.junit.platform.engine.support.hierarchical.ThrowableCollector.execute(ThrowableCollector.java:73) ~[junit-platform-engine-1.8.2.jar:1.8.2]
	at org.junit.platform.engine.support.hierarchical.NodeTestTask.lambda$executeRecursively$8(NodeTestTask.java:141) ~[junit-platform-engine-1.8.2.jar:1.8.2]
	at org.junit.platform.engine.support.hierarchical.Node.around(Node.java:137) ~[junit-platform-engine-1.8.2.jar:1.8.2]
	at org.junit.platform.engine.support.hierarchical.NodeTestTask.lambda$executeRecursively$9(NodeTestTask.java:139) ~[junit-platform-engine-1.8.2.jar:1.8.2]
	at org.junit.platform.engine.support.hierarchical.ThrowableCollector.execute(ThrowableCollector.java:73) ~[junit-platform-engine-1.8.2.jar:1.8.2]
	at org.junit.platform.engine.support.hierarchical.NodeTestTask.executeRecursively(NodeTestTask.java:138) ~[junit-platform-engine-1.8.2.jar:1.8.2]
	at org.junit.platform.engine.support.hierarchical.NodeTestTask.execute(NodeTestTask.java:95) ~[junit-platform-engine-1.8.2.jar:1.8.2]
	at org.junit.platform.engine.support.hierarchical.SameThreadHierarchicalTestExecutorService.submit(SameThreadHierarchicalTestExecutorService.java:35) ~[junit-platform-engine-1.8.2.jar:1.8.2]
	at org.junit.platform.engine.support.hierarchical.HierarchicalTestExecutor.execute(HierarchicalTestExecutor.java:57) ~[junit-platform-engine-1.8.2.jar:1.8.2]
	at org.junit.platform.engine.support.hierarchical.HierarchicalTestEngine.execute(HierarchicalTestEngine.java:54) ~[junit-platform-engine-1.8.2.jar:1.8.2]
	at org.junit.platform.launcher.core.EngineExecutionOrchestrator.execute(EngineExecutionOrchestrator.java:107) ~[junit-platform-launcher-1.8.2.jar:1.8.2]
	at org.junit.platform.launcher.core.EngineExecutionOrchestrator.execute(EngineExecutionOrchestrator.java:88) ~[junit-platform-launcher-1.8.2.jar:1.8.2]
	at org.junit.platform.launcher.core.EngineExecutionOrchestrator.lambda$execute$0(EngineExecutionOrchestrator.java:54) ~[junit-platform-launcher-1.8.2.jar:1.8.2]
	at org.junit.platform.launcher.core.EngineExecutionOrchestrator.withInterceptedStreams(EngineExecutionOrchestrator.java:67) [junit-platform-launcher-1.8.2.jar:1.8.2]
	at org.junit.platform.launcher.core.EngineExecutionOrchestrator.execute(EngineExecutionOrchestrator.java:52) [junit-platform-launcher-1.8.2.jar:1.8.2]
	at org.junit.platform.launcher.core.DefaultLauncher.execute(DefaultLauncher.java:114) [junit-platform-launcher-1.8.2.jar:1.8.2]
	at org.junit.platform.launcher.core.DefaultLauncher.execute(DefaultLauncher.java:86) [junit-platform-launcher-1.8.2.jar:1.8.2]
	at org.junit.platform.launcher.core.DefaultLauncherSession$DelegatingLauncher.execute(DefaultLauncherSession.java:86) [junit-platform-launcher-1.8.2.jar:1.8.2]
	at org.junit.platform.launcher.core.SessionPerRequestLauncher.execute(SessionPerRequestLauncher.java:53) [junit-platform-launcher-1.8.2.jar:1.8.2]
	at com.intellij.junit5.JUnit5IdeaTestRunner.startRunnerWithArgs(JUnit5IdeaTestRunner.java:57) [junit5-rt.jar:?]
	at com.intellij.rt.junit.IdeaTestRunner$Repeater$1.execute(IdeaTestRunner.java:38) [junit-rt.jar:?]
	at com.intellij.rt.execution.junit.TestsRepeater.repeat(TestsRepeater.java:11) [idea_rt.jar:?]
	at com.intellij.rt.junit.IdeaTestRunner$Repeater.startRunnerWithArgs(IdeaTestRunner.java:35) [junit-rt.jar:?]
	at com.intellij.rt.junit.JUnitStarter.prepareStreamsAndStart(JUnitStarter.java:232) [junit-rt.jar:?]
	at com.intellij.rt.junit.JUnitStarter.main(JUnitStarter.java:55) [junit-rt.jar:?]
2024-11-26 00:14:08 [main] INFO  com.my_complex_lab.Commands.PickDeposit - 
Ви завершили вибір депозитів.
2024-11-26 00:14:08 [main] INFO  com.my_complex_lab.Commands.PickDeposit - Обираємо депозити...
2024-11-26 00:14:08 [main] INFO  com.my_complex_lab.Commands.PickDeposit - 
Ви завершили вибір депозитів.
2024-11-26 00:14:08 [main] INFO  com.my_complex_lab.Commands.PickDeposit - Обираємо депозити...
2024-11-26 00:14:08 [main] INFO  com.my_complex_lab.Commands.PickDeposit - 
Ви завершили вибір депозитів.
2024-11-26 00:14:08 [main] INFO  com.my_complex_lab.Menu.MyDepositsMenu - Меню депозитів показано користувачеві
2024-11-26 00:14:08 [main] INFO  com.my_complex_lab.Commands.FindDeposit - Пошук депозиту розпочато.
2024-11-26 00:14:08 [main] INFO  com.my_complex_lab.Commands.FindDeposit - Користувач шукає депозити типу: Н
2024-11-26 00:14:08 [main] WARN  com.my_complex_lab.Commands.FindDeposit - Депозити типу 'Н' не знайдені.
2024-11-26 00:14:08 [main] INFO  com.my_complex_lab.Commands.FindDeposit - Пошук депозиту завершено.
2024-11-26 00:14:08 [main] INFO  com.my_complex_lab.Commands.FindDeposit - Пошук депозиту розпочато.
2024-11-26 00:14:08 [main] WARN  com.my_complex_lab.Commands.FindDeposit - Некоректний вибір критерію: 3
2024-11-26 00:14:08 [main] INFO  com.my_complex_lab.Commands.FindDeposit - Пошук депозиту завершено.
2024-11-26 00:14:08 [main] INFO  com.my_complex_lab.Commands.FindDeposit - Пошук депозиту розпочато.
2024-11-26 00:14:08 [main] INFO  com.my_complex_lab.Commands.FindDeposit - Користувач шукає депозити банку: Nonexistent Bank
2024-11-26 00:14:08 [main] WARN  com.my_complex_lab.Commands.FindDeposit - Депозити банку 'Nonexistent Bank' не знайдені.
2024-11-26 00:14:08 [main] INFO  com.my_complex_lab.Commands.FindDeposit - Пошук депозиту завершено.
2024-11-26 00:14:08 [main] INFO  com.my_complex_lab.Menu.DepositManageMenu - Відображення меню депозитів....
2024-11-26 00:14:08 [main] INFO  com.my_complex_lab.Commands.WithdrawEarly - Початок процедури дострокового зняття коштів.
2024-11-26 00:14:08 [main] ERROR com.my_complex_lab.Commands.WithdrawEarly - Помилка вводу під час зняття коштів: null
2024-11-26 00:14:08 [main] INFO  com.my_complex_lab.Commands.WithdrawEarly - Процедура дострокового зняття коштів завершена.
2024-11-26 00:14:08 [main] INFO  com.my_complex_lab.Commands.WithdrawEarly - Початок процедури дострокового зняття коштів.
2024-11-26 00:14:08 [main] INFO  com.my_complex_lab.Commands.WithdrawEarly - Знайдено депозит з ID 123: Mock for Deposit, hashCode: 629313573
2024-11-26 00:14:08 [main] WARN  com.my_complex_lab.Commands.WithdrawEarly - Спроба зняти недопустиму суму: -500
2024-11-26 00:14:08 [main] INFO  com.my_complex_lab.Commands.WithdrawEarly - Початок процедури дострокового зняття коштів.
2024-11-26 00:14:08 [main] INFO  com.my_complex_lab.Commands.WithdrawEarly - Знайдено депозит з ID 123: Mock for Deposit, hashCode: 880781787
2024-11-26 00:14:08 [main] INFO  com.my_complex_lab.Commands.WithdrawEarly - Успішно знято 500 з депозиту з ID 123.
2024-11-26 00:14:08 [main] INFO  com.my_complex_lab.Commands.WithdrawEarly - Процедура дострокового зняття коштів завершена.
2024-11-26 00:14:08 [main] INFO  com.my_complex_lab.Commands.WithdrawEarly - Початок процедури дострокового зняття коштів.
2024-11-26 00:14:08 [main] WARN  com.my_complex_lab.Commands.WithdrawEarly - Не знайдено депозит з ID 999.
2024-11-26 00:14:08 [main] INFO  com.my_complex_lab.Commands.WithdrawEarly - Процедура дострокового зняття коштів завершена.
2024-11-26 00:14:08 [main] INFO  com.my_complex_lab.Commands.ViewMyDeposits - Перегляд власних депозитів розпочато.
2024-11-26 00:14:08 [main] INFO  com.my_complex_lab.Commands.ViewMyDeposits - Відображено депозит №1: Deposit 1: Bank A, Type U, Balance 1000
2024-11-26 00:14:08 [main] INFO  com.my_complex_lab.Commands.ViewMyDeposits - Відображено депозит №2: Deposit 2: Bank B, Type О, Balance 2000
2024-11-26 00:14:08 [main] INFO  com.my_complex_lab.Commands.ViewMyDeposits - Перегляд власних депозитів завершено.
2024-11-26 00:14:08 [main] INFO  com.my_complex_lab.Commands.SortDeposits - Сортування депозитів
